30-Oct-2023 22:19:31.692 INFO [main] org.apache.catalina.startup.VersionLoggerListener.log Server version name:   Apache Tomcat/9.0.82
30-Oct-2023 22:19:31.694 INFO [main] org.apache.catalina.startup.VersionLoggerListener.log Server built:          Oct 11 2023 13:15:08 UTC
30-Oct-2023 22:19:31.694 INFO [main] org.apache.catalina.startup.VersionLoggerListener.log Server version number: 9.0.82.0
30-Oct-2023 22:19:31.694 INFO [main] org.apache.catalina.startup.VersionLoggerListener.log OS Name:               Mac OS X
30-Oct-2023 22:19:31.694 INFO [main] org.apache.catalina.startup.VersionLoggerListener.log OS Version:            14.1
30-Oct-2023 22:19:31.694 INFO [main] org.apache.catalina.startup.VersionLoggerListener.log Architecture:          aarch64
30-Oct-2023 22:19:31.694 INFO [main] org.apache.catalina.startup.VersionLoggerListener.log Java Home:             /Library/Java/JavaVirtualMachines/temurin-17.jdk/Contents/Home
30-Oct-2023 22:19:31.694 INFO [main] org.apache.catalina.startup.VersionLoggerListener.log JVM Version:           17.0.8.1+1
30-Oct-2023 22:19:31.694 INFO [main] org.apache.catalina.startup.VersionLoggerListener.log JVM Vendor:            Eclipse Adoptium
30-Oct-2023 22:19:31.694 INFO [main] org.apache.catalina.startup.VersionLoggerListener.log CATALINA_BASE:         /Users/balakumaranb/JavaServerProjects/apache-tomcat-9.0.82
30-Oct-2023 22:19:31.694 INFO [main] org.apache.catalina.startup.VersionLoggerListener.log CATALINA_HOME:         /Users/balakumaranb/JavaServerProjects/apache-tomcat-9.0.82
30-Oct-2023 22:19:31.701 INFO [main] org.apache.catalina.startup.VersionLoggerListener.log Command line argument: --add-opens=java.base/java.lang=ALL-UNNAMED
30-Oct-2023 22:19:31.701 INFO [main] org.apache.catalina.startup.VersionLoggerListener.log Command line argument: --add-opens=java.base/java.io=ALL-UNNAMED
30-Oct-2023 22:19:31.701 INFO [main] org.apache.catalina.startup.VersionLoggerListener.log Command line argument: --add-opens=java.base/java.util=ALL-UNNAMED
30-Oct-2023 22:19:31.701 INFO [main] org.apache.catalina.startup.VersionLoggerListener.log Command line argument: --add-opens=java.base/java.util.concurrent=ALL-UNNAMED
30-Oct-2023 22:19:31.701 INFO [main] org.apache.catalina.startup.VersionLoggerListener.log Command line argument: --add-opens=java.rmi/sun.rmi.transport=ALL-UNNAMED
30-Oct-2023 22:19:31.701 INFO [main] org.apache.catalina.startup.VersionLoggerListener.log Command line argument: -Djava.util.logging.config.file=/Users/balakumaranb/JavaServerProjects/apache-tomcat-9.0.82/conf/logging.properties
30-Oct-2023 22:19:31.701 INFO [main] org.apache.catalina.startup.VersionLoggerListener.log Command line argument: -Djava.util.logging.manager=org.apache.juli.ClassLoaderLogManager
30-Oct-2023 22:19:31.701 INFO [main] org.apache.catalina.startup.VersionLoggerListener.log Command line argument: -Djdk.tls.ephemeralDHKeySize=2048
30-Oct-2023 22:19:31.701 INFO [main] org.apache.catalina.startup.VersionLoggerListener.log Command line argument: -Djava.protocol.handler.pkgs=org.apache.catalina.webresources
30-Oct-2023 22:19:31.701 INFO [main] org.apache.catalina.startup.VersionLoggerListener.log Command line argument: -Dorg.apache.catalina.security.SecurityListener.UMASK=0027
30-Oct-2023 22:19:31.701 INFO [main] org.apache.catalina.startup.VersionLoggerListener.log Command line argument: -Dignore.endorsed.dirs=
30-Oct-2023 22:19:31.701 INFO [main] org.apache.catalina.startup.VersionLoggerListener.log Command line argument: -Dcatalina.base=/Users/balakumaranb/JavaServerProjects/apache-tomcat-9.0.82
30-Oct-2023 22:19:31.701 INFO [main] org.apache.catalina.startup.VersionLoggerListener.log Command line argument: -Dcatalina.home=/Users/balakumaranb/JavaServerProjects/apache-tomcat-9.0.82
30-Oct-2023 22:19:31.701 INFO [main] org.apache.catalina.startup.VersionLoggerListener.log Command line argument: -Djava.io.tmpdir=/Users/balakumaranb/JavaServerProjects/apache-tomcat-9.0.82/temp
30-Oct-2023 22:19:31.706 INFO [main] org.apache.catalina.core.AprLifecycleListener.lifecycleEvent The Apache Tomcat Native library which allows using OpenSSL was not found on the java.library.path: [/Users/balakumaranb/Library/Java/Extensions:/Library/Java/Extensions:/Network/Library/Java/Extensions:/System/Library/Java/Extensions:/usr/lib/java:.]
30-Oct-2023 22:19:31.826 INFO [main] org.apache.coyote.AbstractProtocol.init Initializing ProtocolHandler ["http-nio-8080"]
30-Oct-2023 22:19:31.839 INFO [main] org.apache.catalina.startup.Catalina.load Server initialization in [224] milliseconds
30-Oct-2023 22:19:31.855 INFO [main] org.apache.catalina.core.StandardService.startInternal Starting service [Catalina]
30-Oct-2023 22:19:31.855 INFO [main] org.apache.catalina.core.StandardEngine.startInternal Starting Servlet engine: [Apache Tomcat/9.0.82]
30-Oct-2023 22:19:31.858 INFO [main] org.apache.catalina.startup.HostConfig.deployDirectory Deploying web application directory [/Users/balakumaranb/JavaServerProjects/apache-tomcat-9.0.82/webapps/docs]
30-Oct-2023 22:19:31.963 INFO [main] org.apache.catalina.startup.HostConfig.deployDirectory Deployment of web application directory [/Users/balakumaranb/JavaServerProjects/apache-tomcat-9.0.82/webapps/docs] has finished in [104] ms
30-Oct-2023 22:19:31.963 INFO [main] org.apache.catalina.startup.HostConfig.deployDirectory Deploying web application directory [/Users/balakumaranb/JavaServerProjects/apache-tomcat-9.0.82/webapps/BattleShip]
30-Oct-2023 22:19:31.972 SEVERE [main] org.apache.catalina.startup.HostConfig.deployDirectory Error deploying web application directory [/Users/balakumaranb/JavaServerProjects/apache-tomcat-9.0.82/webapps/BattleShip]
	java.lang.IllegalStateException: Error starting child
		at org.apache.catalina.core.ContainerBase.addChildInternal(ContainerBase.java:686)
		at org.apache.catalina.core.ContainerBase.addChild(ContainerBase.java:658)
		at org.apache.catalina.core.StandardHost.addChild(StandardHost.java:661)
		at org.apache.catalina.startup.HostConfig.deployDirectory(HostConfig.java:1184)
		at org.apache.catalina.startup.HostConfig$DeployDirectory.run(HostConfig.java:1932)
		at java.base/java.util.concurrent.Executors$RunnableAdapter.call(Executors.java:539)
		at java.base/java.util.concurrent.FutureTask.run(FutureTask.java:264)
		at org.apache.tomcat.util.threads.InlineExecutorService.execute(InlineExecutorService.java:75)
		at java.base/java.util.concurrent.AbstractExecutorService.submit(AbstractExecutorService.java:123)
		at org.apache.catalina.startup.HostConfig.deployDirectories(HostConfig.java:1094)
		at org.apache.catalina.startup.HostConfig.deployApps(HostConfig.java:476)
		at org.apache.catalina.startup.HostConfig.start(HostConfig.java:1617)
		at org.apache.catalina.startup.HostConfig.lifecycleEvent(HostConfig.java:318)
		at org.apache.catalina.util.LifecycleBase.fireLifecycleEvent(LifecycleBase.java:114)
		at org.apache.catalina.util.LifecycleBase.setStateInternal(LifecycleBase.java:402)
		at org.apache.catalina.util.LifecycleBase.setState(LifecycleBase.java:345)
		at org.apache.catalina.core.ContainerBase.startInternal(ContainerBase.java:893)
		at org.apache.catalina.core.StandardHost.startInternal(StandardHost.java:794)
		at org.apache.catalina.util.LifecycleBase.start(LifecycleBase.java:171)
		at org.apache.catalina.core.ContainerBase$StartChild.call(ContainerBase.java:1332)
		at org.apache.catalina.core.ContainerBase$StartChild.call(ContainerBase.java:1322)
		at java.base/java.util.concurrent.FutureTask.run(FutureTask.java:264)
		at org.apache.tomcat.util.threads.InlineExecutorService.execute(InlineExecutorService.java:75)
		at java.base/java.util.concurrent.AbstractExecutorService.submit(AbstractExecutorService.java:145)
		at org.apache.catalina.core.ContainerBase.startInternal(ContainerBase.java:866)
		at org.apache.catalina.core.StandardEngine.startInternal(StandardEngine.java:248)
		at org.apache.catalina.util.LifecycleBase.start(LifecycleBase.java:171)
		at org.apache.catalina.core.StandardService.startInternal(StandardService.java:433)
		at org.apache.catalina.util.LifecycleBase.start(LifecycleBase.java:171)
		at org.apache.catalina.core.StandardServer.startInternal(StandardServer.java:921)
		at org.apache.catalina.util.LifecycleBase.start(LifecycleBase.java:171)
		at org.apache.catalina.startup.Catalina.start(Catalina.java:772)
		at java.base/jdk.internal.reflect.NativeMethodAccessorImpl.invoke0(Native Method)
		at java.base/jdk.internal.reflect.NativeMethodAccessorImpl.invoke(NativeMethodAccessorImpl.java:77)
		at java.base/jdk.internal.reflect.DelegatingMethodAccessorImpl.invoke(DelegatingMethodAccessorImpl.java:43)
		at java.base/java.lang.reflect.Method.invoke(Method.java:568)
		at org.apache.catalina.startup.Bootstrap.start(Bootstrap.java:347)
		at org.apache.catalina.startup.Bootstrap.main(Bootstrap.java:478)
	Caused by: org.apache.catalina.LifecycleException: Failed to start component [StandardEngine[Catalina].StandardHost[localhost].StandardContext[/BattleShip]]
		at org.apache.catalina.util.LifecycleBase.handleSubClassException(LifecycleBase.java:419)
		at org.apache.catalina.util.LifecycleBase.start(LifecycleBase.java:186)
		at org.apache.catalina.core.ContainerBase.addChildInternal(ContainerBase.java:683)
		... 37 more
	Caused by: java.lang.IllegalArgumentException: Invalid <url-pattern> [null] in servlet mapping
		at org.apache.catalina.core.StandardContext.addServletMappingDecoded(StandardContext.java:3032)
		at org.apache.catalina.Context.addServletMappingDecoded(Context.java:917)
		at org.apache.catalina.startup.ContextConfig.configureContext(ContextConfig.java:1567)
		at org.apache.catalina.startup.ContextConfig.webConfig(ContextConfig.java:1334)
		at org.apache.catalina.startup.ContextConfig.configureStart(ContextConfig.java:991)
		at org.apache.catalina.startup.ContextConfig.lifecycleEvent(ContextConfig.java:304)
		at org.apache.catalina.util.LifecycleBase.fireLifecycleEvent(LifecycleBase.java:114)
		at org.apache.catalina.core.StandardContext.startInternal(StandardContext.java:4820)
		at org.apache.catalina.util.LifecycleBase.start(LifecycleBase.java:171)
		... 38 more
30-Oct-2023 22:19:31.972 INFO [main] org.apache.catalina.startup.HostConfig.deployDirectory Deployment of web application directory [/Users/balakumaranb/JavaServerProjects/apache-tomcat-9.0.82/webapps/BattleShip] has finished in [9] ms
30-Oct-2023 22:19:31.972 INFO [main] org.apache.catalina.startup.HostConfig.deployDirectory Deploying web application directory [/Users/balakumaranb/JavaServerProjects/apache-tomcat-9.0.82/webapps/manager]
30-Oct-2023 22:19:31.986 INFO [main] org.apache.catalina.startup.HostConfig.deployDirectory Deployment of web application directory [/Users/balakumaranb/JavaServerProjects/apache-tomcat-9.0.82/webapps/manager] has finished in [14] ms
30-Oct-2023 22:19:31.987 INFO [main] org.apache.catalina.startup.HostConfig.deployDirectory Deploying web application directory [/Users/balakumaranb/JavaServerProjects/apache-tomcat-9.0.82/webapps/examples]
30-Oct-2023 22:19:32.085 INFO [main] org.apache.catalina.startup.HostConfig.deployDirectory Deployment of web application directory [/Users/balakumaranb/JavaServerProjects/apache-tomcat-9.0.82/webapps/examples] has finished in [99] ms
30-Oct-2023 22:19:32.086 INFO [main] org.apache.catalina.startup.HostConfig.deployDirectory Deploying web application directory [/Users/balakumaranb/JavaServerProjects/apache-tomcat-9.0.82/webapps/ROOT]
30-Oct-2023 22:19:32.093 INFO [main] org.apache.catalina.startup.HostConfig.deployDirectory Deployment of web application directory [/Users/balakumaranb/JavaServerProjects/apache-tomcat-9.0.82/webapps/ROOT] has finished in [7] ms
30-Oct-2023 22:19:32.093 INFO [main] org.apache.catalina.startup.HostConfig.deployDirectory Deploying web application directory [/Users/balakumaranb/JavaServerProjects/apache-tomcat-9.0.82/webapps/host-manager]
30-Oct-2023 22:19:32.104 INFO [main] org.apache.catalina.startup.HostConfig.deployDirectory Deployment of web application directory [/Users/balakumaranb/JavaServerProjects/apache-tomcat-9.0.82/webapps/host-manager] has finished in [11] ms
30-Oct-2023 22:19:32.105 INFO [main] org.apache.coyote.AbstractProtocol.start Starting ProtocolHandler ["http-nio-8080"]
30-Oct-2023 22:19:32.110 INFO [main] org.apache.catalina.startup.Catalina.start Server startup in [270] milliseconds
30-Oct-2023 22:20:25.808 INFO [main] org.apache.catalina.core.StandardServer.await A valid shutdown command was received via the shutdown port. Stopping the Server instance.
30-Oct-2023 22:20:25.809 INFO [main] org.apache.coyote.AbstractProtocol.pause Pausing ProtocolHandler ["http-nio-8080"]
30-Oct-2023 22:20:25.811 INFO [main] org.apache.catalina.core.StandardService.stopInternal Stopping service [Catalina]
30-Oct-2023 22:20:25.820 INFO [main] org.apache.coyote.AbstractProtocol.stop Stopping ProtocolHandler ["http-nio-8080"]
30-Oct-2023 22:20:25.822 INFO [main] org.apache.coyote.AbstractProtocol.destroy Destroying ProtocolHandler ["http-nio-8080"]
