01-Nov-2023 09:39:31.174 INFO [main] org.apache.catalina.startup.VersionLoggerListener.log Server version name:   Apache Tomcat/9.0.82
01-Nov-2023 09:39:31.176 INFO [main] org.apache.catalina.startup.VersionLoggerListener.log Server built:          Oct 11 2023 13:15:08 UTC
01-Nov-2023 09:39:31.176 INFO [main] org.apache.catalina.startup.VersionLoggerListener.log Server version number: 9.0.82.0
01-Nov-2023 09:39:31.176 INFO [main] org.apache.catalina.startup.VersionLoggerListener.log OS Name:               Mac OS X
01-Nov-2023 09:39:31.176 INFO [main] org.apache.catalina.startup.VersionLoggerListener.log OS Version:            14.1
01-Nov-2023 09:39:31.176 INFO [main] org.apache.catalina.startup.VersionLoggerListener.log Architecture:          aarch64
01-Nov-2023 09:39:31.176 INFO [main] org.apache.catalina.startup.VersionLoggerListener.log Java Home:             /Library/Java/JavaVirtualMachines/temurin-17.jdk/Contents/Home
01-Nov-2023 09:39:31.176 INFO [main] org.apache.catalina.startup.VersionLoggerListener.log JVM Version:           17.0.8.1+1
01-Nov-2023 09:39:31.176 INFO [main] org.apache.catalina.startup.VersionLoggerListener.log JVM Vendor:            Eclipse Adoptium
01-Nov-2023 09:39:31.177 INFO [main] org.apache.catalina.startup.VersionLoggerListener.log CATALINA_BASE:         /Users/balakumaranb/JavaServerProjects/apache-tomcat-9.0.82
01-Nov-2023 09:39:31.177 INFO [main] org.apache.catalina.startup.VersionLoggerListener.log CATALINA_HOME:         /Users/balakumaranb/JavaServerProjects/apache-tomcat-9.0.82
01-Nov-2023 09:39:31.183 INFO [main] org.apache.catalina.startup.VersionLoggerListener.log Command line argument: --add-opens=java.base/java.lang=ALL-UNNAMED
01-Nov-2023 09:39:31.183 INFO [main] org.apache.catalina.startup.VersionLoggerListener.log Command line argument: --add-opens=java.base/java.io=ALL-UNNAMED
01-Nov-2023 09:39:31.183 INFO [main] org.apache.catalina.startup.VersionLoggerListener.log Command line argument: --add-opens=java.base/java.util=ALL-UNNAMED
01-Nov-2023 09:39:31.183 INFO [main] org.apache.catalina.startup.VersionLoggerListener.log Command line argument: --add-opens=java.base/java.util.concurrent=ALL-UNNAMED
01-Nov-2023 09:39:31.183 INFO [main] org.apache.catalina.startup.VersionLoggerListener.log Command line argument: --add-opens=java.rmi/sun.rmi.transport=ALL-UNNAMED
01-Nov-2023 09:39:31.183 INFO [main] org.apache.catalina.startup.VersionLoggerListener.log Command line argument: -Djava.util.logging.config.file=/Users/balakumaranb/JavaServerProjects/apache-tomcat-9.0.82/conf/logging.properties
01-Nov-2023 09:39:31.183 INFO [main] org.apache.catalina.startup.VersionLoggerListener.log Command line argument: -Djava.util.logging.manager=org.apache.juli.ClassLoaderLogManager
01-Nov-2023 09:39:31.183 INFO [main] org.apache.catalina.startup.VersionLoggerListener.log Command line argument: -Djdk.tls.ephemeralDHKeySize=2048
01-Nov-2023 09:39:31.183 INFO [main] org.apache.catalina.startup.VersionLoggerListener.log Command line argument: -Djava.protocol.handler.pkgs=org.apache.catalina.webresources
01-Nov-2023 09:39:31.183 INFO [main] org.apache.catalina.startup.VersionLoggerListener.log Command line argument: -Dorg.apache.catalina.security.SecurityListener.UMASK=0027
01-Nov-2023 09:39:31.183 INFO [main] org.apache.catalina.startup.VersionLoggerListener.log Command line argument: -Dignore.endorsed.dirs=
01-Nov-2023 09:39:31.184 INFO [main] org.apache.catalina.startup.VersionLoggerListener.log Command line argument: -Dcatalina.base=/Users/balakumaranb/JavaServerProjects/apache-tomcat-9.0.82
01-Nov-2023 09:39:31.184 INFO [main] org.apache.catalina.startup.VersionLoggerListener.log Command line argument: -Dcatalina.home=/Users/balakumaranb/JavaServerProjects/apache-tomcat-9.0.82
01-Nov-2023 09:39:31.184 INFO [main] org.apache.catalina.startup.VersionLoggerListener.log Command line argument: -Djava.io.tmpdir=/Users/balakumaranb/JavaServerProjects/apache-tomcat-9.0.82/temp
01-Nov-2023 09:39:31.187 INFO [main] org.apache.catalina.core.AprLifecycleListener.lifecycleEvent The Apache Tomcat Native library which allows using OpenSSL was not found on the java.library.path: [/Users/balakumaranb/Library/Java/Extensions:/Library/Java/Extensions:/Network/Library/Java/Extensions:/System/Library/Java/Extensions:/usr/lib/java:.]
01-Nov-2023 09:39:31.312 INFO [main] org.apache.coyote.AbstractProtocol.init Initializing ProtocolHandler ["http-nio-8080"]
01-Nov-2023 09:39:31.322 SEVERE [main] org.apache.catalina.util.LifecycleBase.handleSubClassException Failed to initialize component [Connector["http-nio-8080"]]
	org.apache.catalina.LifecycleException: Protocol handler initialization failed
		at org.apache.catalina.connector.Connector.initInternal(Connector.java:1011)
		at org.apache.catalina.util.LifecycleBase.init(LifecycleBase.java:127)
		at org.apache.catalina.core.StandardService.initInternal(StandardService.java:554)
		at org.apache.catalina.util.LifecycleBase.init(LifecycleBase.java:127)
		at org.apache.catalina.core.StandardServer.initInternal(StandardServer.java:1039)
		at org.apache.catalina.util.LifecycleBase.init(LifecycleBase.java:127)
		at org.apache.catalina.startup.Catalina.load(Catalina.java:724)
		at org.apache.catalina.startup.Catalina.load(Catalina.java:746)
		at java.base/jdk.internal.reflect.NativeMethodAccessorImpl.invoke0(Native Method)
		at java.base/jdk.internal.reflect.NativeMethodAccessorImpl.invoke(NativeMethodAccessorImpl.java:77)
		at java.base/jdk.internal.reflect.DelegatingMethodAccessorImpl.invoke(DelegatingMethodAccessorImpl.java:43)
		at java.base/java.lang.reflect.Method.invoke(Method.java:568)
		at org.apache.catalina.startup.Bootstrap.load(Bootstrap.java:307)
		at org.apache.catalina.startup.Bootstrap.main(Bootstrap.java:477)
	Caused by: java.net.BindException: Address already in use
		at java.base/sun.nio.ch.Net.bind0(Native Method)
		at java.base/sun.nio.ch.Net.bind(Net.java:555)
		at java.base/sun.nio.ch.ServerSocketChannelImpl.netBind(ServerSocketChannelImpl.java:337)
		at java.base/sun.nio.ch.ServerSocketChannelImpl.bind(ServerSocketChannelImpl.java:294)
		at org.apache.tomcat.util.net.NioEndpoint.initServerSocket(NioEndpoint.java:276)
		at org.apache.tomcat.util.net.NioEndpoint.bind(NioEndpoint.java:231)
		at org.apache.tomcat.util.net.AbstractEndpoint.bindWithCleanup(AbstractEndpoint.java:1326)
		at org.apache.tomcat.util.net.AbstractEndpoint.init(AbstractEndpoint.java:1339)
		at org.apache.coyote.AbstractProtocol.init(AbstractProtocol.java:654)
		at org.apache.coyote.http11.AbstractHttp11Protocol.init(AbstractHttp11Protocol.java:75)
		at org.apache.catalina.connector.Connector.initInternal(Connector.java:1009)
		... 13 more
01-Nov-2023 09:39:31.323 INFO [main] org.apache.catalina.startup.Catalina.load Server initialization in [227] milliseconds
01-Nov-2023 09:39:31.341 INFO [main] org.apache.catalina.core.StandardService.startInternal Starting service [Catalina]
01-Nov-2023 09:39:31.341 INFO [main] org.apache.catalina.core.StandardEngine.startInternal Starting Servlet engine: [Apache Tomcat/9.0.82]
01-Nov-2023 09:39:31.344 INFO [main] org.apache.catalina.startup.HostConfig.deployDirectory Deploying web application directory [/Users/balakumaranb/JavaServerProjects/apache-tomcat-9.0.82/webapps/battleship1]
01-Nov-2023 09:39:31.455 INFO [main] org.apache.catalina.startup.HostConfig.deployDirectory Deployment of web application directory [/Users/balakumaranb/JavaServerProjects/apache-tomcat-9.0.82/webapps/battleship1] has finished in [111] ms
01-Nov-2023 09:39:31.456 INFO [main] org.apache.catalina.startup.HostConfig.deployDirectory Deploying web application directory [/Users/balakumaranb/JavaServerProjects/apache-tomcat-9.0.82/webapps/docs]
01-Nov-2023 09:39:31.467 INFO [main] org.apache.catalina.startup.HostConfig.deployDirectory Deployment of web application directory [/Users/balakumaranb/JavaServerProjects/apache-tomcat-9.0.82/webapps/docs] has finished in [11] ms
01-Nov-2023 09:39:31.467 INFO [main] org.apache.catalina.startup.HostConfig.deployDirectory Deploying web application directory [/Users/balakumaranb/JavaServerProjects/apache-tomcat-9.0.82/webapps/BattleShip]
01-Nov-2023 09:39:31.480 INFO [main] org.apache.catalina.startup.HostConfig.deployDirectory Deployment of web application directory [/Users/balakumaranb/JavaServerProjects/apache-tomcat-9.0.82/webapps/BattleShip] has finished in [13] ms
01-Nov-2023 09:39:31.480 INFO [main] org.apache.catalina.startup.HostConfig.deployDirectory Deploying web application directory [/Users/balakumaranb/JavaServerProjects/apache-tomcat-9.0.82/webapps/manager]
01-Nov-2023 09:39:31.501 INFO [main] org.apache.catalina.startup.HostConfig.deployDirectory Deployment of web application directory [/Users/balakumaranb/JavaServerProjects/apache-tomcat-9.0.82/webapps/manager] has finished in [21] ms
01-Nov-2023 09:39:31.501 INFO [main] org.apache.catalina.startup.HostConfig.deployDirectory Deploying web application directory [/Users/balakumaranb/JavaServerProjects/apache-tomcat-9.0.82/webapps/examples]
01-Nov-2023 09:39:31.604 INFO [main] org.apache.catalina.startup.HostConfig.deployDirectory Deployment of web application directory [/Users/balakumaranb/JavaServerProjects/apache-tomcat-9.0.82/webapps/examples] has finished in [103] ms
01-Nov-2023 09:39:31.604 INFO [main] org.apache.catalina.startup.HostConfig.deployDirectory Deploying web application directory [/Users/balakumaranb/JavaServerProjects/apache-tomcat-9.0.82/webapps/ROOT]
01-Nov-2023 09:39:31.613 INFO [main] org.apache.catalina.startup.HostConfig.deployDirectory Deployment of web application directory [/Users/balakumaranb/JavaServerProjects/apache-tomcat-9.0.82/webapps/ROOT] has finished in [9] ms
01-Nov-2023 09:39:31.613 INFO [main] org.apache.catalina.startup.HostConfig.deployDirectory Deploying web application directory [/Users/balakumaranb/JavaServerProjects/apache-tomcat-9.0.82/webapps/.vscode]
01-Nov-2023 09:39:31.622 INFO [main] org.apache.catalina.startup.HostConfig.deployDirectory Deployment of web application directory [/Users/balakumaranb/JavaServerProjects/apache-tomcat-9.0.82/webapps/.vscode] has finished in [9] ms
01-Nov-2023 09:39:31.622 INFO [main] org.apache.catalina.startup.HostConfig.deployDirectory Deploying web application directory [/Users/balakumaranb/JavaServerProjects/apache-tomcat-9.0.82/webapps/host-manager]
01-Nov-2023 09:39:31.630 INFO [main] org.apache.catalina.startup.HostConfig.deployDirectory Deployment of web application directory [/Users/balakumaranb/JavaServerProjects/apache-tomcat-9.0.82/webapps/host-manager] has finished in [8] ms
01-Nov-2023 09:39:31.632 INFO [main] org.apache.catalina.startup.Catalina.start Server startup in [308] milliseconds
01-Nov-2023 09:39:31.635 SEVERE [main] org.apache.catalina.core.StandardServer.await Failed to create server shutdown socket on address [localhost] and port [8005] (base port [8005] and offset [0])
	java.net.BindException: Address already in use
		at java.base/sun.nio.ch.Net.bind0(Native Method)
		at java.base/sun.nio.ch.Net.bind(Net.java:555)
		at java.base/sun.nio.ch.Net.bind(Net.java:544)
		at java.base/sun.nio.ch.NioSocketImpl.bind(NioSocketImpl.java:648)
		at java.base/java.net.ServerSocket.bind(ServerSocket.java:388)
		at java.base/java.net.ServerSocket.<init>(ServerSocket.java:274)
		at org.apache.catalina.core.StandardServer.await(StandardServer.java:581)
		at org.apache.catalina.startup.Catalina.await(Catalina.java:864)
		at org.apache.catalina.startup.Catalina.start(Catalina.java:810)
		at java.base/jdk.internal.reflect.NativeMethodAccessorImpl.invoke0(Native Method)
		at java.base/jdk.internal.reflect.NativeMethodAccessorImpl.invoke(NativeMethodAccessorImpl.java:77)
		at java.base/jdk.internal.reflect.DelegatingMethodAccessorImpl.invoke(DelegatingMethodAccessorImpl.java:43)
		at java.base/java.lang.reflect.Method.invoke(Method.java:568)
		at org.apache.catalina.startup.Bootstrap.start(Bootstrap.java:347)
		at org.apache.catalina.startup.Bootstrap.main(Bootstrap.java:478)
01-Nov-2023 09:39:31.635 INFO [main] org.apache.coyote.AbstractProtocol.pause Pausing ProtocolHandler ["http-nio-8080"]
01-Nov-2023 09:39:31.635 INFO [main] org.apache.catalina.core.StandardService.stopInternal Stopping service [Catalina]
01-Nov-2023 09:39:31.646 INFO [main] org.apache.coyote.AbstractProtocol.stop Stopping ProtocolHandler ["http-nio-8080"]
01-Nov-2023 09:39:31.647 INFO [main] org.apache.coyote.AbstractProtocol.destroy Destroying ProtocolHandler ["http-nio-8080"]
01-Nov-2023 09:40:30.598 INFO [http-nio-8080-exec-6] org.apache.catalina.util.LifecycleBase.stop The stop() method was called on component [StandardEngine[Catalina].StandardHost[localhost].StandardContext[/battleship1]] after stop() had already been called. The second call will be ignored.
01-Nov-2023 09:41:13.534 INFO [http-nio-8080-exec-14] org.apache.catalina.core.StandardContext.reload Reloading Context with name [/battleship1] has started
01-Nov-2023 09:41:13.563 INFO [http-nio-8080-exec-14] org.apache.catalina.core.StandardContext.reload Reloading Context with name [/battleship1] is completed
01-Nov-2023 09:41:14.893 INFO [http-nio-8080-exec-1] org.apache.catalina.core.StandardContext.reload Reloading Context with name [/battleship1] has started
01-Nov-2023 09:41:14.912 INFO [http-nio-8080-exec-1] org.apache.catalina.core.StandardContext.reload Reloading Context with name [/battleship1] is completed
01-Nov-2023 09:41:16.922 INFO [http-nio-8080-exec-15] org.apache.catalina.core.StandardContext.reload Reloading Context with name [/battleship1] has started
01-Nov-2023 09:41:16.945 INFO [http-nio-8080-exec-15] org.apache.catalina.core.StandardContext.reload Reloading Context with name [/battleship1] is completed
01-Nov-2023 09:41:17.159 INFO [http-nio-8080-exec-12] org.apache.catalina.core.StandardContext.reload Reloading Context with name [/battleship1] has started
01-Nov-2023 09:41:17.184 INFO [http-nio-8080-exec-12] org.apache.catalina.core.StandardContext.reload Reloading Context with name [/battleship1] is completed
01-Nov-2023 09:41:17.380 INFO [http-nio-8080-exec-15] org.apache.catalina.core.StandardContext.reload Reloading Context with name [/battleship1] has started
01-Nov-2023 09:41:17.402 INFO [http-nio-8080-exec-15] org.apache.catalina.core.StandardContext.reload Reloading Context with name [/battleship1] is completed
01-Nov-2023 09:41:17.553 INFO [http-nio-8080-exec-12] org.apache.catalina.core.StandardContext.reload Reloading Context with name [/battleship1] has started
01-Nov-2023 09:41:17.578 INFO [http-nio-8080-exec-12] org.apache.catalina.core.StandardContext.reload Reloading Context with name [/battleship1] is completed
01-Nov-2023 09:41:17.790 INFO [http-nio-8080-exec-15] org.apache.catalina.core.StandardContext.reload Reloading Context with name [/battleship1] has started
01-Nov-2023 09:41:17.809 INFO [http-nio-8080-exec-15] org.apache.catalina.core.StandardContext.reload Reloading Context with name [/battleship1] is completed
01-Nov-2023 09:51:04.650 INFO [main] org.apache.catalina.core.StandardServer.await A valid shutdown command was received via the shutdown port. Stopping the Server instance.
01-Nov-2023 09:51:04.651 INFO [main] org.apache.coyote.AbstractProtocol.pause Pausing ProtocolHandler ["http-nio-8080"]
01-Nov-2023 09:51:04.653 INFO [main] org.apache.catalina.core.StandardService.stopInternal Stopping service [Catalina]
01-Nov-2023 09:51:04.661 INFO [main] org.apache.coyote.AbstractProtocol.stop Stopping ProtocolHandler ["http-nio-8080"]
01-Nov-2023 09:51:04.664 INFO [main] org.apache.coyote.AbstractProtocol.destroy Destroying ProtocolHandler ["http-nio-8080"]
01-Nov-2023 11:15:21.904 INFO [main] org.apache.catalina.startup.VersionLoggerListener.log Server version name:   Apache Tomcat/9.0.82
01-Nov-2023 11:15:21.907 INFO [main] org.apache.catalina.startup.VersionLoggerListener.log Server built:          Oct 11 2023 13:15:08 UTC
01-Nov-2023 11:15:21.907 INFO [main] org.apache.catalina.startup.VersionLoggerListener.log Server version number: 9.0.82.0
01-Nov-2023 11:15:21.907 INFO [main] org.apache.catalina.startup.VersionLoggerListener.log OS Name:               Mac OS X
01-Nov-2023 11:15:21.907 INFO [main] org.apache.catalina.startup.VersionLoggerListener.log OS Version:            14.1
01-Nov-2023 11:15:21.907 INFO [main] org.apache.catalina.startup.VersionLoggerListener.log Architecture:          aarch64
01-Nov-2023 11:15:21.907 INFO [main] org.apache.catalina.startup.VersionLoggerListener.log Java Home:             /Library/Java/JavaVirtualMachines/temurin-17.jdk/Contents/Home
01-Nov-2023 11:15:21.907 INFO [main] org.apache.catalina.startup.VersionLoggerListener.log JVM Version:           17.0.8.1+1
01-Nov-2023 11:15:21.907 INFO [main] org.apache.catalina.startup.VersionLoggerListener.log JVM Vendor:            Eclipse Adoptium
01-Nov-2023 11:15:21.907 INFO [main] org.apache.catalina.startup.VersionLoggerListener.log CATALINA_BASE:         /Users/balakumaranb/JavaServerProjects/apache-tomcat-9.0.82
01-Nov-2023 11:15:21.907 INFO [main] org.apache.catalina.startup.VersionLoggerListener.log CATALINA_HOME:         /Users/balakumaranb/JavaServerProjects/apache-tomcat-9.0.82
01-Nov-2023 11:15:21.915 INFO [main] org.apache.catalina.startup.VersionLoggerListener.log Command line argument: --add-opens=java.base/java.lang=ALL-UNNAMED
01-Nov-2023 11:15:21.915 INFO [main] org.apache.catalina.startup.VersionLoggerListener.log Command line argument: --add-opens=java.base/java.io=ALL-UNNAMED
01-Nov-2023 11:15:21.915 INFO [main] org.apache.catalina.startup.VersionLoggerListener.log Command line argument: --add-opens=java.base/java.util=ALL-UNNAMED
01-Nov-2023 11:15:21.915 INFO [main] org.apache.catalina.startup.VersionLoggerListener.log Command line argument: --add-opens=java.base/java.util.concurrent=ALL-UNNAMED
01-Nov-2023 11:15:21.915 INFO [main] org.apache.catalina.startup.VersionLoggerListener.log Command line argument: --add-opens=java.rmi/sun.rmi.transport=ALL-UNNAMED
01-Nov-2023 11:15:21.915 INFO [main] org.apache.catalina.startup.VersionLoggerListener.log Command line argument: -Djava.util.logging.config.file=/Users/balakumaranb/JavaServerProjects/apache-tomcat-9.0.82/conf/logging.properties
01-Nov-2023 11:15:21.915 INFO [main] org.apache.catalina.startup.VersionLoggerListener.log Command line argument: -Djava.util.logging.manager=org.apache.juli.ClassLoaderLogManager
01-Nov-2023 11:15:21.915 INFO [main] org.apache.catalina.startup.VersionLoggerListener.log Command line argument: -Djdk.tls.ephemeralDHKeySize=2048
01-Nov-2023 11:15:21.915 INFO [main] org.apache.catalina.startup.VersionLoggerListener.log Command line argument: -Djava.protocol.handler.pkgs=org.apache.catalina.webresources
01-Nov-2023 11:15:21.915 INFO [main] org.apache.catalina.startup.VersionLoggerListener.log Command line argument: -Dorg.apache.catalina.security.SecurityListener.UMASK=0027
01-Nov-2023 11:15:21.915 INFO [main] org.apache.catalina.startup.VersionLoggerListener.log Command line argument: -Dignore.endorsed.dirs=
01-Nov-2023 11:15:21.915 INFO [main] org.apache.catalina.startup.VersionLoggerListener.log Command line argument: -Dcatalina.base=/Users/balakumaranb/JavaServerProjects/apache-tomcat-9.0.82
01-Nov-2023 11:15:21.915 INFO [main] org.apache.catalina.startup.VersionLoggerListener.log Command line argument: -Dcatalina.home=/Users/balakumaranb/JavaServerProjects/apache-tomcat-9.0.82
01-Nov-2023 11:15:21.915 INFO [main] org.apache.catalina.startup.VersionLoggerListener.log Command line argument: -Djava.io.tmpdir=/Users/balakumaranb/JavaServerProjects/apache-tomcat-9.0.82/temp
01-Nov-2023 11:15:21.919 INFO [main] org.apache.catalina.core.AprLifecycleListener.lifecycleEvent The Apache Tomcat Native library which allows using OpenSSL was not found on the java.library.path: [/Users/balakumaranb/Library/Java/Extensions:/Library/Java/Extensions:/Network/Library/Java/Extensions:/System/Library/Java/Extensions:/usr/lib/java:.]
01-Nov-2023 11:15:22.041 INFO [main] org.apache.coyote.AbstractProtocol.init Initializing ProtocolHandler ["http-nio-8080"]
01-Nov-2023 11:15:22.058 INFO [main] org.apache.catalina.startup.Catalina.load Server initialization in [242] milliseconds
01-Nov-2023 11:15:22.077 INFO [main] org.apache.catalina.core.StandardService.startInternal Starting service [Catalina]
01-Nov-2023 11:15:22.077 INFO [main] org.apache.catalina.core.StandardEngine.startInternal Starting Servlet engine: [Apache Tomcat/9.0.82]
01-Nov-2023 11:15:22.080 INFO [main] org.apache.catalina.startup.HostConfig.deployDirectory Deploying web application directory [/Users/balakumaranb/JavaServerProjects/apache-tomcat-9.0.82/webapps/battleship1]
01-Nov-2023 11:15:22.192 INFO [main] org.apache.catalina.startup.HostConfig.deployDirectory Deployment of web application directory [/Users/balakumaranb/JavaServerProjects/apache-tomcat-9.0.82/webapps/battleship1] has finished in [112] ms
01-Nov-2023 11:15:22.192 INFO [main] org.apache.catalina.startup.HostConfig.deployDirectory Deploying web application directory [/Users/balakumaranb/JavaServerProjects/apache-tomcat-9.0.82/webapps/docs]
01-Nov-2023 11:15:22.202 INFO [main] org.apache.catalina.startup.HostConfig.deployDirectory Deployment of web application directory [/Users/balakumaranb/JavaServerProjects/apache-tomcat-9.0.82/webapps/docs] has finished in [10] ms
01-Nov-2023 11:15:22.203 INFO [main] org.apache.catalina.startup.HostConfig.deployDirectory Deploying web application directory [/Users/balakumaranb/JavaServerProjects/apache-tomcat-9.0.82/webapps/BattleShip]
01-Nov-2023 11:15:22.214 INFO [main] org.apache.catalina.startup.HostConfig.deployDirectory Deployment of web application directory [/Users/balakumaranb/JavaServerProjects/apache-tomcat-9.0.82/webapps/BattleShip] has finished in [11] ms
01-Nov-2023 11:15:22.214 INFO [main] org.apache.catalina.startup.HostConfig.deployDirectory Deploying web application directory [/Users/balakumaranb/JavaServerProjects/apache-tomcat-9.0.82/webapps/manager]
01-Nov-2023 11:15:22.240 INFO [main] org.apache.catalina.startup.HostConfig.deployDirectory Deployment of web application directory [/Users/balakumaranb/JavaServerProjects/apache-tomcat-9.0.82/webapps/manager] has finished in [26] ms
01-Nov-2023 11:15:22.240 INFO [main] org.apache.catalina.startup.HostConfig.deployDirectory Deploying web application directory [/Users/balakumaranb/JavaServerProjects/apache-tomcat-9.0.82/webapps/examples]
01-Nov-2023 11:15:22.330 INFO [main] org.apache.catalina.startup.HostConfig.deployDirectory Deployment of web application directory [/Users/balakumaranb/JavaServerProjects/apache-tomcat-9.0.82/webapps/examples] has finished in [90] ms
01-Nov-2023 11:15:22.330 INFO [main] org.apache.catalina.startup.HostConfig.deployDirectory Deploying web application directory [/Users/balakumaranb/JavaServerProjects/apache-tomcat-9.0.82/webapps/ROOT]
01-Nov-2023 11:15:22.339 INFO [main] org.apache.catalina.startup.HostConfig.deployDirectory Deployment of web application directory [/Users/balakumaranb/JavaServerProjects/apache-tomcat-9.0.82/webapps/ROOT] has finished in [9] ms
01-Nov-2023 11:15:22.339 INFO [main] org.apache.catalina.startup.HostConfig.deployDirectory Deploying web application directory [/Users/balakumaranb/JavaServerProjects/apache-tomcat-9.0.82/webapps/.vscode]
01-Nov-2023 11:15:22.348 INFO [main] org.apache.catalina.startup.HostConfig.deployDirectory Deployment of web application directory [/Users/balakumaranb/JavaServerProjects/apache-tomcat-9.0.82/webapps/.vscode] has finished in [9] ms
01-Nov-2023 11:15:22.348 INFO [main] org.apache.catalina.startup.HostConfig.deployDirectory Deploying web application directory [/Users/balakumaranb/JavaServerProjects/apache-tomcat-9.0.82/webapps/host-manager]
01-Nov-2023 11:15:22.357 INFO [main] org.apache.catalina.startup.HostConfig.deployDirectory Deployment of web application directory [/Users/balakumaranb/JavaServerProjects/apache-tomcat-9.0.82/webapps/host-manager] has finished in [9] ms
01-Nov-2023 11:15:22.358 INFO [main] org.apache.coyote.AbstractProtocol.start Starting ProtocolHandler ["http-nio-8080"]
01-Nov-2023 11:15:22.363 INFO [main] org.apache.catalina.startup.Catalina.start Server startup in [304] milliseconds
01-Nov-2023 16:21:53.272 INFO [main] org.apache.catalina.startup.VersionLoggerListener.log Server version name:   Apache Tomcat/9.0.82
01-Nov-2023 16:21:53.275 INFO [main] org.apache.catalina.startup.VersionLoggerListener.log Server built:          Oct 11 2023 13:15:08 UTC
01-Nov-2023 16:21:53.275 INFO [main] org.apache.catalina.startup.VersionLoggerListener.log Server version number: 9.0.82.0
01-Nov-2023 16:21:53.275 INFO [main] org.apache.catalina.startup.VersionLoggerListener.log OS Name:               Mac OS X
01-Nov-2023 16:21:53.275 INFO [main] org.apache.catalina.startup.VersionLoggerListener.log OS Version:            14.1
01-Nov-2023 16:21:53.275 INFO [main] org.apache.catalina.startup.VersionLoggerListener.log Architecture:          aarch64
01-Nov-2023 16:21:53.275 INFO [main] org.apache.catalina.startup.VersionLoggerListener.log Java Home:             /Library/Java/JavaVirtualMachines/temurin-17.jdk/Contents/Home
01-Nov-2023 16:21:53.275 INFO [main] org.apache.catalina.startup.VersionLoggerListener.log JVM Version:           17.0.8.1+1
01-Nov-2023 16:21:53.275 INFO [main] org.apache.catalina.startup.VersionLoggerListener.log JVM Vendor:            Eclipse Adoptium
01-Nov-2023 16:21:53.275 INFO [main] org.apache.catalina.startup.VersionLoggerListener.log CATALINA_BASE:         /Users/balakumaranb/JavaServerProjects/apache-tomcat-9.0.82
01-Nov-2023 16:21:53.275 INFO [main] org.apache.catalina.startup.VersionLoggerListener.log CATALINA_HOME:         /Users/balakumaranb/JavaServerProjects/apache-tomcat-9.0.82
01-Nov-2023 16:21:53.283 INFO [main] org.apache.catalina.startup.VersionLoggerListener.log Command line argument: --add-opens=java.base/java.lang=ALL-UNNAMED
01-Nov-2023 16:21:53.284 INFO [main] org.apache.catalina.startup.VersionLoggerListener.log Command line argument: --add-opens=java.base/java.io=ALL-UNNAMED
01-Nov-2023 16:21:53.284 INFO [main] org.apache.catalina.startup.VersionLoggerListener.log Command line argument: --add-opens=java.base/java.util=ALL-UNNAMED
01-Nov-2023 16:21:53.284 INFO [main] org.apache.catalina.startup.VersionLoggerListener.log Command line argument: --add-opens=java.base/java.util.concurrent=ALL-UNNAMED
01-Nov-2023 16:21:53.284 INFO [main] org.apache.catalina.startup.VersionLoggerListener.log Command line argument: --add-opens=java.rmi/sun.rmi.transport=ALL-UNNAMED
01-Nov-2023 16:21:53.284 INFO [main] org.apache.catalina.startup.VersionLoggerListener.log Command line argument: -Djava.util.logging.config.file=/Users/balakumaranb/JavaServerProjects/apache-tomcat-9.0.82/conf/logging.properties
01-Nov-2023 16:21:53.284 INFO [main] org.apache.catalina.startup.VersionLoggerListener.log Command line argument: -Djava.util.logging.manager=org.apache.juli.ClassLoaderLogManager
01-Nov-2023 16:21:53.284 INFO [main] org.apache.catalina.startup.VersionLoggerListener.log Command line argument: -Djdk.tls.ephemeralDHKeySize=2048
01-Nov-2023 16:21:53.284 INFO [main] org.apache.catalina.startup.VersionLoggerListener.log Command line argument: -Djava.protocol.handler.pkgs=org.apache.catalina.webresources
01-Nov-2023 16:21:53.284 INFO [main] org.apache.catalina.startup.VersionLoggerListener.log Command line argument: -Dorg.apache.catalina.security.SecurityListener.UMASK=0027
01-Nov-2023 16:21:53.284 INFO [main] org.apache.catalina.startup.VersionLoggerListener.log Command line argument: -Dignore.endorsed.dirs=
01-Nov-2023 16:21:53.284 INFO [main] org.apache.catalina.startup.VersionLoggerListener.log Command line argument: -Dcatalina.base=/Users/balakumaranb/JavaServerProjects/apache-tomcat-9.0.82
01-Nov-2023 16:21:53.284 INFO [main] org.apache.catalina.startup.VersionLoggerListener.log Command line argument: -Dcatalina.home=/Users/balakumaranb/JavaServerProjects/apache-tomcat-9.0.82
01-Nov-2023 16:21:53.284 INFO [main] org.apache.catalina.startup.VersionLoggerListener.log Command line argument: -Djava.io.tmpdir=/Users/balakumaranb/JavaServerProjects/apache-tomcat-9.0.82/temp
01-Nov-2023 16:21:53.288 INFO [main] org.apache.catalina.core.AprLifecycleListener.lifecycleEvent The Apache Tomcat Native library which allows using OpenSSL was not found on the java.library.path: [/Users/balakumaranb/Library/Java/Extensions:/Library/Java/Extensions:/Network/Library/Java/Extensions:/System/Library/Java/Extensions:/usr/lib/java:.]
01-Nov-2023 16:21:53.423 INFO [main] org.apache.coyote.AbstractProtocol.init Initializing ProtocolHandler ["http-nio-8080"]
01-Nov-2023 16:21:53.435 SEVERE [main] org.apache.catalina.util.LifecycleBase.handleSubClassException Failed to initialize component [Connector["http-nio-8080"]]
	org.apache.catalina.LifecycleException: Protocol handler initialization failed
		at org.apache.catalina.connector.Connector.initInternal(Connector.java:1011)
		at org.apache.catalina.util.LifecycleBase.init(LifecycleBase.java:127)
		at org.apache.catalina.core.StandardService.initInternal(StandardService.java:554)
		at org.apache.catalina.util.LifecycleBase.init(LifecycleBase.java:127)
		at org.apache.catalina.core.StandardServer.initInternal(StandardServer.java:1039)
		at org.apache.catalina.util.LifecycleBase.init(LifecycleBase.java:127)
		at org.apache.catalina.startup.Catalina.load(Catalina.java:724)
		at org.apache.catalina.startup.Catalina.load(Catalina.java:746)
		at java.base/jdk.internal.reflect.NativeMethodAccessorImpl.invoke0(Native Method)
		at java.base/jdk.internal.reflect.NativeMethodAccessorImpl.invoke(NativeMethodAccessorImpl.java:77)
		at java.base/jdk.internal.reflect.DelegatingMethodAccessorImpl.invoke(DelegatingMethodAccessorImpl.java:43)
		at java.base/java.lang.reflect.Method.invoke(Method.java:568)
		at org.apache.catalina.startup.Bootstrap.load(Bootstrap.java:307)
		at org.apache.catalina.startup.Bootstrap.main(Bootstrap.java:477)
	Caused by: java.net.BindException: Address already in use
		at java.base/sun.nio.ch.Net.bind0(Native Method)
		at java.base/sun.nio.ch.Net.bind(Net.java:555)
		at java.base/sun.nio.ch.ServerSocketChannelImpl.netBind(ServerSocketChannelImpl.java:337)
		at java.base/sun.nio.ch.ServerSocketChannelImpl.bind(ServerSocketChannelImpl.java:294)
		at org.apache.tomcat.util.net.NioEndpoint.initServerSocket(NioEndpoint.java:276)
		at org.apache.tomcat.util.net.NioEndpoint.bind(NioEndpoint.java:231)
		at org.apache.tomcat.util.net.AbstractEndpoint.bindWithCleanup(AbstractEndpoint.java:1326)
		at org.apache.tomcat.util.net.AbstractEndpoint.init(AbstractEndpoint.java:1339)
		at org.apache.coyote.AbstractProtocol.init(AbstractProtocol.java:654)
		at org.apache.coyote.http11.AbstractHttp11Protocol.init(AbstractHttp11Protocol.java:75)
		at org.apache.catalina.connector.Connector.initInternal(Connector.java:1009)
		... 13 more
01-Nov-2023 16:21:53.435 INFO [main] org.apache.catalina.startup.Catalina.load Server initialization in [256] milliseconds
01-Nov-2023 16:21:53.455 INFO [main] org.apache.catalina.core.StandardService.startInternal Starting service [Catalina]
01-Nov-2023 16:21:53.455 INFO [main] org.apache.catalina.core.StandardEngine.startInternal Starting Servlet engine: [Apache Tomcat/9.0.82]
01-Nov-2023 16:21:53.458 INFO [main] org.apache.catalina.startup.HostConfig.deployDirectory Deploying web application directory [/Users/balakumaranb/JavaServerProjects/apache-tomcat-9.0.82/webapps/battleship1]
01-Nov-2023 16:21:53.577 INFO [main] org.apache.catalina.startup.HostConfig.deployDirectory Deployment of web application directory [/Users/balakumaranb/JavaServerProjects/apache-tomcat-9.0.82/webapps/battleship1] has finished in [119] ms
01-Nov-2023 16:21:53.578 INFO [main] org.apache.catalina.startup.HostConfig.deployDirectory Deploying web application directory [/Users/balakumaranb/JavaServerProjects/apache-tomcat-9.0.82/webapps/docs]
01-Nov-2023 16:21:53.587 INFO [main] org.apache.catalina.startup.HostConfig.deployDirectory Deployment of web application directory [/Users/balakumaranb/JavaServerProjects/apache-tomcat-9.0.82/webapps/docs] has finished in [10] ms
01-Nov-2023 16:21:53.588 INFO [main] org.apache.catalina.startup.HostConfig.deployDirectory Deploying web application directory [/Users/balakumaranb/JavaServerProjects/apache-tomcat-9.0.82/webapps/BattleShip]
01-Nov-2023 16:21:53.604 INFO [main] org.apache.catalina.startup.HostConfig.deployDirectory Deployment of web application directory [/Users/balakumaranb/JavaServerProjects/apache-tomcat-9.0.82/webapps/BattleShip] has finished in [16] ms
01-Nov-2023 16:21:53.604 INFO [main] org.apache.catalina.startup.HostConfig.deployDirectory Deploying web application directory [/Users/balakumaranb/JavaServerProjects/apache-tomcat-9.0.82/webapps/manager]
01-Nov-2023 16:21:53.618 INFO [main] org.apache.catalina.startup.HostConfig.deployDirectory Deployment of web application directory [/Users/balakumaranb/JavaServerProjects/apache-tomcat-9.0.82/webapps/manager] has finished in [14] ms
01-Nov-2023 16:21:53.618 INFO [main] org.apache.catalina.startup.HostConfig.deployDirectory Deploying web application directory [/Users/balakumaranb/JavaServerProjects/apache-tomcat-9.0.82/webapps/examples]
01-Nov-2023 16:21:53.714 INFO [main] org.apache.catalina.startup.HostConfig.deployDirectory Deployment of web application directory [/Users/balakumaranb/JavaServerProjects/apache-tomcat-9.0.82/webapps/examples] has finished in [96] ms
01-Nov-2023 16:21:53.714 INFO [main] org.apache.catalina.startup.HostConfig.deployDirectory Deploying web application directory [/Users/balakumaranb/JavaServerProjects/apache-tomcat-9.0.82/webapps/ROOT]
01-Nov-2023 16:21:53.723 INFO [main] org.apache.catalina.startup.HostConfig.deployDirectory Deployment of web application directory [/Users/balakumaranb/JavaServerProjects/apache-tomcat-9.0.82/webapps/ROOT] has finished in [9] ms
01-Nov-2023 16:21:53.723 INFO [main] org.apache.catalina.startup.HostConfig.deployDirectory Deploying web application directory [/Users/balakumaranb/JavaServerProjects/apache-tomcat-9.0.82/webapps/.vscode]
01-Nov-2023 16:21:53.729 INFO [main] org.apache.catalina.startup.HostConfig.deployDirectory Deployment of web application directory [/Users/balakumaranb/JavaServerProjects/apache-tomcat-9.0.82/webapps/.vscode] has finished in [6] ms
01-Nov-2023 16:21:53.730 INFO [main] org.apache.catalina.startup.HostConfig.deployDirectory Deploying web application directory [/Users/balakumaranb/JavaServerProjects/apache-tomcat-9.0.82/webapps/host-manager]
01-Nov-2023 16:21:53.737 INFO [main] org.apache.catalina.startup.HostConfig.deployDirectory Deployment of web application directory [/Users/balakumaranb/JavaServerProjects/apache-tomcat-9.0.82/webapps/host-manager] has finished in [8] ms
01-Nov-2023 16:21:53.739 INFO [main] org.apache.catalina.startup.Catalina.start Server startup in [303] milliseconds
01-Nov-2023 16:21:53.742 SEVERE [main] org.apache.catalina.core.StandardServer.await Failed to create server shutdown socket on address [localhost] and port [8005] (base port [8005] and offset [0])
	java.net.BindException: Address already in use
		at java.base/sun.nio.ch.Net.bind0(Native Method)
		at java.base/sun.nio.ch.Net.bind(Net.java:555)
		at java.base/sun.nio.ch.Net.bind(Net.java:544)
		at java.base/sun.nio.ch.NioSocketImpl.bind(NioSocketImpl.java:648)
		at java.base/java.net.ServerSocket.bind(ServerSocket.java:388)
		at java.base/java.net.ServerSocket.<init>(ServerSocket.java:274)
		at org.apache.catalina.core.StandardServer.await(StandardServer.java:581)
		at org.apache.catalina.startup.Catalina.await(Catalina.java:864)
		at org.apache.catalina.startup.Catalina.start(Catalina.java:810)
		at java.base/jdk.internal.reflect.NativeMethodAccessorImpl.invoke0(Native Method)
		at java.base/jdk.internal.reflect.NativeMethodAccessorImpl.invoke(NativeMethodAccessorImpl.java:77)
		at java.base/jdk.internal.reflect.DelegatingMethodAccessorImpl.invoke(DelegatingMethodAccessorImpl.java:43)
		at java.base/java.lang.reflect.Method.invoke(Method.java:568)
		at org.apache.catalina.startup.Bootstrap.start(Bootstrap.java:347)
		at org.apache.catalina.startup.Bootstrap.main(Bootstrap.java:478)
01-Nov-2023 16:21:53.743 INFO [main] org.apache.coyote.AbstractProtocol.pause Pausing ProtocolHandler ["http-nio-8080"]
01-Nov-2023 16:21:53.743 INFO [main] org.apache.catalina.core.StandardService.stopInternal Stopping service [Catalina]
01-Nov-2023 16:21:53.754 INFO [main] org.apache.coyote.AbstractProtocol.stop Stopping ProtocolHandler ["http-nio-8080"]
01-Nov-2023 16:21:53.755 INFO [main] org.apache.coyote.AbstractProtocol.destroy Destroying ProtocolHandler ["http-nio-8080"]
01-Nov-2023 16:22:05.800 INFO [main] org.apache.catalina.core.StandardServer.await A valid shutdown command was received via the shutdown port. Stopping the Server instance.
01-Nov-2023 16:22:05.801 INFO [main] org.apache.coyote.AbstractProtocol.pause Pausing ProtocolHandler ["http-nio-8080"]
01-Nov-2023 16:22:05.804 INFO [main] org.apache.catalina.core.StandardService.stopInternal Stopping service [Catalina]
01-Nov-2023 16:22:05.818 INFO [main] org.apache.coyote.AbstractProtocol.stop Stopping ProtocolHandler ["http-nio-8080"]
01-Nov-2023 16:22:05.830 INFO [main] org.apache.coyote.AbstractProtocol.destroy Destroying ProtocolHandler ["http-nio-8080"]
01-Nov-2023 16:22:14.062 INFO [main] org.apache.catalina.startup.VersionLoggerListener.log Server version name:   Apache Tomcat/9.0.82
01-Nov-2023 16:22:14.064 INFO [main] org.apache.catalina.startup.VersionLoggerListener.log Server built:          Oct 11 2023 13:15:08 UTC
01-Nov-2023 16:22:14.064 INFO [main] org.apache.catalina.startup.VersionLoggerListener.log Server version number: 9.0.82.0
01-Nov-2023 16:22:14.064 INFO [main] org.apache.catalina.startup.VersionLoggerListener.log OS Name:               Mac OS X
01-Nov-2023 16:22:14.064 INFO [main] org.apache.catalina.startup.VersionLoggerListener.log OS Version:            14.1
01-Nov-2023 16:22:14.064 INFO [main] org.apache.catalina.startup.VersionLoggerListener.log Architecture:          aarch64
01-Nov-2023 16:22:14.064 INFO [main] org.apache.catalina.startup.VersionLoggerListener.log Java Home:             /Library/Java/JavaVirtualMachines/temurin-17.jdk/Contents/Home
01-Nov-2023 16:22:14.064 INFO [main] org.apache.catalina.startup.VersionLoggerListener.log JVM Version:           17.0.8.1+1
01-Nov-2023 16:22:14.064 INFO [main] org.apache.catalina.startup.VersionLoggerListener.log JVM Vendor:            Eclipse Adoptium
01-Nov-2023 16:22:14.064 INFO [main] org.apache.catalina.startup.VersionLoggerListener.log CATALINA_BASE:         /Users/balakumaranb/JavaServerProjects/apache-tomcat-9.0.82
01-Nov-2023 16:22:14.064 INFO [main] org.apache.catalina.startup.VersionLoggerListener.log CATALINA_HOME:         /Users/balakumaranb/JavaServerProjects/apache-tomcat-9.0.82
01-Nov-2023 16:22:14.070 INFO [main] org.apache.catalina.startup.VersionLoggerListener.log Command line argument: --add-opens=java.base/java.lang=ALL-UNNAMED
01-Nov-2023 16:22:14.070 INFO [main] org.apache.catalina.startup.VersionLoggerListener.log Command line argument: --add-opens=java.base/java.io=ALL-UNNAMED
01-Nov-2023 16:22:14.070 INFO [main] org.apache.catalina.startup.VersionLoggerListener.log Command line argument: --add-opens=java.base/java.util=ALL-UNNAMED
01-Nov-2023 16:22:14.070 INFO [main] org.apache.catalina.startup.VersionLoggerListener.log Command line argument: --add-opens=java.base/java.util.concurrent=ALL-UNNAMED
01-Nov-2023 16:22:14.071 INFO [main] org.apache.catalina.startup.VersionLoggerListener.log Command line argument: --add-opens=java.rmi/sun.rmi.transport=ALL-UNNAMED
01-Nov-2023 16:22:14.071 INFO [main] org.apache.catalina.startup.VersionLoggerListener.log Command line argument: -Djava.util.logging.config.file=/Users/balakumaranb/JavaServerProjects/apache-tomcat-9.0.82/conf/logging.properties
01-Nov-2023 16:22:14.071 INFO [main] org.apache.catalina.startup.VersionLoggerListener.log Command line argument: -Djava.util.logging.manager=org.apache.juli.ClassLoaderLogManager
01-Nov-2023 16:22:14.071 INFO [main] org.apache.catalina.startup.VersionLoggerListener.log Command line argument: -Djdk.tls.ephemeralDHKeySize=2048
01-Nov-2023 16:22:14.071 INFO [main] org.apache.catalina.startup.VersionLoggerListener.log Command line argument: -Djava.protocol.handler.pkgs=org.apache.catalina.webresources
01-Nov-2023 16:22:14.071 INFO [main] org.apache.catalina.startup.VersionLoggerListener.log Command line argument: -Dorg.apache.catalina.security.SecurityListener.UMASK=0027
01-Nov-2023 16:22:14.071 INFO [main] org.apache.catalina.startup.VersionLoggerListener.log Command line argument: -Dignore.endorsed.dirs=
01-Nov-2023 16:22:14.071 INFO [main] org.apache.catalina.startup.VersionLoggerListener.log Command line argument: -Dcatalina.base=/Users/balakumaranb/JavaServerProjects/apache-tomcat-9.0.82
01-Nov-2023 16:22:14.071 INFO [main] org.apache.catalina.startup.VersionLoggerListener.log Command line argument: -Dcatalina.home=/Users/balakumaranb/JavaServerProjects/apache-tomcat-9.0.82
01-Nov-2023 16:22:14.071 INFO [main] org.apache.catalina.startup.VersionLoggerListener.log Command line argument: -Djava.io.tmpdir=/Users/balakumaranb/JavaServerProjects/apache-tomcat-9.0.82/temp
01-Nov-2023 16:22:14.075 INFO [main] org.apache.catalina.core.AprLifecycleListener.lifecycleEvent The Apache Tomcat Native library which allows using OpenSSL was not found on the java.library.path: [/Users/balakumaranb/Library/Java/Extensions:/Library/Java/Extensions:/Network/Library/Java/Extensions:/System/Library/Java/Extensions:/usr/lib/java:.]
01-Nov-2023 16:22:14.192 INFO [main] org.apache.coyote.AbstractProtocol.init Initializing ProtocolHandler ["http-nio-8080"]
01-Nov-2023 16:22:14.206 INFO [main] org.apache.catalina.startup.Catalina.load Server initialization in [219] milliseconds
01-Nov-2023 16:22:14.222 INFO [main] org.apache.catalina.core.StandardService.startInternal Starting service [Catalina]
01-Nov-2023 16:22:14.222 INFO [main] org.apache.catalina.core.StandardEngine.startInternal Starting Servlet engine: [Apache Tomcat/9.0.82]
01-Nov-2023 16:22:14.225 INFO [main] org.apache.catalina.startup.HostConfig.deployDirectory Deploying web application directory [/Users/balakumaranb/JavaServerProjects/apache-tomcat-9.0.82/webapps/battleship1]
01-Nov-2023 16:22:14.332 INFO [main] org.apache.catalina.startup.HostConfig.deployDirectory Deployment of web application directory [/Users/balakumaranb/JavaServerProjects/apache-tomcat-9.0.82/webapps/battleship1] has finished in [107] ms
01-Nov-2023 16:22:14.332 INFO [main] org.apache.catalina.startup.HostConfig.deployDirectory Deploying web application directory [/Users/balakumaranb/JavaServerProjects/apache-tomcat-9.0.82/webapps/docs]
01-Nov-2023 16:22:14.343 INFO [main] org.apache.catalina.startup.HostConfig.deployDirectory Deployment of web application directory [/Users/balakumaranb/JavaServerProjects/apache-tomcat-9.0.82/webapps/docs] has finished in [11] ms
01-Nov-2023 16:22:14.343 INFO [main] org.apache.catalina.startup.HostConfig.deployDirectory Deploying web application directory [/Users/balakumaranb/JavaServerProjects/apache-tomcat-9.0.82/webapps/BattleShip]
01-Nov-2023 16:22:14.355 INFO [main] org.apache.catalina.startup.HostConfig.deployDirectory Deployment of web application directory [/Users/balakumaranb/JavaServerProjects/apache-tomcat-9.0.82/webapps/BattleShip] has finished in [12] ms
01-Nov-2023 16:22:14.355 INFO [main] org.apache.catalina.startup.HostConfig.deployDirectory Deploying web application directory [/Users/balakumaranb/JavaServerProjects/apache-tomcat-9.0.82/webapps/manager]
01-Nov-2023 16:22:14.372 INFO [main] org.apache.catalina.startup.HostConfig.deployDirectory Deployment of web application directory [/Users/balakumaranb/JavaServerProjects/apache-tomcat-9.0.82/webapps/manager] has finished in [17] ms
01-Nov-2023 16:22:14.372 INFO [main] org.apache.catalina.startup.HostConfig.deployDirectory Deploying web application directory [/Users/balakumaranb/JavaServerProjects/apache-tomcat-9.0.82/webapps/examples]
01-Nov-2023 16:22:14.458 INFO [main] org.apache.catalina.startup.HostConfig.deployDirectory Deployment of web application directory [/Users/balakumaranb/JavaServerProjects/apache-tomcat-9.0.82/webapps/examples] has finished in [86] ms
01-Nov-2023 16:22:14.458 INFO [main] org.apache.catalina.startup.HostConfig.deployDirectory Deploying web application directory [/Users/balakumaranb/JavaServerProjects/apache-tomcat-9.0.82/webapps/ROOT]
01-Nov-2023 16:22:14.467 INFO [main] org.apache.catalina.startup.HostConfig.deployDirectory Deployment of web application directory [/Users/balakumaranb/JavaServerProjects/apache-tomcat-9.0.82/webapps/ROOT] has finished in [9] ms
01-Nov-2023 16:22:14.467 INFO [main] org.apache.catalina.startup.HostConfig.deployDirectory Deploying web application directory [/Users/balakumaranb/JavaServerProjects/apache-tomcat-9.0.82/webapps/.vscode]
01-Nov-2023 16:22:14.476 INFO [main] org.apache.catalina.startup.HostConfig.deployDirectory Deployment of web application directory [/Users/balakumaranb/JavaServerProjects/apache-tomcat-9.0.82/webapps/.vscode] has finished in [9] ms
01-Nov-2023 16:22:14.476 INFO [main] org.apache.catalina.startup.HostConfig.deployDirectory Deploying web application directory [/Users/balakumaranb/JavaServerProjects/apache-tomcat-9.0.82/webapps/host-manager]
01-Nov-2023 16:22:14.484 INFO [main] org.apache.catalina.startup.HostConfig.deployDirectory Deployment of web application directory [/Users/balakumaranb/JavaServerProjects/apache-tomcat-9.0.82/webapps/host-manager] has finished in [8] ms
01-Nov-2023 16:22:14.486 INFO [main] org.apache.coyote.AbstractProtocol.start Starting ProtocolHandler ["http-nio-8080"]
01-Nov-2023 16:22:14.491 INFO [main] org.apache.catalina.startup.Catalina.start Server startup in [284] milliseconds
01-Nov-2023 16:25:23.933 INFO [main] org.apache.catalina.core.StandardServer.await A valid shutdown command was received via the shutdown port. Stopping the Server instance.
01-Nov-2023 16:25:23.934 INFO [main] org.apache.coyote.AbstractProtocol.pause Pausing ProtocolHandler ["http-nio-8080"]
01-Nov-2023 16:25:23.936 INFO [main] org.apache.catalina.core.StandardService.stopInternal Stopping service [Catalina]
01-Nov-2023 16:25:23.950 INFO [main] org.apache.coyote.AbstractProtocol.stop Stopping ProtocolHandler ["http-nio-8080"]
01-Nov-2023 16:25:23.960 INFO [main] org.apache.coyote.AbstractProtocol.destroy Destroying ProtocolHandler ["http-nio-8080"]
01-Nov-2023 16:25:27.029 INFO [main] org.apache.catalina.startup.VersionLoggerListener.log Server version name:   Apache Tomcat/9.0.82
01-Nov-2023 16:25:27.031 INFO [main] org.apache.catalina.startup.VersionLoggerListener.log Server built:          Oct 11 2023 13:15:08 UTC
01-Nov-2023 16:25:27.031 INFO [main] org.apache.catalina.startup.VersionLoggerListener.log Server version number: 9.0.82.0
01-Nov-2023 16:25:27.031 INFO [main] org.apache.catalina.startup.VersionLoggerListener.log OS Name:               Mac OS X
01-Nov-2023 16:25:27.031 INFO [main] org.apache.catalina.startup.VersionLoggerListener.log OS Version:            14.1
01-Nov-2023 16:25:27.031 INFO [main] org.apache.catalina.startup.VersionLoggerListener.log Architecture:          aarch64
01-Nov-2023 16:25:27.031 INFO [main] org.apache.catalina.startup.VersionLoggerListener.log Java Home:             /Library/Java/JavaVirtualMachines/temurin-17.jdk/Contents/Home
01-Nov-2023 16:25:27.031 INFO [main] org.apache.catalina.startup.VersionLoggerListener.log JVM Version:           17.0.8.1+1
01-Nov-2023 16:25:27.031 INFO [main] org.apache.catalina.startup.VersionLoggerListener.log JVM Vendor:            Eclipse Adoptium
01-Nov-2023 16:25:27.031 INFO [main] org.apache.catalina.startup.VersionLoggerListener.log CATALINA_BASE:         /Users/balakumaranb/JavaServerProjects/apache-tomcat-9.0.82
01-Nov-2023 16:25:27.031 INFO [main] org.apache.catalina.startup.VersionLoggerListener.log CATALINA_HOME:         /Users/balakumaranb/JavaServerProjects/apache-tomcat-9.0.82
01-Nov-2023 16:25:27.037 INFO [main] org.apache.catalina.startup.VersionLoggerListener.log Command line argument: --add-opens=java.base/java.lang=ALL-UNNAMED
01-Nov-2023 16:25:27.038 INFO [main] org.apache.catalina.startup.VersionLoggerListener.log Command line argument: --add-opens=java.base/java.io=ALL-UNNAMED
01-Nov-2023 16:25:27.038 INFO [main] org.apache.catalina.startup.VersionLoggerListener.log Command line argument: --add-opens=java.base/java.util=ALL-UNNAMED
01-Nov-2023 16:25:27.038 INFO [main] org.apache.catalina.startup.VersionLoggerListener.log Command line argument: --add-opens=java.base/java.util.concurrent=ALL-UNNAMED
01-Nov-2023 16:25:27.038 INFO [main] org.apache.catalina.startup.VersionLoggerListener.log Command line argument: --add-opens=java.rmi/sun.rmi.transport=ALL-UNNAMED
01-Nov-2023 16:25:27.038 INFO [main] org.apache.catalina.startup.VersionLoggerListener.log Command line argument: -Djava.util.logging.config.file=/Users/balakumaranb/JavaServerProjects/apache-tomcat-9.0.82/conf/logging.properties
01-Nov-2023 16:25:27.038 INFO [main] org.apache.catalina.startup.VersionLoggerListener.log Command line argument: -Djava.util.logging.manager=org.apache.juli.ClassLoaderLogManager
01-Nov-2023 16:25:27.038 INFO [main] org.apache.catalina.startup.VersionLoggerListener.log Command line argument: -Djdk.tls.ephemeralDHKeySize=2048
01-Nov-2023 16:25:27.038 INFO [main] org.apache.catalina.startup.VersionLoggerListener.log Command line argument: -Djava.protocol.handler.pkgs=org.apache.catalina.webresources
01-Nov-2023 16:25:27.038 INFO [main] org.apache.catalina.startup.VersionLoggerListener.log Command line argument: -Dorg.apache.catalina.security.SecurityListener.UMASK=0027
01-Nov-2023 16:25:27.038 INFO [main] org.apache.catalina.startup.VersionLoggerListener.log Command line argument: -Dignore.endorsed.dirs=
01-Nov-2023 16:25:27.038 INFO [main] org.apache.catalina.startup.VersionLoggerListener.log Command line argument: -Dcatalina.base=/Users/balakumaranb/JavaServerProjects/apache-tomcat-9.0.82
01-Nov-2023 16:25:27.038 INFO [main] org.apache.catalina.startup.VersionLoggerListener.log Command line argument: -Dcatalina.home=/Users/balakumaranb/JavaServerProjects/apache-tomcat-9.0.82
01-Nov-2023 16:25:27.038 INFO [main] org.apache.catalina.startup.VersionLoggerListener.log Command line argument: -Djava.io.tmpdir=/Users/balakumaranb/JavaServerProjects/apache-tomcat-9.0.82/temp
01-Nov-2023 16:25:27.042 INFO [main] org.apache.catalina.core.AprLifecycleListener.lifecycleEvent The Apache Tomcat Native library which allows using OpenSSL was not found on the java.library.path: [/Users/balakumaranb/Library/Java/Extensions:/Library/Java/Extensions:/Network/Library/Java/Extensions:/System/Library/Java/Extensions:/usr/lib/java:.]
01-Nov-2023 16:25:27.161 INFO [main] org.apache.coyote.AbstractProtocol.init Initializing ProtocolHandler ["http-nio-8080"]
01-Nov-2023 16:25:27.174 INFO [main] org.apache.catalina.startup.Catalina.load Server initialization in [218] milliseconds
01-Nov-2023 16:25:27.190 INFO [main] org.apache.catalina.core.StandardService.startInternal Starting service [Catalina]
01-Nov-2023 16:25:27.190 INFO [main] org.apache.catalina.core.StandardEngine.startInternal Starting Servlet engine: [Apache Tomcat/9.0.82]
01-Nov-2023 16:25:27.193 INFO [main] org.apache.catalina.startup.HostConfig.deployDirectory Deploying web application directory [/Users/balakumaranb/JavaServerProjects/apache-tomcat-9.0.82/webapps/battleship1]
01-Nov-2023 16:25:27.296 INFO [main] org.apache.catalina.startup.HostConfig.deployDirectory Deployment of web application directory [/Users/balakumaranb/JavaServerProjects/apache-tomcat-9.0.82/webapps/battleship1] has finished in [103] ms
01-Nov-2023 16:25:27.296 INFO [main] org.apache.catalina.startup.HostConfig.deployDirectory Deploying web application directory [/Users/balakumaranb/JavaServerProjects/apache-tomcat-9.0.82/webapps/docs]
01-Nov-2023 16:25:27.306 INFO [main] org.apache.catalina.startup.HostConfig.deployDirectory Deployment of web application directory [/Users/balakumaranb/JavaServerProjects/apache-tomcat-9.0.82/webapps/docs] has finished in [10] ms
01-Nov-2023 16:25:27.306 INFO [main] org.apache.catalina.startup.HostConfig.deployDirectory Deploying web application directory [/Users/balakumaranb/JavaServerProjects/apache-tomcat-9.0.82/webapps/BattleShip]
01-Nov-2023 16:25:27.318 INFO [main] org.apache.catalina.startup.HostConfig.deployDirectory Deployment of web application directory [/Users/balakumaranb/JavaServerProjects/apache-tomcat-9.0.82/webapps/BattleShip] has finished in [12] ms
01-Nov-2023 16:25:27.318 INFO [main] org.apache.catalina.startup.HostConfig.deployDirectory Deploying web application directory [/Users/balakumaranb/JavaServerProjects/apache-tomcat-9.0.82/webapps/manager]
01-Nov-2023 16:25:27.343 INFO [main] org.apache.catalina.startup.HostConfig.deployDirectory Deployment of web application directory [/Users/balakumaranb/JavaServerProjects/apache-tomcat-9.0.82/webapps/manager] has finished in [25] ms
01-Nov-2023 16:25:27.343 INFO [main] org.apache.catalina.startup.HostConfig.deployDirectory Deploying web application directory [/Users/balakumaranb/JavaServerProjects/apache-tomcat-9.0.82/webapps/examples]
01-Nov-2023 16:25:27.446 INFO [main] org.apache.catalina.startup.HostConfig.deployDirectory Deployment of web application directory [/Users/balakumaranb/JavaServerProjects/apache-tomcat-9.0.82/webapps/examples] has finished in [103] ms
01-Nov-2023 16:25:27.446 INFO [main] org.apache.catalina.startup.HostConfig.deployDirectory Deploying web application directory [/Users/balakumaranb/JavaServerProjects/apache-tomcat-9.0.82/webapps/ROOT]
01-Nov-2023 16:25:27.459 INFO [main] org.apache.catalina.startup.HostConfig.deployDirectory Deployment of web application directory [/Users/balakumaranb/JavaServerProjects/apache-tomcat-9.0.82/webapps/ROOT] has finished in [13] ms
01-Nov-2023 16:25:27.460 INFO [main] org.apache.catalina.startup.HostConfig.deployDirectory Deploying web application directory [/Users/balakumaranb/JavaServerProjects/apache-tomcat-9.0.82/webapps/.vscode]
01-Nov-2023 16:25:27.468 INFO [main] org.apache.catalina.startup.HostConfig.deployDirectory Deployment of web application directory [/Users/balakumaranb/JavaServerProjects/apache-tomcat-9.0.82/webapps/.vscode] has finished in [8] ms
01-Nov-2023 16:25:27.468 INFO [main] org.apache.catalina.startup.HostConfig.deployDirectory Deploying web application directory [/Users/balakumaranb/JavaServerProjects/apache-tomcat-9.0.82/webapps/host-manager]
01-Nov-2023 16:25:27.480 INFO [main] org.apache.catalina.startup.HostConfig.deployDirectory Deployment of web application directory [/Users/balakumaranb/JavaServerProjects/apache-tomcat-9.0.82/webapps/host-manager] has finished in [12] ms
01-Nov-2023 16:25:27.481 INFO [main] org.apache.coyote.AbstractProtocol.start Starting ProtocolHandler ["http-nio-8080"]
01-Nov-2023 16:25:27.488 INFO [main] org.apache.catalina.startup.Catalina.start Server startup in [313] milliseconds
01-Nov-2023 16:33:38.440 INFO [main] org.apache.catalina.core.StandardServer.await A valid shutdown command was received via the shutdown port. Stopping the Server instance.
01-Nov-2023 16:33:38.441 INFO [main] org.apache.coyote.AbstractProtocol.pause Pausing ProtocolHandler ["http-nio-8080"]
01-Nov-2023 16:33:38.444 INFO [main] org.apache.catalina.core.StandardService.stopInternal Stopping service [Catalina]
01-Nov-2023 16:33:38.459 INFO [main] org.apache.coyote.AbstractProtocol.stop Stopping ProtocolHandler ["http-nio-8080"]
01-Nov-2023 16:33:38.470 INFO [main] org.apache.coyote.AbstractProtocol.destroy Destroying ProtocolHandler ["http-nio-8080"]
01-Nov-2023 16:33:42.043 INFO [main] org.apache.catalina.startup.VersionLoggerListener.log Server version name:   Apache Tomcat/9.0.82
01-Nov-2023 16:33:42.045 INFO [main] org.apache.catalina.startup.VersionLoggerListener.log Server built:          Oct 11 2023 13:15:08 UTC
01-Nov-2023 16:33:42.045 INFO [main] org.apache.catalina.startup.VersionLoggerListener.log Server version number: 9.0.82.0
01-Nov-2023 16:33:42.045 INFO [main] org.apache.catalina.startup.VersionLoggerListener.log OS Name:               Mac OS X
01-Nov-2023 16:33:42.045 INFO [main] org.apache.catalina.startup.VersionLoggerListener.log OS Version:            14.1
01-Nov-2023 16:33:42.045 INFO [main] org.apache.catalina.startup.VersionLoggerListener.log Architecture:          aarch64
01-Nov-2023 16:33:42.045 INFO [main] org.apache.catalina.startup.VersionLoggerListener.log Java Home:             /Library/Java/JavaVirtualMachines/temurin-17.jdk/Contents/Home
01-Nov-2023 16:33:42.045 INFO [main] org.apache.catalina.startup.VersionLoggerListener.log JVM Version:           17.0.8.1+1
01-Nov-2023 16:33:42.045 INFO [main] org.apache.catalina.startup.VersionLoggerListener.log JVM Vendor:            Eclipse Adoptium
01-Nov-2023 16:33:42.045 INFO [main] org.apache.catalina.startup.VersionLoggerListener.log CATALINA_BASE:         /Users/balakumaranb/JavaServerProjects/apache-tomcat-9.0.82
01-Nov-2023 16:33:42.045 INFO [main] org.apache.catalina.startup.VersionLoggerListener.log CATALINA_HOME:         /Users/balakumaranb/JavaServerProjects/apache-tomcat-9.0.82
01-Nov-2023 16:33:42.051 INFO [main] org.apache.catalina.startup.VersionLoggerListener.log Command line argument: --add-opens=java.base/java.lang=ALL-UNNAMED
01-Nov-2023 16:33:42.051 INFO [main] org.apache.catalina.startup.VersionLoggerListener.log Command line argument: --add-opens=java.base/java.io=ALL-UNNAMED
01-Nov-2023 16:33:42.051 INFO [main] org.apache.catalina.startup.VersionLoggerListener.log Command line argument: --add-opens=java.base/java.util=ALL-UNNAMED
01-Nov-2023 16:33:42.051 INFO [main] org.apache.catalina.startup.VersionLoggerListener.log Command line argument: --add-opens=java.base/java.util.concurrent=ALL-UNNAMED
01-Nov-2023 16:33:42.051 INFO [main] org.apache.catalina.startup.VersionLoggerListener.log Command line argument: --add-opens=java.rmi/sun.rmi.transport=ALL-UNNAMED
01-Nov-2023 16:33:42.051 INFO [main] org.apache.catalina.startup.VersionLoggerListener.log Command line argument: -Djava.util.logging.config.file=/Users/balakumaranb/JavaServerProjects/apache-tomcat-9.0.82/conf/logging.properties
01-Nov-2023 16:33:42.051 INFO [main] org.apache.catalina.startup.VersionLoggerListener.log Command line argument: -Djava.util.logging.manager=org.apache.juli.ClassLoaderLogManager
01-Nov-2023 16:33:42.051 INFO [main] org.apache.catalina.startup.VersionLoggerListener.log Command line argument: -Djdk.tls.ephemeralDHKeySize=2048
01-Nov-2023 16:33:42.051 INFO [main] org.apache.catalina.startup.VersionLoggerListener.log Command line argument: -Djava.protocol.handler.pkgs=org.apache.catalina.webresources
01-Nov-2023 16:33:42.051 INFO [main] org.apache.catalina.startup.VersionLoggerListener.log Command line argument: -Dorg.apache.catalina.security.SecurityListener.UMASK=0027
01-Nov-2023 16:33:42.051 INFO [main] org.apache.catalina.startup.VersionLoggerListener.log Command line argument: -Dignore.endorsed.dirs=
01-Nov-2023 16:33:42.051 INFO [main] org.apache.catalina.startup.VersionLoggerListener.log Command line argument: -Dcatalina.base=/Users/balakumaranb/JavaServerProjects/apache-tomcat-9.0.82
01-Nov-2023 16:33:42.051 INFO [main] org.apache.catalina.startup.VersionLoggerListener.log Command line argument: -Dcatalina.home=/Users/balakumaranb/JavaServerProjects/apache-tomcat-9.0.82
01-Nov-2023 16:33:42.051 INFO [main] org.apache.catalina.startup.VersionLoggerListener.log Command line argument: -Djava.io.tmpdir=/Users/balakumaranb/JavaServerProjects/apache-tomcat-9.0.82/temp
01-Nov-2023 16:33:42.055 INFO [main] org.apache.catalina.core.AprLifecycleListener.lifecycleEvent The Apache Tomcat Native library which allows using OpenSSL was not found on the java.library.path: [/Users/balakumaranb/Library/Java/Extensions:/Library/Java/Extensions:/Network/Library/Java/Extensions:/System/Library/Java/Extensions:/usr/lib/java:.]
01-Nov-2023 16:33:42.174 INFO [main] org.apache.coyote.AbstractProtocol.init Initializing ProtocolHandler ["http-nio-8080"]
01-Nov-2023 16:33:42.188 INFO [main] org.apache.catalina.startup.Catalina.load Server initialization in [218] milliseconds
01-Nov-2023 16:33:42.205 INFO [main] org.apache.catalina.core.StandardService.startInternal Starting service [Catalina]
01-Nov-2023 16:33:42.205 INFO [main] org.apache.catalina.core.StandardEngine.startInternal Starting Servlet engine: [Apache Tomcat/9.0.82]
01-Nov-2023 16:33:42.208 INFO [main] org.apache.catalina.startup.HostConfig.deployDirectory Deploying web application directory [/Users/balakumaranb/JavaServerProjects/apache-tomcat-9.0.82/webapps/battleship1]
01-Nov-2023 16:33:42.316 INFO [main] org.apache.catalina.startup.HostConfig.deployDirectory Deployment of web application directory [/Users/balakumaranb/JavaServerProjects/apache-tomcat-9.0.82/webapps/battleship1] has finished in [108] ms
01-Nov-2023 16:33:42.316 INFO [main] org.apache.catalina.startup.HostConfig.deployDirectory Deploying web application directory [/Users/balakumaranb/JavaServerProjects/apache-tomcat-9.0.82/webapps/docs]
01-Nov-2023 16:33:42.326 INFO [main] org.apache.catalina.startup.HostConfig.deployDirectory Deployment of web application directory [/Users/balakumaranb/JavaServerProjects/apache-tomcat-9.0.82/webapps/docs] has finished in [10] ms
01-Nov-2023 16:33:42.327 INFO [main] org.apache.catalina.startup.HostConfig.deployDirectory Deploying web application directory [/Users/balakumaranb/JavaServerProjects/apache-tomcat-9.0.82/webapps/BattleShip]
01-Nov-2023 16:33:42.338 INFO [main] org.apache.catalina.startup.HostConfig.deployDirectory Deployment of web application directory [/Users/balakumaranb/JavaServerProjects/apache-tomcat-9.0.82/webapps/BattleShip] has finished in [12] ms
01-Nov-2023 16:33:42.338 INFO [main] org.apache.catalina.startup.HostConfig.deployDirectory Deploying web application directory [/Users/balakumaranb/JavaServerProjects/apache-tomcat-9.0.82/webapps/manager]
01-Nov-2023 16:33:42.363 INFO [main] org.apache.catalina.startup.HostConfig.deployDirectory Deployment of web application directory [/Users/balakumaranb/JavaServerProjects/apache-tomcat-9.0.82/webapps/manager] has finished in [25] ms
01-Nov-2023 16:33:42.363 INFO [main] org.apache.catalina.startup.HostConfig.deployDirectory Deploying web application directory [/Users/balakumaranb/JavaServerProjects/apache-tomcat-9.0.82/webapps/examples]
01-Nov-2023 16:33:42.460 INFO [main] org.apache.catalina.startup.HostConfig.deployDirectory Deployment of web application directory [/Users/balakumaranb/JavaServerProjects/apache-tomcat-9.0.82/webapps/examples] has finished in [97] ms
01-Nov-2023 16:33:42.460 INFO [main] org.apache.catalina.startup.HostConfig.deployDirectory Deploying web application directory [/Users/balakumaranb/JavaServerProjects/apache-tomcat-9.0.82/webapps/ROOT]
01-Nov-2023 16:33:42.470 INFO [main] org.apache.catalina.startup.HostConfig.deployDirectory Deployment of web application directory [/Users/balakumaranb/JavaServerProjects/apache-tomcat-9.0.82/webapps/ROOT] has finished in [10] ms
01-Nov-2023 16:33:42.470 INFO [main] org.apache.catalina.startup.HostConfig.deployDirectory Deploying web application directory [/Users/balakumaranb/JavaServerProjects/apache-tomcat-9.0.82/webapps/.vscode]
01-Nov-2023 16:33:42.476 INFO [main] org.apache.catalina.startup.HostConfig.deployDirectory Deployment of web application directory [/Users/balakumaranb/JavaServerProjects/apache-tomcat-9.0.82/webapps/.vscode] has finished in [6] ms
01-Nov-2023 16:33:42.476 INFO [main] org.apache.catalina.startup.HostConfig.deployDirectory Deploying web application directory [/Users/balakumaranb/JavaServerProjects/apache-tomcat-9.0.82/webapps/host-manager]
01-Nov-2023 16:33:42.484 INFO [main] org.apache.catalina.startup.HostConfig.deployDirectory Deployment of web application directory [/Users/balakumaranb/JavaServerProjects/apache-tomcat-9.0.82/webapps/host-manager] has finished in [8] ms
01-Nov-2023 16:33:42.486 INFO [main] org.apache.coyote.AbstractProtocol.start Starting ProtocolHandler ["http-nio-8080"]
01-Nov-2023 16:33:42.491 INFO [main] org.apache.catalina.startup.Catalina.start Server startup in [302] milliseconds
01-Nov-2023 16:37:30.324 INFO [main] org.apache.catalina.core.StandardServer.await A valid shutdown command was received via the shutdown port. Stopping the Server instance.
01-Nov-2023 16:37:30.325 INFO [main] org.apache.coyote.AbstractProtocol.pause Pausing ProtocolHandler ["http-nio-8080"]
01-Nov-2023 16:37:30.328 INFO [main] org.apache.catalina.core.StandardService.stopInternal Stopping service [Catalina]
01-Nov-2023 16:37:30.342 INFO [main] org.apache.coyote.AbstractProtocol.stop Stopping ProtocolHandler ["http-nio-8080"]
01-Nov-2023 16:37:30.354 INFO [main] org.apache.coyote.AbstractProtocol.destroy Destroying ProtocolHandler ["http-nio-8080"]
01-Nov-2023 16:37:33.652 INFO [main] org.apache.catalina.startup.VersionLoggerListener.log Server version name:   Apache Tomcat/9.0.82
01-Nov-2023 16:37:33.654 INFO [main] org.apache.catalina.startup.VersionLoggerListener.log Server built:          Oct 11 2023 13:15:08 UTC
01-Nov-2023 16:37:33.654 INFO [main] org.apache.catalina.startup.VersionLoggerListener.log Server version number: 9.0.82.0
01-Nov-2023 16:37:33.654 INFO [main] org.apache.catalina.startup.VersionLoggerListener.log OS Name:               Mac OS X
01-Nov-2023 16:37:33.654 INFO [main] org.apache.catalina.startup.VersionLoggerListener.log OS Version:            14.1
01-Nov-2023 16:37:33.654 INFO [main] org.apache.catalina.startup.VersionLoggerListener.log Architecture:          aarch64
01-Nov-2023 16:37:33.654 INFO [main] org.apache.catalina.startup.VersionLoggerListener.log Java Home:             /Library/Java/JavaVirtualMachines/temurin-17.jdk/Contents/Home
01-Nov-2023 16:37:33.654 INFO [main] org.apache.catalina.startup.VersionLoggerListener.log JVM Version:           17.0.8.1+1
01-Nov-2023 16:37:33.654 INFO [main] org.apache.catalina.startup.VersionLoggerListener.log JVM Vendor:            Eclipse Adoptium
01-Nov-2023 16:37:33.654 INFO [main] org.apache.catalina.startup.VersionLoggerListener.log CATALINA_BASE:         /Users/balakumaranb/JavaServerProjects/apache-tomcat-9.0.82
01-Nov-2023 16:37:33.654 INFO [main] org.apache.catalina.startup.VersionLoggerListener.log CATALINA_HOME:         /Users/balakumaranb/JavaServerProjects/apache-tomcat-9.0.82
01-Nov-2023 16:37:33.660 INFO [main] org.apache.catalina.startup.VersionLoggerListener.log Command line argument: --add-opens=java.base/java.lang=ALL-UNNAMED
01-Nov-2023 16:37:33.660 INFO [main] org.apache.catalina.startup.VersionLoggerListener.log Command line argument: --add-opens=java.base/java.io=ALL-UNNAMED
01-Nov-2023 16:37:33.660 INFO [main] org.apache.catalina.startup.VersionLoggerListener.log Command line argument: --add-opens=java.base/java.util=ALL-UNNAMED
01-Nov-2023 16:37:33.660 INFO [main] org.apache.catalina.startup.VersionLoggerListener.log Command line argument: --add-opens=java.base/java.util.concurrent=ALL-UNNAMED
01-Nov-2023 16:37:33.660 INFO [main] org.apache.catalina.startup.VersionLoggerListener.log Command line argument: --add-opens=java.rmi/sun.rmi.transport=ALL-UNNAMED
01-Nov-2023 16:37:33.660 INFO [main] org.apache.catalina.startup.VersionLoggerListener.log Command line argument: -Djava.util.logging.config.file=/Users/balakumaranb/JavaServerProjects/apache-tomcat-9.0.82/conf/logging.properties
01-Nov-2023 16:37:33.660 INFO [main] org.apache.catalina.startup.VersionLoggerListener.log Command line argument: -Djava.util.logging.manager=org.apache.juli.ClassLoaderLogManager
01-Nov-2023 16:37:33.661 INFO [main] org.apache.catalina.startup.VersionLoggerListener.log Command line argument: -Djdk.tls.ephemeralDHKeySize=2048
01-Nov-2023 16:37:33.661 INFO [main] org.apache.catalina.startup.VersionLoggerListener.log Command line argument: -Djava.protocol.handler.pkgs=org.apache.catalina.webresources
01-Nov-2023 16:37:33.661 INFO [main] org.apache.catalina.startup.VersionLoggerListener.log Command line argument: -Dorg.apache.catalina.security.SecurityListener.UMASK=0027
01-Nov-2023 16:37:33.661 INFO [main] org.apache.catalina.startup.VersionLoggerListener.log Command line argument: -Dignore.endorsed.dirs=
01-Nov-2023 16:37:33.661 INFO [main] org.apache.catalina.startup.VersionLoggerListener.log Command line argument: -Dcatalina.base=/Users/balakumaranb/JavaServerProjects/apache-tomcat-9.0.82
01-Nov-2023 16:37:33.661 INFO [main] org.apache.catalina.startup.VersionLoggerListener.log Command line argument: -Dcatalina.home=/Users/balakumaranb/JavaServerProjects/apache-tomcat-9.0.82
01-Nov-2023 16:37:33.661 INFO [main] org.apache.catalina.startup.VersionLoggerListener.log Command line argument: -Djava.io.tmpdir=/Users/balakumaranb/JavaServerProjects/apache-tomcat-9.0.82/temp
01-Nov-2023 16:37:33.665 INFO [main] org.apache.catalina.core.AprLifecycleListener.lifecycleEvent The Apache Tomcat Native library which allows using OpenSSL was not found on the java.library.path: [/Users/balakumaranb/Library/Java/Extensions:/Library/Java/Extensions:/Network/Library/Java/Extensions:/System/Library/Java/Extensions:/usr/lib/java:.]
01-Nov-2023 16:37:33.783 INFO [main] org.apache.coyote.AbstractProtocol.init Initializing ProtocolHandler ["http-nio-8080"]
01-Nov-2023 16:37:33.796 INFO [main] org.apache.catalina.startup.Catalina.load Server initialization in [216] milliseconds
01-Nov-2023 16:37:33.811 INFO [main] org.apache.catalina.core.StandardService.startInternal Starting service [Catalina]
01-Nov-2023 16:37:33.813 INFO [main] org.apache.catalina.core.StandardEngine.startInternal Starting Servlet engine: [Apache Tomcat/9.0.82]
01-Nov-2023 16:37:33.816 INFO [main] org.apache.catalina.startup.HostConfig.deployDirectory Deploying web application directory [/Users/balakumaranb/JavaServerProjects/apache-tomcat-9.0.82/webapps/battleship1]
01-Nov-2023 16:37:33.929 INFO [main] org.apache.catalina.startup.HostConfig.deployDirectory Deployment of web application directory [/Users/balakumaranb/JavaServerProjects/apache-tomcat-9.0.82/webapps/battleship1] has finished in [113] ms
01-Nov-2023 16:37:33.929 INFO [main] org.apache.catalina.startup.HostConfig.deployDirectory Deploying web application directory [/Users/balakumaranb/JavaServerProjects/apache-tomcat-9.0.82/webapps/docs]
01-Nov-2023 16:37:33.940 INFO [main] org.apache.catalina.startup.HostConfig.deployDirectory Deployment of web application directory [/Users/balakumaranb/JavaServerProjects/apache-tomcat-9.0.82/webapps/docs] has finished in [11] ms
01-Nov-2023 16:37:33.940 INFO [main] org.apache.catalina.startup.HostConfig.deployDirectory Deploying web application directory [/Users/balakumaranb/JavaServerProjects/apache-tomcat-9.0.82/webapps/BattleShip]
01-Nov-2023 16:37:33.951 INFO [main] org.apache.catalina.startup.HostConfig.deployDirectory Deployment of web application directory [/Users/balakumaranb/JavaServerProjects/apache-tomcat-9.0.82/webapps/BattleShip] has finished in [11] ms
01-Nov-2023 16:37:33.952 INFO [main] org.apache.catalina.startup.HostConfig.deployDirectory Deploying web application directory [/Users/balakumaranb/JavaServerProjects/apache-tomcat-9.0.82/webapps/manager]
01-Nov-2023 16:37:33.976 INFO [main] org.apache.catalina.startup.HostConfig.deployDirectory Deployment of web application directory [/Users/balakumaranb/JavaServerProjects/apache-tomcat-9.0.82/webapps/manager] has finished in [24] ms
01-Nov-2023 16:37:33.976 INFO [main] org.apache.catalina.startup.HostConfig.deployDirectory Deploying web application directory [/Users/balakumaranb/JavaServerProjects/apache-tomcat-9.0.82/webapps/examples]
01-Nov-2023 16:37:34.067 INFO [main] org.apache.catalina.startup.HostConfig.deployDirectory Deployment of web application directory [/Users/balakumaranb/JavaServerProjects/apache-tomcat-9.0.82/webapps/examples] has finished in [91] ms
01-Nov-2023 16:37:34.067 INFO [main] org.apache.catalina.startup.HostConfig.deployDirectory Deploying web application directory [/Users/balakumaranb/JavaServerProjects/apache-tomcat-9.0.82/webapps/ROOT]
01-Nov-2023 16:37:34.076 INFO [main] org.apache.catalina.startup.HostConfig.deployDirectory Deployment of web application directory [/Users/balakumaranb/JavaServerProjects/apache-tomcat-9.0.82/webapps/ROOT] has finished in [9] ms
01-Nov-2023 16:37:34.076 INFO [main] org.apache.catalina.startup.HostConfig.deployDirectory Deploying web application directory [/Users/balakumaranb/JavaServerProjects/apache-tomcat-9.0.82/webapps/.vscode]
01-Nov-2023 16:37:34.082 INFO [main] org.apache.catalina.startup.HostConfig.deployDirectory Deployment of web application directory [/Users/balakumaranb/JavaServerProjects/apache-tomcat-9.0.82/webapps/.vscode] has finished in [6] ms
01-Nov-2023 16:37:34.082 INFO [main] org.apache.catalina.startup.HostConfig.deployDirectory Deploying web application directory [/Users/balakumaranb/JavaServerProjects/apache-tomcat-9.0.82/webapps/host-manager]
01-Nov-2023 16:37:34.090 INFO [main] org.apache.catalina.startup.HostConfig.deployDirectory Deployment of web application directory [/Users/balakumaranb/JavaServerProjects/apache-tomcat-9.0.82/webapps/host-manager] has finished in [8] ms
01-Nov-2023 16:37:34.092 INFO [main] org.apache.coyote.AbstractProtocol.start Starting ProtocolHandler ["http-nio-8080"]
01-Nov-2023 16:37:34.097 INFO [main] org.apache.catalina.startup.Catalina.start Server startup in [300] milliseconds
01-Nov-2023 16:43:45.837 INFO [main] org.apache.catalina.core.StandardServer.await A valid shutdown command was received via the shutdown port. Stopping the Server instance.
01-Nov-2023 16:43:45.838 INFO [main] org.apache.coyote.AbstractProtocol.pause Pausing ProtocolHandler ["http-nio-8080"]
01-Nov-2023 16:43:45.841 INFO [main] org.apache.catalina.core.StandardService.stopInternal Stopping service [Catalina]
01-Nov-2023 16:43:45.857 INFO [main] org.apache.coyote.AbstractProtocol.stop Stopping ProtocolHandler ["http-nio-8080"]
01-Nov-2023 16:43:45.867 INFO [main] org.apache.coyote.AbstractProtocol.destroy Destroying ProtocolHandler ["http-nio-8080"]
01-Nov-2023 16:43:49.206 INFO [main] org.apache.catalina.startup.VersionLoggerListener.log Server version name:   Apache Tomcat/9.0.82
01-Nov-2023 16:43:49.208 INFO [main] org.apache.catalina.startup.VersionLoggerListener.log Server built:          Oct 11 2023 13:15:08 UTC
01-Nov-2023 16:43:49.208 INFO [main] org.apache.catalina.startup.VersionLoggerListener.log Server version number: 9.0.82.0
01-Nov-2023 16:43:49.208 INFO [main] org.apache.catalina.startup.VersionLoggerListener.log OS Name:               Mac OS X
01-Nov-2023 16:43:49.208 INFO [main] org.apache.catalina.startup.VersionLoggerListener.log OS Version:            14.1
01-Nov-2023 16:43:49.208 INFO [main] org.apache.catalina.startup.VersionLoggerListener.log Architecture:          aarch64
01-Nov-2023 16:43:49.208 INFO [main] org.apache.catalina.startup.VersionLoggerListener.log Java Home:             /Library/Java/JavaVirtualMachines/temurin-17.jdk/Contents/Home
01-Nov-2023 16:43:49.208 INFO [main] org.apache.catalina.startup.VersionLoggerListener.log JVM Version:           17.0.8.1+1
01-Nov-2023 16:43:49.208 INFO [main] org.apache.catalina.startup.VersionLoggerListener.log JVM Vendor:            Eclipse Adoptium
01-Nov-2023 16:43:49.208 INFO [main] org.apache.catalina.startup.VersionLoggerListener.log CATALINA_BASE:         /Users/balakumaranb/JavaServerProjects/apache-tomcat-9.0.82
01-Nov-2023 16:43:49.208 INFO [main] org.apache.catalina.startup.VersionLoggerListener.log CATALINA_HOME:         /Users/balakumaranb/JavaServerProjects/apache-tomcat-9.0.82
01-Nov-2023 16:43:49.214 INFO [main] org.apache.catalina.startup.VersionLoggerListener.log Command line argument: --add-opens=java.base/java.lang=ALL-UNNAMED
01-Nov-2023 16:43:49.214 INFO [main] org.apache.catalina.startup.VersionLoggerListener.log Command line argument: --add-opens=java.base/java.io=ALL-UNNAMED
01-Nov-2023 16:43:49.214 INFO [main] org.apache.catalina.startup.VersionLoggerListener.log Command line argument: --add-opens=java.base/java.util=ALL-UNNAMED
01-Nov-2023 16:43:49.214 INFO [main] org.apache.catalina.startup.VersionLoggerListener.log Command line argument: --add-opens=java.base/java.util.concurrent=ALL-UNNAMED
01-Nov-2023 16:43:49.214 INFO [main] org.apache.catalina.startup.VersionLoggerListener.log Command line argument: --add-opens=java.rmi/sun.rmi.transport=ALL-UNNAMED
01-Nov-2023 16:43:49.214 INFO [main] org.apache.catalina.startup.VersionLoggerListener.log Command line argument: -Djava.util.logging.config.file=/Users/balakumaranb/JavaServerProjects/apache-tomcat-9.0.82/conf/logging.properties
01-Nov-2023 16:43:49.214 INFO [main] org.apache.catalina.startup.VersionLoggerListener.log Command line argument: -Djava.util.logging.manager=org.apache.juli.ClassLoaderLogManager
01-Nov-2023 16:43:49.214 INFO [main] org.apache.catalina.startup.VersionLoggerListener.log Command line argument: -Djdk.tls.ephemeralDHKeySize=2048
01-Nov-2023 16:43:49.214 INFO [main] org.apache.catalina.startup.VersionLoggerListener.log Command line argument: -Djava.protocol.handler.pkgs=org.apache.catalina.webresources
01-Nov-2023 16:43:49.214 INFO [main] org.apache.catalina.startup.VersionLoggerListener.log Command line argument: -Dorg.apache.catalina.security.SecurityListener.UMASK=0027
01-Nov-2023 16:43:49.214 INFO [main] org.apache.catalina.startup.VersionLoggerListener.log Command line argument: -Dignore.endorsed.dirs=
01-Nov-2023 16:43:49.215 INFO [main] org.apache.catalina.startup.VersionLoggerListener.log Command line argument: -Dcatalina.base=/Users/balakumaranb/JavaServerProjects/apache-tomcat-9.0.82
01-Nov-2023 16:43:49.215 INFO [main] org.apache.catalina.startup.VersionLoggerListener.log Command line argument: -Dcatalina.home=/Users/balakumaranb/JavaServerProjects/apache-tomcat-9.0.82
01-Nov-2023 16:43:49.215 INFO [main] org.apache.catalina.startup.VersionLoggerListener.log Command line argument: -Djava.io.tmpdir=/Users/balakumaranb/JavaServerProjects/apache-tomcat-9.0.82/temp
01-Nov-2023 16:43:49.219 INFO [main] org.apache.catalina.core.AprLifecycleListener.lifecycleEvent The Apache Tomcat Native library which allows using OpenSSL was not found on the java.library.path: [/Users/balakumaranb/Library/Java/Extensions:/Library/Java/Extensions:/Network/Library/Java/Extensions:/System/Library/Java/Extensions:/usr/lib/java:.]
01-Nov-2023 16:43:49.334 INFO [main] org.apache.coyote.AbstractProtocol.init Initializing ProtocolHandler ["http-nio-8080"]
01-Nov-2023 16:43:49.348 INFO [main] org.apache.catalina.startup.Catalina.load Server initialization in [214] milliseconds
01-Nov-2023 16:43:49.364 INFO [main] org.apache.catalina.core.StandardService.startInternal Starting service [Catalina]
01-Nov-2023 16:43:49.364 INFO [main] org.apache.catalina.core.StandardEngine.startInternal Starting Servlet engine: [Apache Tomcat/9.0.82]
01-Nov-2023 16:43:49.367 INFO [main] org.apache.catalina.startup.HostConfig.deployDirectory Deploying web application directory [/Users/balakumaranb/JavaServerProjects/apache-tomcat-9.0.82/webapps/battleship1]
01-Nov-2023 16:43:49.472 INFO [main] org.apache.catalina.startup.HostConfig.deployDirectory Deployment of web application directory [/Users/balakumaranb/JavaServerProjects/apache-tomcat-9.0.82/webapps/battleship1] has finished in [105] ms
01-Nov-2023 16:43:49.472 INFO [main] org.apache.catalina.startup.HostConfig.deployDirectory Deploying web application directory [/Users/balakumaranb/JavaServerProjects/apache-tomcat-9.0.82/webapps/docs]
01-Nov-2023 16:43:49.483 INFO [main] org.apache.catalina.startup.HostConfig.deployDirectory Deployment of web application directory [/Users/balakumaranb/JavaServerProjects/apache-tomcat-9.0.82/webapps/docs] has finished in [11] ms
01-Nov-2023 16:43:49.483 INFO [main] org.apache.catalina.startup.HostConfig.deployDirectory Deploying web application directory [/Users/balakumaranb/JavaServerProjects/apache-tomcat-9.0.82/webapps/BattleShip]
01-Nov-2023 16:43:49.496 INFO [main] org.apache.catalina.startup.HostConfig.deployDirectory Deployment of web application directory [/Users/balakumaranb/JavaServerProjects/apache-tomcat-9.0.82/webapps/BattleShip] has finished in [13] ms
01-Nov-2023 16:43:49.496 INFO [main] org.apache.catalina.startup.HostConfig.deployDirectory Deploying web application directory [/Users/balakumaranb/JavaServerProjects/apache-tomcat-9.0.82/webapps/manager]
01-Nov-2023 16:43:49.520 INFO [main] org.apache.catalina.startup.HostConfig.deployDirectory Deployment of web application directory [/Users/balakumaranb/JavaServerProjects/apache-tomcat-9.0.82/webapps/manager] has finished in [24] ms
01-Nov-2023 16:43:49.520 INFO [main] org.apache.catalina.startup.HostConfig.deployDirectory Deploying web application directory [/Users/balakumaranb/JavaServerProjects/apache-tomcat-9.0.82/webapps/examples]
01-Nov-2023 16:43:49.617 INFO [main] org.apache.catalina.startup.HostConfig.deployDirectory Deployment of web application directory [/Users/balakumaranb/JavaServerProjects/apache-tomcat-9.0.82/webapps/examples] has finished in [96] ms
01-Nov-2023 16:43:49.617 INFO [main] org.apache.catalina.startup.HostConfig.deployDirectory Deploying web application directory [/Users/balakumaranb/JavaServerProjects/apache-tomcat-9.0.82/webapps/ROOT]
01-Nov-2023 16:43:49.627 INFO [main] org.apache.catalina.startup.HostConfig.deployDirectory Deployment of web application directory [/Users/balakumaranb/JavaServerProjects/apache-tomcat-9.0.82/webapps/ROOT] has finished in [9] ms
01-Nov-2023 16:43:49.627 INFO [main] org.apache.catalina.startup.HostConfig.deployDirectory Deploying web application directory [/Users/balakumaranb/JavaServerProjects/apache-tomcat-9.0.82/webapps/.vscode]
01-Nov-2023 16:43:49.633 INFO [main] org.apache.catalina.startup.HostConfig.deployDirectory Deployment of web application directory [/Users/balakumaranb/JavaServerProjects/apache-tomcat-9.0.82/webapps/.vscode] has finished in [6] ms
01-Nov-2023 16:43:49.634 INFO [main] org.apache.catalina.startup.HostConfig.deployDirectory Deploying web application directory [/Users/balakumaranb/JavaServerProjects/apache-tomcat-9.0.82/webapps/host-manager]
01-Nov-2023 16:43:49.643 INFO [main] org.apache.catalina.startup.HostConfig.deployDirectory Deployment of web application directory [/Users/balakumaranb/JavaServerProjects/apache-tomcat-9.0.82/webapps/host-manager] has finished in [8] ms
01-Nov-2023 16:43:49.645 INFO [main] org.apache.coyote.AbstractProtocol.start Starting ProtocolHandler ["http-nio-8080"]
01-Nov-2023 16:43:49.658 INFO [main] org.apache.catalina.startup.Catalina.start Server startup in [310] milliseconds
01-Nov-2023 16:46:40.972 INFO [main] org.apache.catalina.core.StandardServer.await A valid shutdown command was received via the shutdown port. Stopping the Server instance.
01-Nov-2023 16:46:40.973 INFO [main] org.apache.coyote.AbstractProtocol.pause Pausing ProtocolHandler ["http-nio-8080"]
01-Nov-2023 16:46:40.974 INFO [main] org.apache.catalina.core.StandardService.stopInternal Stopping service [Catalina]
01-Nov-2023 16:46:40.987 INFO [main] org.apache.coyote.AbstractProtocol.stop Stopping ProtocolHandler ["http-nio-8080"]
01-Nov-2023 16:46:41.000 INFO [main] org.apache.coyote.AbstractProtocol.destroy Destroying ProtocolHandler ["http-nio-8080"]
01-Nov-2023 16:50:10.149 INFO [main] org.apache.catalina.startup.VersionLoggerListener.log Server version name:   Apache Tomcat/9.0.82
01-Nov-2023 16:50:10.151 INFO [main] org.apache.catalina.startup.VersionLoggerListener.log Server built:          Oct 11 2023 13:15:08 UTC
01-Nov-2023 16:50:10.151 INFO [main] org.apache.catalina.startup.VersionLoggerListener.log Server version number: 9.0.82.0
01-Nov-2023 16:50:10.151 INFO [main] org.apache.catalina.startup.VersionLoggerListener.log OS Name:               Mac OS X
01-Nov-2023 16:50:10.151 INFO [main] org.apache.catalina.startup.VersionLoggerListener.log OS Version:            14.1
01-Nov-2023 16:50:10.151 INFO [main] org.apache.catalina.startup.VersionLoggerListener.log Architecture:          aarch64
01-Nov-2023 16:50:10.151 INFO [main] org.apache.catalina.startup.VersionLoggerListener.log Java Home:             /Library/Java/JavaVirtualMachines/temurin-17.jdk/Contents/Home
01-Nov-2023 16:50:10.151 INFO [main] org.apache.catalina.startup.VersionLoggerListener.log JVM Version:           17.0.8.1+1
01-Nov-2023 16:50:10.151 INFO [main] org.apache.catalina.startup.VersionLoggerListener.log JVM Vendor:            Eclipse Adoptium
01-Nov-2023 16:50:10.151 INFO [main] org.apache.catalina.startup.VersionLoggerListener.log CATALINA_BASE:         /Users/balakumaranb/JavaServerProjects/apache-tomcat-9.0.82
01-Nov-2023 16:50:10.151 INFO [main] org.apache.catalina.startup.VersionLoggerListener.log CATALINA_HOME:         /Users/balakumaranb/JavaServerProjects/apache-tomcat-9.0.82
01-Nov-2023 16:50:10.158 INFO [main] org.apache.catalina.startup.VersionLoggerListener.log Command line argument: --add-opens=java.base/java.lang=ALL-UNNAMED
01-Nov-2023 16:50:10.158 INFO [main] org.apache.catalina.startup.VersionLoggerListener.log Command line argument: --add-opens=java.base/java.io=ALL-UNNAMED
01-Nov-2023 16:50:10.158 INFO [main] org.apache.catalina.startup.VersionLoggerListener.log Command line argument: --add-opens=java.base/java.util=ALL-UNNAMED
01-Nov-2023 16:50:10.158 INFO [main] org.apache.catalina.startup.VersionLoggerListener.log Command line argument: --add-opens=java.base/java.util.concurrent=ALL-UNNAMED
01-Nov-2023 16:50:10.158 INFO [main] org.apache.catalina.startup.VersionLoggerListener.log Command line argument: --add-opens=java.rmi/sun.rmi.transport=ALL-UNNAMED
01-Nov-2023 16:50:10.158 INFO [main] org.apache.catalina.startup.VersionLoggerListener.log Command line argument: -Djava.util.logging.config.file=/Users/balakumaranb/JavaServerProjects/apache-tomcat-9.0.82/conf/logging.properties
01-Nov-2023 16:50:10.158 INFO [main] org.apache.catalina.startup.VersionLoggerListener.log Command line argument: -Djava.util.logging.manager=org.apache.juli.ClassLoaderLogManager
01-Nov-2023 16:50:10.158 INFO [main] org.apache.catalina.startup.VersionLoggerListener.log Command line argument: -Djdk.tls.ephemeralDHKeySize=2048
01-Nov-2023 16:50:10.158 INFO [main] org.apache.catalina.startup.VersionLoggerListener.log Command line argument: -Djava.protocol.handler.pkgs=org.apache.catalina.webresources
01-Nov-2023 16:50:10.158 INFO [main] org.apache.catalina.startup.VersionLoggerListener.log Command line argument: -Dorg.apache.catalina.security.SecurityListener.UMASK=0027
01-Nov-2023 16:50:10.159 INFO [main] org.apache.catalina.startup.VersionLoggerListener.log Command line argument: -Dignore.endorsed.dirs=
01-Nov-2023 16:50:10.159 INFO [main] org.apache.catalina.startup.VersionLoggerListener.log Command line argument: -Dcatalina.base=/Users/balakumaranb/JavaServerProjects/apache-tomcat-9.0.82
01-Nov-2023 16:50:10.159 INFO [main] org.apache.catalina.startup.VersionLoggerListener.log Command line argument: -Dcatalina.home=/Users/balakumaranb/JavaServerProjects/apache-tomcat-9.0.82
01-Nov-2023 16:50:10.159 INFO [main] org.apache.catalina.startup.VersionLoggerListener.log Command line argument: -Djava.io.tmpdir=/Users/balakumaranb/JavaServerProjects/apache-tomcat-9.0.82/temp
01-Nov-2023 16:50:10.163 INFO [main] org.apache.catalina.core.AprLifecycleListener.lifecycleEvent The Apache Tomcat Native library which allows using OpenSSL was not found on the java.library.path: [/Users/balakumaranb/Library/Java/Extensions:/Library/Java/Extensions:/Network/Library/Java/Extensions:/System/Library/Java/Extensions:/usr/lib/java:.]
01-Nov-2023 16:50:10.287 INFO [main] org.apache.coyote.AbstractProtocol.init Initializing ProtocolHandler ["http-nio-8080"]
01-Nov-2023 16:50:10.301 INFO [main] org.apache.catalina.startup.Catalina.load Server initialization in [231] milliseconds
01-Nov-2023 16:50:10.318 INFO [main] org.apache.catalina.core.StandardService.startInternal Starting service [Catalina]
01-Nov-2023 16:50:10.318 INFO [main] org.apache.catalina.core.StandardEngine.startInternal Starting Servlet engine: [Apache Tomcat/9.0.82]
01-Nov-2023 16:50:10.320 INFO [main] org.apache.catalina.startup.HostConfig.deployDirectory Deploying web application directory [/Users/balakumaranb/JavaServerProjects/apache-tomcat-9.0.82/webapps/battleship1]
01-Nov-2023 16:50:10.428 INFO [main] org.apache.catalina.startup.HostConfig.deployDirectory Deployment of web application directory [/Users/balakumaranb/JavaServerProjects/apache-tomcat-9.0.82/webapps/battleship1] has finished in [108] ms
01-Nov-2023 16:50:10.428 INFO [main] org.apache.catalina.startup.HostConfig.deployDirectory Deploying web application directory [/Users/balakumaranb/JavaServerProjects/apache-tomcat-9.0.82/webapps/docs]
01-Nov-2023 16:50:10.438 INFO [main] org.apache.catalina.startup.HostConfig.deployDirectory Deployment of web application directory [/Users/balakumaranb/JavaServerProjects/apache-tomcat-9.0.82/webapps/docs] has finished in [10] ms
01-Nov-2023 16:50:10.439 INFO [main] org.apache.catalina.startup.HostConfig.deployDirectory Deploying web application directory [/Users/balakumaranb/JavaServerProjects/apache-tomcat-9.0.82/webapps/BattleShip]
01-Nov-2023 16:50:10.457 INFO [main] org.apache.catalina.startup.HostConfig.deployDirectory Deployment of web application directory [/Users/balakumaranb/JavaServerProjects/apache-tomcat-9.0.82/webapps/BattleShip] has finished in [17] ms
01-Nov-2023 16:50:10.457 INFO [main] org.apache.catalina.startup.HostConfig.deployDirectory Deploying web application directory [/Users/balakumaranb/JavaServerProjects/apache-tomcat-9.0.82/webapps/manager]
01-Nov-2023 16:50:10.478 INFO [main] org.apache.catalina.startup.HostConfig.deployDirectory Deployment of web application directory [/Users/balakumaranb/JavaServerProjects/apache-tomcat-9.0.82/webapps/manager] has finished in [21] ms
01-Nov-2023 16:50:10.478 INFO [main] org.apache.catalina.startup.HostConfig.deployDirectory Deploying web application directory [/Users/balakumaranb/JavaServerProjects/apache-tomcat-9.0.82/webapps/examples]
01-Nov-2023 16:50:10.577 INFO [main] org.apache.catalina.startup.HostConfig.deployDirectory Deployment of web application directory [/Users/balakumaranb/JavaServerProjects/apache-tomcat-9.0.82/webapps/examples] has finished in [99] ms
01-Nov-2023 16:50:10.577 INFO [main] org.apache.catalina.startup.HostConfig.deployDirectory Deploying web application directory [/Users/balakumaranb/JavaServerProjects/apache-tomcat-9.0.82/webapps/ROOT]
01-Nov-2023 16:50:10.584 INFO [main] org.apache.catalina.startup.HostConfig.deployDirectory Deployment of web application directory [/Users/balakumaranb/JavaServerProjects/apache-tomcat-9.0.82/webapps/ROOT] has finished in [7] ms
01-Nov-2023 16:50:10.584 INFO [main] org.apache.catalina.startup.HostConfig.deployDirectory Deploying web application directory [/Users/balakumaranb/JavaServerProjects/apache-tomcat-9.0.82/webapps/.vscode]
01-Nov-2023 16:50:10.590 INFO [main] org.apache.catalina.startup.HostConfig.deployDirectory Deployment of web application directory [/Users/balakumaranb/JavaServerProjects/apache-tomcat-9.0.82/webapps/.vscode] has finished in [6] ms
01-Nov-2023 16:50:10.590 INFO [main] org.apache.catalina.startup.HostConfig.deployDirectory Deploying web application directory [/Users/balakumaranb/JavaServerProjects/apache-tomcat-9.0.82/webapps/host-manager]
01-Nov-2023 16:50:10.599 INFO [main] org.apache.catalina.startup.HostConfig.deployDirectory Deployment of web application directory [/Users/balakumaranb/JavaServerProjects/apache-tomcat-9.0.82/webapps/host-manager] has finished in [8] ms
01-Nov-2023 16:50:10.600 INFO [main] org.apache.coyote.AbstractProtocol.start Starting ProtocolHandler ["http-nio-8080"]
01-Nov-2023 16:50:10.605 INFO [main] org.apache.catalina.startup.Catalina.start Server startup in [303] milliseconds
01-Nov-2023 16:50:24.190 INFO [main] org.apache.catalina.core.StandardServer.await A valid shutdown command was received via the shutdown port. Stopping the Server instance.
01-Nov-2023 16:50:24.190 INFO [main] org.apache.coyote.AbstractProtocol.pause Pausing ProtocolHandler ["http-nio-8080"]
01-Nov-2023 16:50:24.192 INFO [main] org.apache.catalina.core.StandardService.stopInternal Stopping service [Catalina]
01-Nov-2023 16:50:24.204 INFO [main] org.apache.coyote.AbstractProtocol.stop Stopping ProtocolHandler ["http-nio-8080"]
01-Nov-2023 16:50:24.217 INFO [main] org.apache.coyote.AbstractProtocol.destroy Destroying ProtocolHandler ["http-nio-8080"]
