02-Nov-2023 10:03:47.914 INFO [main] org.apache.catalina.startup.VersionLoggerListener.log Server version name:   Apache Tomcat/9.0.82
02-Nov-2023 10:03:47.916 INFO [main] org.apache.catalina.startup.VersionLoggerListener.log Server built:          Oct 11 2023 13:15:08 UTC
02-Nov-2023 10:03:47.917 INFO [main] org.apache.catalina.startup.VersionLoggerListener.log Server version number: 9.0.82.0
02-Nov-2023 10:03:47.917 INFO [main] org.apache.catalina.startup.VersionLoggerListener.log OS Name:               Mac OS X
02-Nov-2023 10:03:47.917 INFO [main] org.apache.catalina.startup.VersionLoggerListener.log OS Version:            14.1
02-Nov-2023 10:03:47.917 INFO [main] org.apache.catalina.startup.VersionLoggerListener.log Architecture:          aarch64
02-Nov-2023 10:03:47.917 INFO [main] org.apache.catalina.startup.VersionLoggerListener.log Java Home:             /Library/Java/JavaVirtualMachines/temurin-17.jdk/Contents/Home
02-Nov-2023 10:03:47.917 INFO [main] org.apache.catalina.startup.VersionLoggerListener.log JVM Version:           17.0.8.1+1
02-Nov-2023 10:03:47.917 INFO [main] org.apache.catalina.startup.VersionLoggerListener.log JVM Vendor:            Eclipse Adoptium
02-Nov-2023 10:03:47.917 INFO [main] org.apache.catalina.startup.VersionLoggerListener.log CATALINA_BASE:         /Users/balakumaranb/JavaServerProjects/apache-tomcat-9.0.82
02-Nov-2023 10:03:47.917 INFO [main] org.apache.catalina.startup.VersionLoggerListener.log CATALINA_HOME:         /Users/balakumaranb/JavaServerProjects/apache-tomcat-9.0.82
02-Nov-2023 10:03:47.931 INFO [main] org.apache.catalina.startup.VersionLoggerListener.log Command line argument: --add-opens=java.base/java.lang=ALL-UNNAMED
02-Nov-2023 10:03:47.931 INFO [main] org.apache.catalina.startup.VersionLoggerListener.log Command line argument: --add-opens=java.base/java.io=ALL-UNNAMED
02-Nov-2023 10:03:47.931 INFO [main] org.apache.catalina.startup.VersionLoggerListener.log Command line argument: --add-opens=java.base/java.util=ALL-UNNAMED
02-Nov-2023 10:03:47.931 INFO [main] org.apache.catalina.startup.VersionLoggerListener.log Command line argument: --add-opens=java.base/java.util.concurrent=ALL-UNNAMED
02-Nov-2023 10:03:47.931 INFO [main] org.apache.catalina.startup.VersionLoggerListener.log Command line argument: --add-opens=java.rmi/sun.rmi.transport=ALL-UNNAMED
02-Nov-2023 10:03:47.931 INFO [main] org.apache.catalina.startup.VersionLoggerListener.log Command line argument: -Djava.util.logging.config.file=/Users/balakumaranb/JavaServerProjects/apache-tomcat-9.0.82/conf/logging.properties
02-Nov-2023 10:03:47.931 INFO [main] org.apache.catalina.startup.VersionLoggerListener.log Command line argument: -Djava.util.logging.manager=org.apache.juli.ClassLoaderLogManager
02-Nov-2023 10:03:47.931 INFO [main] org.apache.catalina.startup.VersionLoggerListener.log Command line argument: -Djdk.tls.ephemeralDHKeySize=2048
02-Nov-2023 10:03:47.931 INFO [main] org.apache.catalina.startup.VersionLoggerListener.log Command line argument: -Djava.protocol.handler.pkgs=org.apache.catalina.webresources
02-Nov-2023 10:03:47.931 INFO [main] org.apache.catalina.startup.VersionLoggerListener.log Command line argument: -Dorg.apache.catalina.security.SecurityListener.UMASK=0027
02-Nov-2023 10:03:47.931 INFO [main] org.apache.catalina.startup.VersionLoggerListener.log Command line argument: -Dignore.endorsed.dirs=
02-Nov-2023 10:03:47.932 INFO [main] org.apache.catalina.startup.VersionLoggerListener.log Command line argument: -Dcatalina.base=/Users/balakumaranb/JavaServerProjects/apache-tomcat-9.0.82
02-Nov-2023 10:03:47.932 INFO [main] org.apache.catalina.startup.VersionLoggerListener.log Command line argument: -Dcatalina.home=/Users/balakumaranb/JavaServerProjects/apache-tomcat-9.0.82
02-Nov-2023 10:03:47.932 INFO [main] org.apache.catalina.startup.VersionLoggerListener.log Command line argument: -Djava.io.tmpdir=/Users/balakumaranb/JavaServerProjects/apache-tomcat-9.0.82/temp
02-Nov-2023 10:03:47.936 INFO [main] org.apache.catalina.core.AprLifecycleListener.lifecycleEvent The Apache Tomcat Native library which allows using OpenSSL was not found on the java.library.path: [/Users/balakumaranb/Library/Java/Extensions:/Library/Java/Extensions:/Network/Library/Java/Extensions:/System/Library/Java/Extensions:/usr/lib/java:.]
02-Nov-2023 10:03:48.072 INFO [main] org.apache.coyote.AbstractProtocol.init Initializing ProtocolHandler ["http-nio-8080"]
02-Nov-2023 10:03:48.084 SEVERE [main] org.apache.catalina.util.LifecycleBase.handleSubClassException Failed to initialize component [Connector["http-nio-8080"]]
	org.apache.catalina.LifecycleException: Protocol handler initialization failed
		at org.apache.catalina.connector.Connector.initInternal(Connector.java:1011)
		at org.apache.catalina.util.LifecycleBase.init(LifecycleBase.java:127)
		at org.apache.catalina.core.StandardService.initInternal(StandardService.java:554)
		at org.apache.catalina.util.LifecycleBase.init(LifecycleBase.java:127)
		at org.apache.catalina.core.StandardServer.initInternal(StandardServer.java:1039)
		at org.apache.catalina.util.LifecycleBase.init(LifecycleBase.java:127)
		at org.apache.catalina.startup.Catalina.load(Catalina.java:724)
		at org.apache.catalina.startup.Catalina.load(Catalina.java:746)
		at java.base/jdk.internal.reflect.NativeMethodAccessorImpl.invoke0(Native Method)
		at java.base/jdk.internal.reflect.NativeMethodAccessorImpl.invoke(NativeMethodAccessorImpl.java:77)
		at java.base/jdk.internal.reflect.DelegatingMethodAccessorImpl.invoke(DelegatingMethodAccessorImpl.java:43)
		at java.base/java.lang.reflect.Method.invoke(Method.java:568)
		at org.apache.catalina.startup.Bootstrap.load(Bootstrap.java:307)
		at org.apache.catalina.startup.Bootstrap.main(Bootstrap.java:477)
	Caused by: java.net.BindException: Address already in use
		at java.base/sun.nio.ch.Net.bind0(Native Method)
		at java.base/sun.nio.ch.Net.bind(Net.java:555)
		at java.base/sun.nio.ch.ServerSocketChannelImpl.netBind(ServerSocketChannelImpl.java:337)
		at java.base/sun.nio.ch.ServerSocketChannelImpl.bind(ServerSocketChannelImpl.java:294)
		at org.apache.tomcat.util.net.NioEndpoint.initServerSocket(NioEndpoint.java:276)
		at org.apache.tomcat.util.net.NioEndpoint.bind(NioEndpoint.java:231)
		at org.apache.tomcat.util.net.AbstractEndpoint.bindWithCleanup(AbstractEndpoint.java:1326)
		at org.apache.tomcat.util.net.AbstractEndpoint.init(AbstractEndpoint.java:1339)
		at org.apache.coyote.AbstractProtocol.init(AbstractProtocol.java:654)
		at org.apache.coyote.http11.AbstractHttp11Protocol.init(AbstractHttp11Protocol.java:75)
		at org.apache.catalina.connector.Connector.initInternal(Connector.java:1009)
		... 13 more
02-Nov-2023 10:03:48.085 INFO [main] org.apache.catalina.startup.Catalina.load Server initialization in [266] milliseconds
02-Nov-2023 10:03:48.105 INFO [main] org.apache.catalina.core.StandardService.startInternal Starting service [Catalina]
02-Nov-2023 10:03:48.105 INFO [main] org.apache.catalina.core.StandardEngine.startInternal Starting Servlet engine: [Apache Tomcat/9.0.82]
02-Nov-2023 10:03:48.109 INFO [main] org.apache.catalina.startup.HostConfig.deployDirectory Deploying web application directory [/Users/balakumaranb/JavaServerProjects/apache-tomcat-9.0.82/webapps/battleship1]
02-Nov-2023 10:03:48.238 INFO [main] org.apache.catalina.startup.HostConfig.deployDirectory Deployment of web application directory [/Users/balakumaranb/JavaServerProjects/apache-tomcat-9.0.82/webapps/battleship1] has finished in [129] ms
02-Nov-2023 10:03:48.238 INFO [main] org.apache.catalina.startup.HostConfig.deployDirectory Deploying web application directory [/Users/balakumaranb/JavaServerProjects/apache-tomcat-9.0.82/webapps/docs]
02-Nov-2023 10:03:48.251 INFO [main] org.apache.catalina.startup.HostConfig.deployDirectory Deployment of web application directory [/Users/balakumaranb/JavaServerProjects/apache-tomcat-9.0.82/webapps/docs] has finished in [13] ms
02-Nov-2023 10:03:48.251 INFO [main] org.apache.catalina.startup.HostConfig.deployDirectory Deploying web application directory [/Users/balakumaranb/JavaServerProjects/apache-tomcat-9.0.82/webapps/BattleShip]
02-Nov-2023 10:03:48.277 INFO [main] org.apache.catalina.startup.HostConfig.deployDirectory Deployment of web application directory [/Users/balakumaranb/JavaServerProjects/apache-tomcat-9.0.82/webapps/BattleShip] has finished in [25] ms
02-Nov-2023 10:03:48.277 INFO [main] org.apache.catalina.startup.HostConfig.deployDirectory Deploying web application directory [/Users/balakumaranb/JavaServerProjects/apache-tomcat-9.0.82/webapps/manager]
02-Nov-2023 10:03:48.302 INFO [main] org.apache.catalina.startup.HostConfig.deployDirectory Deployment of web application directory [/Users/balakumaranb/JavaServerProjects/apache-tomcat-9.0.82/webapps/manager] has finished in [25] ms
02-Nov-2023 10:03:48.303 INFO [main] org.apache.catalina.startup.HostConfig.deployDirectory Deploying web application directory [/Users/balakumaranb/JavaServerProjects/apache-tomcat-9.0.82/webapps/examples]
02-Nov-2023 10:03:48.397 INFO [main] org.apache.catalina.startup.HostConfig.deployDirectory Deployment of web application directory [/Users/balakumaranb/JavaServerProjects/apache-tomcat-9.0.82/webapps/examples] has finished in [94] ms
02-Nov-2023 10:03:48.397 INFO [main] org.apache.catalina.startup.HostConfig.deployDirectory Deploying web application directory [/Users/balakumaranb/JavaServerProjects/apache-tomcat-9.0.82/webapps/ROOT]
02-Nov-2023 10:03:48.408 INFO [main] org.apache.catalina.startup.HostConfig.deployDirectory Deployment of web application directory [/Users/balakumaranb/JavaServerProjects/apache-tomcat-9.0.82/webapps/ROOT] has finished in [11] ms
02-Nov-2023 10:03:48.408 INFO [main] org.apache.catalina.startup.HostConfig.deployDirectory Deploying web application directory [/Users/balakumaranb/JavaServerProjects/apache-tomcat-9.0.82/webapps/.vscode]
02-Nov-2023 10:03:48.415 INFO [main] org.apache.catalina.startup.HostConfig.deployDirectory Deployment of web application directory [/Users/balakumaranb/JavaServerProjects/apache-tomcat-9.0.82/webapps/.vscode] has finished in [7] ms
02-Nov-2023 10:03:48.415 INFO [main] org.apache.catalina.startup.HostConfig.deployDirectory Deploying web application directory [/Users/balakumaranb/JavaServerProjects/apache-tomcat-9.0.82/webapps/host-manager]
02-Nov-2023 10:03:48.424 INFO [main] org.apache.catalina.startup.HostConfig.deployDirectory Deployment of web application directory [/Users/balakumaranb/JavaServerProjects/apache-tomcat-9.0.82/webapps/host-manager] has finished in [9] ms
02-Nov-2023 10:03:48.425 INFO [main] org.apache.catalina.startup.Catalina.start Server startup in [340] milliseconds
02-Nov-2023 10:03:48.429 SEVERE [main] org.apache.catalina.core.StandardServer.await Failed to create server shutdown socket on address [localhost] and port [8005] (base port [8005] and offset [0])
	java.net.BindException: Address already in use
		at java.base/sun.nio.ch.Net.bind0(Native Method)
		at java.base/sun.nio.ch.Net.bind(Net.java:555)
		at java.base/sun.nio.ch.Net.bind(Net.java:544)
		at java.base/sun.nio.ch.NioSocketImpl.bind(NioSocketImpl.java:648)
		at java.base/java.net.ServerSocket.bind(ServerSocket.java:388)
		at java.base/java.net.ServerSocket.<init>(ServerSocket.java:274)
		at org.apache.catalina.core.StandardServer.await(StandardServer.java:581)
		at org.apache.catalina.startup.Catalina.await(Catalina.java:864)
		at org.apache.catalina.startup.Catalina.start(Catalina.java:810)
		at java.base/jdk.internal.reflect.NativeMethodAccessorImpl.invoke0(Native Method)
		at java.base/jdk.internal.reflect.NativeMethodAccessorImpl.invoke(NativeMethodAccessorImpl.java:77)
		at java.base/jdk.internal.reflect.DelegatingMethodAccessorImpl.invoke(DelegatingMethodAccessorImpl.java:43)
		at java.base/java.lang.reflect.Method.invoke(Method.java:568)
		at org.apache.catalina.startup.Bootstrap.start(Bootstrap.java:347)
		at org.apache.catalina.startup.Bootstrap.main(Bootstrap.java:478)
02-Nov-2023 10:03:48.429 INFO [main] org.apache.coyote.AbstractProtocol.pause Pausing ProtocolHandler ["http-nio-8080"]
02-Nov-2023 10:03:48.429 INFO [main] org.apache.catalina.core.StandardService.stopInternal Stopping service [Catalina]
02-Nov-2023 10:03:48.441 INFO [main] org.apache.coyote.AbstractProtocol.stop Stopping ProtocolHandler ["http-nio-8080"]
02-Nov-2023 10:03:48.442 INFO [main] org.apache.coyote.AbstractProtocol.destroy Destroying ProtocolHandler ["http-nio-8080"]
02-Nov-2023 10:05:20.564 INFO [main] org.apache.catalina.startup.VersionLoggerListener.log Server version name:   Apache Tomcat/9.0.82
02-Nov-2023 10:05:20.566 INFO [main] org.apache.catalina.startup.VersionLoggerListener.log Server built:          Oct 11 2023 13:15:08 UTC
02-Nov-2023 10:05:20.566 INFO [main] org.apache.catalina.startup.VersionLoggerListener.log Server version number: 9.0.82.0
02-Nov-2023 10:05:20.566 INFO [main] org.apache.catalina.startup.VersionLoggerListener.log OS Name:               Mac OS X
02-Nov-2023 10:05:20.566 INFO [main] org.apache.catalina.startup.VersionLoggerListener.log OS Version:            14.1
02-Nov-2023 10:05:20.566 INFO [main] org.apache.catalina.startup.VersionLoggerListener.log Architecture:          aarch64
02-Nov-2023 10:05:20.566 INFO [main] org.apache.catalina.startup.VersionLoggerListener.log Java Home:             /Library/Java/JavaVirtualMachines/temurin-17.jdk/Contents/Home
02-Nov-2023 10:05:20.566 INFO [main] org.apache.catalina.startup.VersionLoggerListener.log JVM Version:           17.0.8.1+1
02-Nov-2023 10:05:20.566 INFO [main] org.apache.catalina.startup.VersionLoggerListener.log JVM Vendor:            Eclipse Adoptium
02-Nov-2023 10:05:20.566 INFO [main] org.apache.catalina.startup.VersionLoggerListener.log CATALINA_BASE:         /Users/balakumaranb/JavaServerProjects/apache-tomcat-9.0.82
02-Nov-2023 10:05:20.566 INFO [main] org.apache.catalina.startup.VersionLoggerListener.log CATALINA_HOME:         /Users/balakumaranb/JavaServerProjects/apache-tomcat-9.0.82
02-Nov-2023 10:05:20.573 INFO [main] org.apache.catalina.startup.VersionLoggerListener.log Command line argument: --add-opens=java.base/java.lang=ALL-UNNAMED
02-Nov-2023 10:05:20.573 INFO [main] org.apache.catalina.startup.VersionLoggerListener.log Command line argument: --add-opens=java.base/java.io=ALL-UNNAMED
02-Nov-2023 10:05:20.574 INFO [main] org.apache.catalina.startup.VersionLoggerListener.log Command line argument: --add-opens=java.base/java.util=ALL-UNNAMED
02-Nov-2023 10:05:20.574 INFO [main] org.apache.catalina.startup.VersionLoggerListener.log Command line argument: --add-opens=java.base/java.util.concurrent=ALL-UNNAMED
02-Nov-2023 10:05:20.574 INFO [main] org.apache.catalina.startup.VersionLoggerListener.log Command line argument: --add-opens=java.rmi/sun.rmi.transport=ALL-UNNAMED
02-Nov-2023 10:05:20.574 INFO [main] org.apache.catalina.startup.VersionLoggerListener.log Command line argument: -Djava.util.logging.config.file=/Users/balakumaranb/JavaServerProjects/apache-tomcat-9.0.82/conf/logging.properties
02-Nov-2023 10:05:20.574 INFO [main] org.apache.catalina.startup.VersionLoggerListener.log Command line argument: -Djava.util.logging.manager=org.apache.juli.ClassLoaderLogManager
02-Nov-2023 10:05:20.574 INFO [main] org.apache.catalina.startup.VersionLoggerListener.log Command line argument: -Djdk.tls.ephemeralDHKeySize=2048
02-Nov-2023 10:05:20.574 INFO [main] org.apache.catalina.startup.VersionLoggerListener.log Command line argument: -Djava.protocol.handler.pkgs=org.apache.catalina.webresources
02-Nov-2023 10:05:20.574 INFO [main] org.apache.catalina.startup.VersionLoggerListener.log Command line argument: -Dorg.apache.catalina.security.SecurityListener.UMASK=0027
02-Nov-2023 10:05:20.574 INFO [main] org.apache.catalina.startup.VersionLoggerListener.log Command line argument: -Dignore.endorsed.dirs=
02-Nov-2023 10:05:20.574 INFO [main] org.apache.catalina.startup.VersionLoggerListener.log Command line argument: -Dcatalina.base=/Users/balakumaranb/JavaServerProjects/apache-tomcat-9.0.82
02-Nov-2023 10:05:20.574 INFO [main] org.apache.catalina.startup.VersionLoggerListener.log Command line argument: -Dcatalina.home=/Users/balakumaranb/JavaServerProjects/apache-tomcat-9.0.82
02-Nov-2023 10:05:20.574 INFO [main] org.apache.catalina.startup.VersionLoggerListener.log Command line argument: -Djava.io.tmpdir=/Users/balakumaranb/JavaServerProjects/apache-tomcat-9.0.82/temp
02-Nov-2023 10:05:20.581 INFO [main] org.apache.catalina.core.AprLifecycleListener.lifecycleEvent The Apache Tomcat Native library which allows using OpenSSL was not found on the java.library.path: [/Users/balakumaranb/Library/Java/Extensions:/Library/Java/Extensions:/Network/Library/Java/Extensions:/System/Library/Java/Extensions:/usr/lib/java:.]
02-Nov-2023 10:05:20.708 INFO [main] org.apache.coyote.AbstractProtocol.init Initializing ProtocolHandler ["http-nio-8080"]
02-Nov-2023 10:05:20.723 INFO [main] org.apache.catalina.startup.Catalina.load Server initialization in [240] milliseconds
02-Nov-2023 10:05:20.740 INFO [main] org.apache.catalina.core.StandardService.startInternal Starting service [Catalina]
02-Nov-2023 10:05:20.740 INFO [main] org.apache.catalina.core.StandardEngine.startInternal Starting Servlet engine: [Apache Tomcat/9.0.82]
02-Nov-2023 10:05:20.743 INFO [main] org.apache.catalina.startup.HostConfig.deployDirectory Deploying web application directory [/Users/balakumaranb/JavaServerProjects/apache-tomcat-9.0.82/webapps/battleship1]
02-Nov-2023 10:05:20.857 INFO [main] org.apache.catalina.startup.HostConfig.deployDirectory Deployment of web application directory [/Users/balakumaranb/JavaServerProjects/apache-tomcat-9.0.82/webapps/battleship1] has finished in [114] ms
02-Nov-2023 10:05:20.857 INFO [main] org.apache.catalina.startup.HostConfig.deployDirectory Deploying web application directory [/Users/balakumaranb/JavaServerProjects/apache-tomcat-9.0.82/webapps/docs]
02-Nov-2023 10:05:20.869 INFO [main] org.apache.catalina.startup.HostConfig.deployDirectory Deployment of web application directory [/Users/balakumaranb/JavaServerProjects/apache-tomcat-9.0.82/webapps/docs] has finished in [12] ms
02-Nov-2023 10:05:20.869 INFO [main] org.apache.catalina.startup.HostConfig.deployDirectory Deploying web application directory [/Users/balakumaranb/JavaServerProjects/apache-tomcat-9.0.82/webapps/BattleShip]
02-Nov-2023 10:05:20.892 INFO [main] org.apache.catalina.startup.HostConfig.deployDirectory Deployment of web application directory [/Users/balakumaranb/JavaServerProjects/apache-tomcat-9.0.82/webapps/BattleShip] has finished in [23] ms
02-Nov-2023 10:05:20.893 INFO [main] org.apache.catalina.startup.HostConfig.deployDirectory Deploying web application directory [/Users/balakumaranb/JavaServerProjects/apache-tomcat-9.0.82/webapps/manager]
02-Nov-2023 10:05:20.917 INFO [main] org.apache.catalina.startup.HostConfig.deployDirectory Deployment of web application directory [/Users/balakumaranb/JavaServerProjects/apache-tomcat-9.0.82/webapps/manager] has finished in [24] ms
02-Nov-2023 10:05:20.917 INFO [main] org.apache.catalina.startup.HostConfig.deployDirectory Deploying web application directory [/Users/balakumaranb/JavaServerProjects/apache-tomcat-9.0.82/webapps/examples]
02-Nov-2023 10:05:21.026 INFO [main] org.apache.catalina.startup.HostConfig.deployDirectory Deployment of web application directory [/Users/balakumaranb/JavaServerProjects/apache-tomcat-9.0.82/webapps/examples] has finished in [109] ms
02-Nov-2023 10:05:21.026 INFO [main] org.apache.catalina.startup.HostConfig.deployDirectory Deploying web application directory [/Users/balakumaranb/JavaServerProjects/apache-tomcat-9.0.82/webapps/ROOT]
02-Nov-2023 10:05:21.034 INFO [main] org.apache.catalina.startup.HostConfig.deployDirectory Deployment of web application directory [/Users/balakumaranb/JavaServerProjects/apache-tomcat-9.0.82/webapps/ROOT] has finished in [8] ms
02-Nov-2023 10:05:21.034 INFO [main] org.apache.catalina.startup.HostConfig.deployDirectory Deploying web application directory [/Users/balakumaranb/JavaServerProjects/apache-tomcat-9.0.82/webapps/.vscode]
02-Nov-2023 10:05:21.041 INFO [main] org.apache.catalina.startup.HostConfig.deployDirectory Deployment of web application directory [/Users/balakumaranb/JavaServerProjects/apache-tomcat-9.0.82/webapps/.vscode] has finished in [7] ms
02-Nov-2023 10:05:21.041 INFO [main] org.apache.catalina.startup.HostConfig.deployDirectory Deploying web application directory [/Users/balakumaranb/JavaServerProjects/apache-tomcat-9.0.82/webapps/host-manager]
02-Nov-2023 10:05:21.050 INFO [main] org.apache.catalina.startup.HostConfig.deployDirectory Deployment of web application directory [/Users/balakumaranb/JavaServerProjects/apache-tomcat-9.0.82/webapps/host-manager] has finished in [9] ms
02-Nov-2023 10:05:21.051 INFO [main] org.apache.coyote.AbstractProtocol.start Starting ProtocolHandler ["http-nio-8080"]
02-Nov-2023 10:05:21.057 INFO [main] org.apache.catalina.startup.Catalina.start Server startup in [334] milliseconds
02-Nov-2023 10:12:18.866 INFO [main] org.apache.catalina.startup.VersionLoggerListener.log Server version name:   Apache Tomcat/9.0.82
02-Nov-2023 10:12:18.868 INFO [main] org.apache.catalina.startup.VersionLoggerListener.log Server built:          Oct 11 2023 13:15:08 UTC
02-Nov-2023 10:12:18.868 INFO [main] org.apache.catalina.startup.VersionLoggerListener.log Server version number: 9.0.82.0
02-Nov-2023 10:12:18.868 INFO [main] org.apache.catalina.startup.VersionLoggerListener.log OS Name:               Mac OS X
02-Nov-2023 10:12:18.868 INFO [main] org.apache.catalina.startup.VersionLoggerListener.log OS Version:            14.1
02-Nov-2023 10:12:18.868 INFO [main] org.apache.catalina.startup.VersionLoggerListener.log Architecture:          aarch64
02-Nov-2023 10:12:18.868 INFO [main] org.apache.catalina.startup.VersionLoggerListener.log Java Home:             /Library/Java/JavaVirtualMachines/temurin-17.jdk/Contents/Home
02-Nov-2023 10:12:18.868 INFO [main] org.apache.catalina.startup.VersionLoggerListener.log JVM Version:           17.0.8.1+1
02-Nov-2023 10:12:18.869 INFO [main] org.apache.catalina.startup.VersionLoggerListener.log JVM Vendor:            Eclipse Adoptium
02-Nov-2023 10:12:18.869 INFO [main] org.apache.catalina.startup.VersionLoggerListener.log CATALINA_BASE:         /Users/balakumaranb/JavaServerProjects/apache-tomcat-9.0.82
02-Nov-2023 10:12:18.869 INFO [main] org.apache.catalina.startup.VersionLoggerListener.log CATALINA_HOME:         /Users/balakumaranb/JavaServerProjects/apache-tomcat-9.0.82
02-Nov-2023 10:12:18.874 INFO [main] org.apache.catalina.startup.VersionLoggerListener.log Command line argument: --add-opens=java.base/java.lang=ALL-UNNAMED
02-Nov-2023 10:12:18.874 INFO [main] org.apache.catalina.startup.VersionLoggerListener.log Command line argument: --add-opens=java.base/java.io=ALL-UNNAMED
02-Nov-2023 10:12:18.874 INFO [main] org.apache.catalina.startup.VersionLoggerListener.log Command line argument: --add-opens=java.base/java.util=ALL-UNNAMED
02-Nov-2023 10:12:18.874 INFO [main] org.apache.catalina.startup.VersionLoggerListener.log Command line argument: --add-opens=java.base/java.util.concurrent=ALL-UNNAMED
02-Nov-2023 10:12:18.875 INFO [main] org.apache.catalina.startup.VersionLoggerListener.log Command line argument: --add-opens=java.rmi/sun.rmi.transport=ALL-UNNAMED
02-Nov-2023 10:12:18.875 INFO [main] org.apache.catalina.startup.VersionLoggerListener.log Command line argument: -Djava.util.logging.config.file=/Users/balakumaranb/JavaServerProjects/apache-tomcat-9.0.82/conf/logging.properties
02-Nov-2023 10:12:18.875 INFO [main] org.apache.catalina.startup.VersionLoggerListener.log Command line argument: -Djava.util.logging.manager=org.apache.juli.ClassLoaderLogManager
02-Nov-2023 10:12:18.875 INFO [main] org.apache.catalina.startup.VersionLoggerListener.log Command line argument: -Djdk.tls.ephemeralDHKeySize=2048
02-Nov-2023 10:12:18.875 INFO [main] org.apache.catalina.startup.VersionLoggerListener.log Command line argument: -Djava.protocol.handler.pkgs=org.apache.catalina.webresources
02-Nov-2023 10:12:18.875 INFO [main] org.apache.catalina.startup.VersionLoggerListener.log Command line argument: -Dorg.apache.catalina.security.SecurityListener.UMASK=0027
02-Nov-2023 10:12:18.875 INFO [main] org.apache.catalina.startup.VersionLoggerListener.log Command line argument: -Dignore.endorsed.dirs=
02-Nov-2023 10:12:18.875 INFO [main] org.apache.catalina.startup.VersionLoggerListener.log Command line argument: -Dcatalina.base=/Users/balakumaranb/JavaServerProjects/apache-tomcat-9.0.82
02-Nov-2023 10:12:18.875 INFO [main] org.apache.catalina.startup.VersionLoggerListener.log Command line argument: -Dcatalina.home=/Users/balakumaranb/JavaServerProjects/apache-tomcat-9.0.82
02-Nov-2023 10:12:18.875 INFO [main] org.apache.catalina.startup.VersionLoggerListener.log Command line argument: -Djava.io.tmpdir=/Users/balakumaranb/JavaServerProjects/apache-tomcat-9.0.82/temp
02-Nov-2023 10:12:18.879 INFO [main] org.apache.catalina.core.AprLifecycleListener.lifecycleEvent The Apache Tomcat Native library which allows using OpenSSL was not found on the java.library.path: [/Users/balakumaranb/Library/Java/Extensions:/Library/Java/Extensions:/Network/Library/Java/Extensions:/System/Library/Java/Extensions:/usr/lib/java:.]
02-Nov-2023 10:12:19.013 INFO [main] org.apache.coyote.AbstractProtocol.init Initializing ProtocolHandler ["http-nio-8080"]
02-Nov-2023 10:12:19.023 SEVERE [main] org.apache.catalina.util.LifecycleBase.handleSubClassException Failed to initialize component [Connector["http-nio-8080"]]
	org.apache.catalina.LifecycleException: Protocol handler initialization failed
		at org.apache.catalina.connector.Connector.initInternal(Connector.java:1011)
		at org.apache.catalina.util.LifecycleBase.init(LifecycleBase.java:127)
		at org.apache.catalina.core.StandardService.initInternal(StandardService.java:554)
		at org.apache.catalina.util.LifecycleBase.init(LifecycleBase.java:127)
		at org.apache.catalina.core.StandardServer.initInternal(StandardServer.java:1039)
		at org.apache.catalina.util.LifecycleBase.init(LifecycleBase.java:127)
		at org.apache.catalina.startup.Catalina.load(Catalina.java:724)
		at org.apache.catalina.startup.Catalina.load(Catalina.java:746)
		at java.base/jdk.internal.reflect.NativeMethodAccessorImpl.invoke0(Native Method)
		at java.base/jdk.internal.reflect.NativeMethodAccessorImpl.invoke(NativeMethodAccessorImpl.java:77)
		at java.base/jdk.internal.reflect.DelegatingMethodAccessorImpl.invoke(DelegatingMethodAccessorImpl.java:43)
		at java.base/java.lang.reflect.Method.invoke(Method.java:568)
		at org.apache.catalina.startup.Bootstrap.load(Bootstrap.java:307)
		at org.apache.catalina.startup.Bootstrap.main(Bootstrap.java:477)
	Caused by: java.net.BindException: Address already in use
		at java.base/sun.nio.ch.Net.bind0(Native Method)
		at java.base/sun.nio.ch.Net.bind(Net.java:555)
		at java.base/sun.nio.ch.ServerSocketChannelImpl.netBind(ServerSocketChannelImpl.java:337)
		at java.base/sun.nio.ch.ServerSocketChannelImpl.bind(ServerSocketChannelImpl.java:294)
		at org.apache.tomcat.util.net.NioEndpoint.initServerSocket(NioEndpoint.java:276)
		at org.apache.tomcat.util.net.NioEndpoint.bind(NioEndpoint.java:231)
		at org.apache.tomcat.util.net.AbstractEndpoint.bindWithCleanup(AbstractEndpoint.java:1326)
		at org.apache.tomcat.util.net.AbstractEndpoint.init(AbstractEndpoint.java:1339)
		at org.apache.coyote.AbstractProtocol.init(AbstractProtocol.java:654)
		at org.apache.coyote.http11.AbstractHttp11Protocol.init(AbstractHttp11Protocol.java:75)
		at org.apache.catalina.connector.Connector.initInternal(Connector.java:1009)
		... 13 more
02-Nov-2023 10:12:19.024 INFO [main] org.apache.catalina.startup.Catalina.load Server initialization in [238] milliseconds
02-Nov-2023 10:12:19.040 INFO [main] org.apache.catalina.core.StandardService.startInternal Starting service [Catalina]
02-Nov-2023 10:12:19.040 INFO [main] org.apache.catalina.core.StandardEngine.startInternal Starting Servlet engine: [Apache Tomcat/9.0.82]
02-Nov-2023 10:12:19.043 INFO [main] org.apache.catalina.startup.HostConfig.deployDirectory Deploying web application directory [/Users/balakumaranb/JavaServerProjects/apache-tomcat-9.0.82/webapps/battleship1]
02-Nov-2023 10:12:19.157 INFO [main] org.apache.catalina.startup.HostConfig.deployDirectory Deployment of web application directory [/Users/balakumaranb/JavaServerProjects/apache-tomcat-9.0.82/webapps/battleship1] has finished in [114] ms
02-Nov-2023 10:12:19.157 INFO [main] org.apache.catalina.startup.HostConfig.deployDirectory Deploying web application directory [/Users/balakumaranb/JavaServerProjects/apache-tomcat-9.0.82/webapps/docs]
02-Nov-2023 10:12:19.169 INFO [main] org.apache.catalina.startup.HostConfig.deployDirectory Deployment of web application directory [/Users/balakumaranb/JavaServerProjects/apache-tomcat-9.0.82/webapps/docs] has finished in [12] ms
02-Nov-2023 10:12:19.169 INFO [main] org.apache.catalina.startup.HostConfig.deployDirectory Deploying web application directory [/Users/balakumaranb/JavaServerProjects/apache-tomcat-9.0.82/webapps/BattleShip]
02-Nov-2023 10:12:19.195 INFO [main] org.apache.catalina.startup.HostConfig.deployDirectory Deployment of web application directory [/Users/balakumaranb/JavaServerProjects/apache-tomcat-9.0.82/webapps/BattleShip] has finished in [26] ms
02-Nov-2023 10:12:19.196 INFO [main] org.apache.catalina.startup.HostConfig.deployDirectory Deploying web application directory [/Users/balakumaranb/JavaServerProjects/apache-tomcat-9.0.82/webapps/manager]
02-Nov-2023 10:12:19.212 INFO [main] org.apache.catalina.startup.HostConfig.deployDirectory Deployment of web application directory [/Users/balakumaranb/JavaServerProjects/apache-tomcat-9.0.82/webapps/manager] has finished in [16] ms
02-Nov-2023 10:12:19.212 INFO [main] org.apache.catalina.startup.HostConfig.deployDirectory Deploying web application directory [/Users/balakumaranb/JavaServerProjects/apache-tomcat-9.0.82/webapps/examples]
02-Nov-2023 10:12:19.310 INFO [main] org.apache.catalina.startup.HostConfig.deployDirectory Deployment of web application directory [/Users/balakumaranb/JavaServerProjects/apache-tomcat-9.0.82/webapps/examples] has finished in [98] ms
02-Nov-2023 10:12:19.310 INFO [main] org.apache.catalina.startup.HostConfig.deployDirectory Deploying web application directory [/Users/balakumaranb/JavaServerProjects/apache-tomcat-9.0.82/webapps/ROOT]
02-Nov-2023 10:12:19.321 INFO [main] org.apache.catalina.startup.HostConfig.deployDirectory Deployment of web application directory [/Users/balakumaranb/JavaServerProjects/apache-tomcat-9.0.82/webapps/ROOT] has finished in [10] ms
02-Nov-2023 10:12:19.321 INFO [main] org.apache.catalina.startup.HostConfig.deployDirectory Deploying web application directory [/Users/balakumaranb/JavaServerProjects/apache-tomcat-9.0.82/webapps/.vscode]
02-Nov-2023 10:12:19.327 INFO [main] org.apache.catalina.startup.HostConfig.deployDirectory Deployment of web application directory [/Users/balakumaranb/JavaServerProjects/apache-tomcat-9.0.82/webapps/.vscode] has finished in [6] ms
02-Nov-2023 10:12:19.327 INFO [main] org.apache.catalina.startup.HostConfig.deployDirectory Deploying web application directory [/Users/balakumaranb/JavaServerProjects/apache-tomcat-9.0.82/webapps/host-manager]
02-Nov-2023 10:12:19.336 INFO [main] org.apache.catalina.startup.HostConfig.deployDirectory Deployment of web application directory [/Users/balakumaranb/JavaServerProjects/apache-tomcat-9.0.82/webapps/host-manager] has finished in [9] ms
02-Nov-2023 10:12:19.338 INFO [main] org.apache.catalina.startup.Catalina.start Server startup in [314] milliseconds
02-Nov-2023 10:12:19.341 SEVERE [main] org.apache.catalina.core.StandardServer.await Failed to create server shutdown socket on address [localhost] and port [8005] (base port [8005] and offset [0])
	java.net.BindException: Address already in use
		at java.base/sun.nio.ch.Net.bind0(Native Method)
		at java.base/sun.nio.ch.Net.bind(Net.java:555)
		at java.base/sun.nio.ch.Net.bind(Net.java:544)
		at java.base/sun.nio.ch.NioSocketImpl.bind(NioSocketImpl.java:648)
		at java.base/java.net.ServerSocket.bind(ServerSocket.java:388)
		at java.base/java.net.ServerSocket.<init>(ServerSocket.java:274)
		at org.apache.catalina.core.StandardServer.await(StandardServer.java:581)
		at org.apache.catalina.startup.Catalina.await(Catalina.java:864)
		at org.apache.catalina.startup.Catalina.start(Catalina.java:810)
		at java.base/jdk.internal.reflect.NativeMethodAccessorImpl.invoke0(Native Method)
		at java.base/jdk.internal.reflect.NativeMethodAccessorImpl.invoke(NativeMethodAccessorImpl.java:77)
		at java.base/jdk.internal.reflect.DelegatingMethodAccessorImpl.invoke(DelegatingMethodAccessorImpl.java:43)
		at java.base/java.lang.reflect.Method.invoke(Method.java:568)
		at org.apache.catalina.startup.Bootstrap.start(Bootstrap.java:347)
		at org.apache.catalina.startup.Bootstrap.main(Bootstrap.java:478)
02-Nov-2023 10:12:19.341 INFO [main] org.apache.coyote.AbstractProtocol.pause Pausing ProtocolHandler ["http-nio-8080"]
02-Nov-2023 10:12:19.341 INFO [main] org.apache.catalina.core.StandardService.stopInternal Stopping service [Catalina]
02-Nov-2023 10:12:19.352 INFO [main] org.apache.coyote.AbstractProtocol.stop Stopping ProtocolHandler ["http-nio-8080"]
02-Nov-2023 10:12:19.353 INFO [main] org.apache.coyote.AbstractProtocol.destroy Destroying ProtocolHandler ["http-nio-8080"]
02-Nov-2023 10:14:45.564 INFO [main] org.apache.catalina.core.StandardServer.await A valid shutdown command was received via the shutdown port. Stopping the Server instance.
02-Nov-2023 10:14:45.567 INFO [main] org.apache.coyote.AbstractProtocol.pause Pausing ProtocolHandler ["http-nio-8080"]
02-Nov-2023 10:14:45.578 INFO [main] org.apache.catalina.core.StandardService.stopInternal Stopping service [Catalina]
02-Nov-2023 10:14:45.617 INFO [main] org.apache.coyote.AbstractProtocol.stop Stopping ProtocolHandler ["http-nio-8080"]
02-Nov-2023 10:14:45.629 INFO [main] org.apache.coyote.AbstractProtocol.destroy Destroying ProtocolHandler ["http-nio-8080"]
02-Nov-2023 12:28:12.706 INFO [main] org.apache.catalina.startup.VersionLoggerListener.log Server version name:   Apache Tomcat/9.0.82
02-Nov-2023 12:28:12.708 INFO [main] org.apache.catalina.startup.VersionLoggerListener.log Server built:          Oct 11 2023 13:15:08 UTC
02-Nov-2023 12:28:12.708 INFO [main] org.apache.catalina.startup.VersionLoggerListener.log Server version number: 9.0.82.0
02-Nov-2023 12:28:12.708 INFO [main] org.apache.catalina.startup.VersionLoggerListener.log OS Name:               Mac OS X
02-Nov-2023 12:28:12.709 INFO [main] org.apache.catalina.startup.VersionLoggerListener.log OS Version:            14.1
02-Nov-2023 12:28:12.709 INFO [main] org.apache.catalina.startup.VersionLoggerListener.log Architecture:          aarch64
02-Nov-2023 12:28:12.709 INFO [main] org.apache.catalina.startup.VersionLoggerListener.log Java Home:             /Library/Java/JavaVirtualMachines/temurin-17.jdk/Contents/Home
02-Nov-2023 12:28:12.709 INFO [main] org.apache.catalina.startup.VersionLoggerListener.log JVM Version:           17.0.8.1+1
02-Nov-2023 12:28:12.709 INFO [main] org.apache.catalina.startup.VersionLoggerListener.log JVM Vendor:            Eclipse Adoptium
02-Nov-2023 12:28:12.709 INFO [main] org.apache.catalina.startup.VersionLoggerListener.log CATALINA_BASE:         /Users/balakumaranb/JavaServerProjects/apache-tomcat-9.0.82
02-Nov-2023 12:28:12.709 INFO [main] org.apache.catalina.startup.VersionLoggerListener.log CATALINA_HOME:         /Users/balakumaranb/JavaServerProjects/apache-tomcat-9.0.82
02-Nov-2023 12:28:12.718 INFO [main] org.apache.catalina.startup.VersionLoggerListener.log Command line argument: --add-opens=java.base/java.lang=ALL-UNNAMED
02-Nov-2023 12:28:12.718 INFO [main] org.apache.catalina.startup.VersionLoggerListener.log Command line argument: --add-opens=java.base/java.io=ALL-UNNAMED
02-Nov-2023 12:28:12.718 INFO [main] org.apache.catalina.startup.VersionLoggerListener.log Command line argument: --add-opens=java.base/java.util=ALL-UNNAMED
02-Nov-2023 12:28:12.718 INFO [main] org.apache.catalina.startup.VersionLoggerListener.log Command line argument: --add-opens=java.base/java.util.concurrent=ALL-UNNAMED
02-Nov-2023 12:28:12.718 INFO [main] org.apache.catalina.startup.VersionLoggerListener.log Command line argument: --add-opens=java.rmi/sun.rmi.transport=ALL-UNNAMED
02-Nov-2023 12:28:12.718 INFO [main] org.apache.catalina.startup.VersionLoggerListener.log Command line argument: -Djava.util.logging.config.file=/Users/balakumaranb/JavaServerProjects/apache-tomcat-9.0.82/conf/logging.properties
02-Nov-2023 12:28:12.718 INFO [main] org.apache.catalina.startup.VersionLoggerListener.log Command line argument: -Djava.util.logging.manager=org.apache.juli.ClassLoaderLogManager
02-Nov-2023 12:28:12.718 INFO [main] org.apache.catalina.startup.VersionLoggerListener.log Command line argument: -Djdk.tls.ephemeralDHKeySize=2048
02-Nov-2023 12:28:12.718 INFO [main] org.apache.catalina.startup.VersionLoggerListener.log Command line argument: -Djava.protocol.handler.pkgs=org.apache.catalina.webresources
02-Nov-2023 12:28:12.718 INFO [main] org.apache.catalina.startup.VersionLoggerListener.log Command line argument: -Dorg.apache.catalina.security.SecurityListener.UMASK=0027
02-Nov-2023 12:28:12.718 INFO [main] org.apache.catalina.startup.VersionLoggerListener.log Command line argument: -Dignore.endorsed.dirs=
02-Nov-2023 12:28:12.718 INFO [main] org.apache.catalina.startup.VersionLoggerListener.log Command line argument: -Dcatalina.base=/Users/balakumaranb/JavaServerProjects/apache-tomcat-9.0.82
02-Nov-2023 12:28:12.718 INFO [main] org.apache.catalina.startup.VersionLoggerListener.log Command line argument: -Dcatalina.home=/Users/balakumaranb/JavaServerProjects/apache-tomcat-9.0.82
02-Nov-2023 12:28:12.718 INFO [main] org.apache.catalina.startup.VersionLoggerListener.log Command line argument: -Djava.io.tmpdir=/Users/balakumaranb/JavaServerProjects/apache-tomcat-9.0.82/temp
02-Nov-2023 12:28:12.723 INFO [main] org.apache.catalina.core.AprLifecycleListener.lifecycleEvent The Apache Tomcat Native library which allows using OpenSSL was not found on the java.library.path: [/Users/balakumaranb/Library/Java/Extensions:/Library/Java/Extensions:/Network/Library/Java/Extensions:/System/Library/Java/Extensions:/usr/lib/java:.]
02-Nov-2023 12:28:12.857 INFO [main] org.apache.coyote.AbstractProtocol.init Initializing ProtocolHandler ["http-nio-8080"]
02-Nov-2023 12:28:12.872 INFO [main] org.apache.catalina.startup.Catalina.load Server initialization in [255] milliseconds
02-Nov-2023 12:28:12.890 INFO [main] org.apache.catalina.core.StandardService.startInternal Starting service [Catalina]
02-Nov-2023 12:28:12.891 INFO [main] org.apache.catalina.core.StandardEngine.startInternal Starting Servlet engine: [Apache Tomcat/9.0.82]
02-Nov-2023 12:28:12.894 INFO [main] org.apache.catalina.startup.HostConfig.deployDirectory Deploying web application directory [/Users/balakumaranb/JavaServerProjects/apache-tomcat-9.0.82/webapps/docs]
02-Nov-2023 12:28:13.025 INFO [main] org.apache.catalina.startup.HostConfig.deployDirectory Deployment of web application directory [/Users/balakumaranb/JavaServerProjects/apache-tomcat-9.0.82/webapps/docs] has finished in [130] ms
02-Nov-2023 12:28:13.025 INFO [main] org.apache.catalina.startup.HostConfig.deployDirectory Deploying web application directory [/Users/balakumaranb/JavaServerProjects/apache-tomcat-9.0.82/webapps/BattleShip]
02-Nov-2023 12:28:13.054 INFO [main] org.apache.catalina.startup.HostConfig.deployDirectory Deployment of web application directory [/Users/balakumaranb/JavaServerProjects/apache-tomcat-9.0.82/webapps/BattleShip] has finished in [29] ms
02-Nov-2023 12:28:13.054 INFO [main] org.apache.catalina.startup.HostConfig.deployDirectory Deploying web application directory [/Users/balakumaranb/JavaServerProjects/apache-tomcat-9.0.82/webapps/manager]
02-Nov-2023 12:28:13.079 INFO [main] org.apache.catalina.startup.HostConfig.deployDirectory Deployment of web application directory [/Users/balakumaranb/JavaServerProjects/apache-tomcat-9.0.82/webapps/manager] has finished in [25] ms
02-Nov-2023 12:28:13.079 INFO [main] org.apache.catalina.startup.HostConfig.deployDirectory Deploying web application directory [/Users/balakumaranb/JavaServerProjects/apache-tomcat-9.0.82/webapps/examples]
02-Nov-2023 12:28:13.176 INFO [main] org.apache.catalina.startup.HostConfig.deployDirectory Deployment of web application directory [/Users/balakumaranb/JavaServerProjects/apache-tomcat-9.0.82/webapps/examples] has finished in [97] ms
02-Nov-2023 12:28:13.177 INFO [main] org.apache.catalina.startup.HostConfig.deployDirectory Deploying web application directory [/Users/balakumaranb/JavaServerProjects/apache-tomcat-9.0.82/webapps/ROOT]
02-Nov-2023 12:28:13.187 INFO [main] org.apache.catalina.startup.HostConfig.deployDirectory Deployment of web application directory [/Users/balakumaranb/JavaServerProjects/apache-tomcat-9.0.82/webapps/ROOT] has finished in [10] ms
02-Nov-2023 12:28:13.187 INFO [main] org.apache.catalina.startup.HostConfig.deployDirectory Deploying web application directory [/Users/balakumaranb/JavaServerProjects/apache-tomcat-9.0.82/webapps/.vscode]
02-Nov-2023 12:28:13.197 INFO [main] org.apache.catalina.startup.HostConfig.deployDirectory Deployment of web application directory [/Users/balakumaranb/JavaServerProjects/apache-tomcat-9.0.82/webapps/.vscode] has finished in [10] ms
02-Nov-2023 12:28:13.197 INFO [main] org.apache.catalina.startup.HostConfig.deployDirectory Deploying web application directory [/Users/balakumaranb/JavaServerProjects/apache-tomcat-9.0.82/webapps/host-manager]
02-Nov-2023 12:28:13.205 INFO [main] org.apache.catalina.startup.HostConfig.deployDirectory Deployment of web application directory [/Users/balakumaranb/JavaServerProjects/apache-tomcat-9.0.82/webapps/host-manager] has finished in [8] ms
02-Nov-2023 12:28:13.207 INFO [main] org.apache.coyote.AbstractProtocol.start Starting ProtocolHandler ["http-nio-8080"]
02-Nov-2023 12:28:13.212 INFO [main] org.apache.catalina.startup.Catalina.start Server startup in [339] milliseconds
02-Nov-2023 12:33:53.515 INFO [Catalina-utility-1] org.apache.catalina.startup.HostConfig.reload Reloading context [/BattleShip]
02-Nov-2023 12:33:53.520 INFO [Catalina-utility-1] org.apache.catalina.core.StandardContext.reload Reloading Context with name [/BattleShip] has started
02-Nov-2023 12:33:53.569 INFO [Catalina-utility-1] org.apache.catalina.core.StandardContext.reload Reloading Context with name [/BattleShip] is completed
02-Nov-2023 12:38:02.244 INFO [http-nio-8080-exec-15] org.apache.catalina.core.StandardContext.reload Reloading Context with name [/BattleShip] has started
02-Nov-2023 12:38:02.282 INFO [http-nio-8080-exec-15] org.apache.catalina.core.StandardContext.reload Reloading Context with name [/BattleShip] is completed
02-Nov-2023 12:38:23.765 INFO [Catalina-utility-2] org.apache.catalina.startup.HostConfig.reload Reloading context [/BattleShip]
02-Nov-2023 12:38:23.769 INFO [Catalina-utility-2] org.apache.catalina.core.StandardContext.reload Reloading Context with name [/BattleShip] has started
02-Nov-2023 12:38:23.801 INFO [Catalina-utility-2] org.apache.catalina.core.StandardContext.reload Reloading Context with name [/BattleShip] is completed
02-Nov-2023 12:38:32.692 INFO [main] org.apache.catalina.core.StandardServer.await A valid shutdown command was received via the shutdown port. Stopping the Server instance.
02-Nov-2023 12:38:32.693 INFO [main] org.apache.coyote.AbstractProtocol.pause Pausing ProtocolHandler ["http-nio-8080"]
02-Nov-2023 12:38:32.694 INFO [main] org.apache.catalina.core.StandardService.stopInternal Stopping service [Catalina]
02-Nov-2023 12:38:32.705 INFO [main] org.apache.coyote.AbstractProtocol.stop Stopping ProtocolHandler ["http-nio-8080"]
02-Nov-2023 12:38:32.717 INFO [main] org.apache.coyote.AbstractProtocol.destroy Destroying ProtocolHandler ["http-nio-8080"]
02-Nov-2023 12:38:35.950 INFO [main] org.apache.catalina.startup.VersionLoggerListener.log Server version name:   Apache Tomcat/9.0.82
02-Nov-2023 12:38:35.951 INFO [main] org.apache.catalina.startup.VersionLoggerListener.log Server built:          Oct 11 2023 13:15:08 UTC
02-Nov-2023 12:38:35.952 INFO [main] org.apache.catalina.startup.VersionLoggerListener.log Server version number: 9.0.82.0
02-Nov-2023 12:38:35.952 INFO [main] org.apache.catalina.startup.VersionLoggerListener.log OS Name:               Mac OS X
02-Nov-2023 12:38:35.952 INFO [main] org.apache.catalina.startup.VersionLoggerListener.log OS Version:            14.1
02-Nov-2023 12:38:35.952 INFO [main] org.apache.catalina.startup.VersionLoggerListener.log Architecture:          aarch64
02-Nov-2023 12:38:35.952 INFO [main] org.apache.catalina.startup.VersionLoggerListener.log Java Home:             /Library/Java/JavaVirtualMachines/temurin-17.jdk/Contents/Home
02-Nov-2023 12:38:35.952 INFO [main] org.apache.catalina.startup.VersionLoggerListener.log JVM Version:           17.0.8.1+1
02-Nov-2023 12:38:35.952 INFO [main] org.apache.catalina.startup.VersionLoggerListener.log JVM Vendor:            Eclipse Adoptium
02-Nov-2023 12:38:35.952 INFO [main] org.apache.catalina.startup.VersionLoggerListener.log CATALINA_BASE:         /Users/balakumaranb/JavaServerProjects/apache-tomcat-9.0.82
02-Nov-2023 12:38:35.952 INFO [main] org.apache.catalina.startup.VersionLoggerListener.log CATALINA_HOME:         /Users/balakumaranb/JavaServerProjects/apache-tomcat-9.0.82
02-Nov-2023 12:38:35.958 INFO [main] org.apache.catalina.startup.VersionLoggerListener.log Command line argument: --add-opens=java.base/java.lang=ALL-UNNAMED
02-Nov-2023 12:38:35.958 INFO [main] org.apache.catalina.startup.VersionLoggerListener.log Command line argument: --add-opens=java.base/java.io=ALL-UNNAMED
02-Nov-2023 12:38:35.958 INFO [main] org.apache.catalina.startup.VersionLoggerListener.log Command line argument: --add-opens=java.base/java.util=ALL-UNNAMED
02-Nov-2023 12:38:35.958 INFO [main] org.apache.catalina.startup.VersionLoggerListener.log Command line argument: --add-opens=java.base/java.util.concurrent=ALL-UNNAMED
02-Nov-2023 12:38:35.958 INFO [main] org.apache.catalina.startup.VersionLoggerListener.log Command line argument: --add-opens=java.rmi/sun.rmi.transport=ALL-UNNAMED
02-Nov-2023 12:38:35.958 INFO [main] org.apache.catalina.startup.VersionLoggerListener.log Command line argument: -Djava.util.logging.config.file=/Users/balakumaranb/JavaServerProjects/apache-tomcat-9.0.82/conf/logging.properties
02-Nov-2023 12:38:35.958 INFO [main] org.apache.catalina.startup.VersionLoggerListener.log Command line argument: -Djava.util.logging.manager=org.apache.juli.ClassLoaderLogManager
02-Nov-2023 12:38:35.958 INFO [main] org.apache.catalina.startup.VersionLoggerListener.log Command line argument: -Djdk.tls.ephemeralDHKeySize=2048
02-Nov-2023 12:38:35.958 INFO [main] org.apache.catalina.startup.VersionLoggerListener.log Command line argument: -Djava.protocol.handler.pkgs=org.apache.catalina.webresources
02-Nov-2023 12:38:35.958 INFO [main] org.apache.catalina.startup.VersionLoggerListener.log Command line argument: -Dorg.apache.catalina.security.SecurityListener.UMASK=0027
02-Nov-2023 12:38:35.958 INFO [main] org.apache.catalina.startup.VersionLoggerListener.log Command line argument: -Dignore.endorsed.dirs=
02-Nov-2023 12:38:35.958 INFO [main] org.apache.catalina.startup.VersionLoggerListener.log Command line argument: -Dcatalina.base=/Users/balakumaranb/JavaServerProjects/apache-tomcat-9.0.82
02-Nov-2023 12:38:35.958 INFO [main] org.apache.catalina.startup.VersionLoggerListener.log Command line argument: -Dcatalina.home=/Users/balakumaranb/JavaServerProjects/apache-tomcat-9.0.82
02-Nov-2023 12:38:35.958 INFO [main] org.apache.catalina.startup.VersionLoggerListener.log Command line argument: -Djava.io.tmpdir=/Users/balakumaranb/JavaServerProjects/apache-tomcat-9.0.82/temp
02-Nov-2023 12:38:35.962 INFO [main] org.apache.catalina.core.AprLifecycleListener.lifecycleEvent The Apache Tomcat Native library which allows using OpenSSL was not found on the java.library.path: [/Users/balakumaranb/Library/Java/Extensions:/Library/Java/Extensions:/Network/Library/Java/Extensions:/System/Library/Java/Extensions:/usr/lib/java:.]
02-Nov-2023 12:38:36.088 INFO [main] org.apache.coyote.AbstractProtocol.init Initializing ProtocolHandler ["http-nio-8080"]
02-Nov-2023 12:38:36.101 INFO [main] org.apache.catalina.startup.Catalina.load Server initialization in [233] milliseconds
02-Nov-2023 12:38:36.119 INFO [main] org.apache.catalina.core.StandardService.startInternal Starting service [Catalina]
02-Nov-2023 12:38:36.119 INFO [main] org.apache.catalina.core.StandardEngine.startInternal Starting Servlet engine: [Apache Tomcat/9.0.82]
02-Nov-2023 12:38:36.122 INFO [main] org.apache.catalina.startup.HostConfig.deployDirectory Deploying web application directory [/Users/balakumaranb/JavaServerProjects/apache-tomcat-9.0.82/webapps/docs]
02-Nov-2023 12:38:36.237 INFO [main] org.apache.catalina.startup.HostConfig.deployDirectory Deployment of web application directory [/Users/balakumaranb/JavaServerProjects/apache-tomcat-9.0.82/webapps/docs] has finished in [115] ms
02-Nov-2023 12:38:36.237 INFO [main] org.apache.catalina.startup.HostConfig.deployDirectory Deploying web application directory [/Users/balakumaranb/JavaServerProjects/apache-tomcat-9.0.82/webapps/BattleShip]
02-Nov-2023 12:38:36.264 INFO [main] org.apache.catalina.startup.HostConfig.deployDirectory Deployment of web application directory [/Users/balakumaranb/JavaServerProjects/apache-tomcat-9.0.82/webapps/BattleShip] has finished in [27] ms
02-Nov-2023 12:38:36.264 INFO [main] org.apache.catalina.startup.HostConfig.deployDirectory Deploying web application directory [/Users/balakumaranb/JavaServerProjects/apache-tomcat-9.0.82/webapps/manager]
02-Nov-2023 12:38:36.287 INFO [main] org.apache.catalina.startup.HostConfig.deployDirectory Deployment of web application directory [/Users/balakumaranb/JavaServerProjects/apache-tomcat-9.0.82/webapps/manager] has finished in [23] ms
02-Nov-2023 12:38:36.288 INFO [main] org.apache.catalina.startup.HostConfig.deployDirectory Deploying web application directory [/Users/balakumaranb/JavaServerProjects/apache-tomcat-9.0.82/webapps/examples]
02-Nov-2023 12:38:36.378 INFO [main] org.apache.catalina.startup.HostConfig.deployDirectory Deployment of web application directory [/Users/balakumaranb/JavaServerProjects/apache-tomcat-9.0.82/webapps/examples] has finished in [90] ms
02-Nov-2023 12:38:36.378 INFO [main] org.apache.catalina.startup.HostConfig.deployDirectory Deploying web application directory [/Users/balakumaranb/JavaServerProjects/apache-tomcat-9.0.82/webapps/ROOT]
02-Nov-2023 12:38:36.388 INFO [main] org.apache.catalina.startup.HostConfig.deployDirectory Deployment of web application directory [/Users/balakumaranb/JavaServerProjects/apache-tomcat-9.0.82/webapps/ROOT] has finished in [10] ms
02-Nov-2023 12:38:36.388 INFO [main] org.apache.catalina.startup.HostConfig.deployDirectory Deploying web application directory [/Users/balakumaranb/JavaServerProjects/apache-tomcat-9.0.82/webapps/.vscode]
02-Nov-2023 12:38:36.398 INFO [main] org.apache.catalina.startup.HostConfig.deployDirectory Deployment of web application directory [/Users/balakumaranb/JavaServerProjects/apache-tomcat-9.0.82/webapps/.vscode] has finished in [10] ms
02-Nov-2023 12:38:36.398 INFO [main] org.apache.catalina.startup.HostConfig.deployDirectory Deploying web application directory [/Users/balakumaranb/JavaServerProjects/apache-tomcat-9.0.82/webapps/host-manager]
02-Nov-2023 12:38:36.407 INFO [main] org.apache.catalina.startup.HostConfig.deployDirectory Deployment of web application directory [/Users/balakumaranb/JavaServerProjects/apache-tomcat-9.0.82/webapps/host-manager] has finished in [9] ms
02-Nov-2023 12:38:36.409 INFO [main] org.apache.coyote.AbstractProtocol.start Starting ProtocolHandler ["http-nio-8080"]
02-Nov-2023 12:38:36.414 INFO [main] org.apache.catalina.startup.Catalina.start Server startup in [312] milliseconds
02-Nov-2023 12:39:15.314 INFO [http-nio-8080-exec-9] org.apache.catalina.core.StandardContext.reload Reloading Context with name [/BattleShip] has started
02-Nov-2023 12:39:15.342 INFO [http-nio-8080-exec-9] org.apache.catalina.core.StandardContext.reload Reloading Context with name [/BattleShip] is completed
02-Nov-2023 12:39:16.857 INFO [http-nio-8080-exec-1] org.apache.catalina.startup.HostConfig.undeploy Undeploying context [/BattleShip]
02-Nov-2023 12:39:17.374 INFO [Catalina-utility-1] org.apache.catalina.startup.HostConfig.undeploy Undeploying context [/BattleShip]
02-Nov-2023 12:39:59.362 INFO [main] org.apache.catalina.core.StandardServer.await A valid shutdown command was received via the shutdown port. Stopping the Server instance.
02-Nov-2023 12:39:59.362 INFO [main] org.apache.coyote.AbstractProtocol.pause Pausing ProtocolHandler ["http-nio-8080"]
02-Nov-2023 12:39:59.364 INFO [main] org.apache.catalina.core.StandardService.stopInternal Stopping service [Catalina]
02-Nov-2023 12:39:59.372 INFO [main] org.apache.coyote.AbstractProtocol.stop Stopping ProtocolHandler ["http-nio-8080"]
02-Nov-2023 12:39:59.374 INFO [main] org.apache.coyote.AbstractProtocol.destroy Destroying ProtocolHandler ["http-nio-8080"]
02-Nov-2023 12:40:02.375 INFO [main] org.apache.catalina.startup.VersionLoggerListener.log Server version name:   Apache Tomcat/9.0.82
02-Nov-2023 12:40:02.376 INFO [main] org.apache.catalina.startup.VersionLoggerListener.log Server built:          Oct 11 2023 13:15:08 UTC
02-Nov-2023 12:40:02.377 INFO [main] org.apache.catalina.startup.VersionLoggerListener.log Server version number: 9.0.82.0
02-Nov-2023 12:40:02.377 INFO [main] org.apache.catalina.startup.VersionLoggerListener.log OS Name:               Mac OS X
02-Nov-2023 12:40:02.377 INFO [main] org.apache.catalina.startup.VersionLoggerListener.log OS Version:            14.1
02-Nov-2023 12:40:02.377 INFO [main] org.apache.catalina.startup.VersionLoggerListener.log Architecture:          aarch64
02-Nov-2023 12:40:02.377 INFO [main] org.apache.catalina.startup.VersionLoggerListener.log Java Home:             /Library/Java/JavaVirtualMachines/temurin-17.jdk/Contents/Home
02-Nov-2023 12:40:02.377 INFO [main] org.apache.catalina.startup.VersionLoggerListener.log JVM Version:           17.0.8.1+1
02-Nov-2023 12:40:02.377 INFO [main] org.apache.catalina.startup.VersionLoggerListener.log JVM Vendor:            Eclipse Adoptium
02-Nov-2023 12:40:02.377 INFO [main] org.apache.catalina.startup.VersionLoggerListener.log CATALINA_BASE:         /Users/balakumaranb/JavaServerProjects/apache-tomcat-9.0.82
02-Nov-2023 12:40:02.377 INFO [main] org.apache.catalina.startup.VersionLoggerListener.log CATALINA_HOME:         /Users/balakumaranb/JavaServerProjects/apache-tomcat-9.0.82
02-Nov-2023 12:40:02.384 INFO [main] org.apache.catalina.startup.VersionLoggerListener.log Command line argument: --add-opens=java.base/java.lang=ALL-UNNAMED
02-Nov-2023 12:40:02.384 INFO [main] org.apache.catalina.startup.VersionLoggerListener.log Command line argument: --add-opens=java.base/java.io=ALL-UNNAMED
02-Nov-2023 12:40:02.384 INFO [main] org.apache.catalina.startup.VersionLoggerListener.log Command line argument: --add-opens=java.base/java.util=ALL-UNNAMED
02-Nov-2023 12:40:02.384 INFO [main] org.apache.catalina.startup.VersionLoggerListener.log Command line argument: --add-opens=java.base/java.util.concurrent=ALL-UNNAMED
02-Nov-2023 12:40:02.384 INFO [main] org.apache.catalina.startup.VersionLoggerListener.log Command line argument: --add-opens=java.rmi/sun.rmi.transport=ALL-UNNAMED
02-Nov-2023 12:40:02.384 INFO [main] org.apache.catalina.startup.VersionLoggerListener.log Command line argument: -Djava.util.logging.config.file=/Users/balakumaranb/JavaServerProjects/apache-tomcat-9.0.82/conf/logging.properties
02-Nov-2023 12:40:02.384 INFO [main] org.apache.catalina.startup.VersionLoggerListener.log Command line argument: -Djava.util.logging.manager=org.apache.juli.ClassLoaderLogManager
02-Nov-2023 12:40:02.384 INFO [main] org.apache.catalina.startup.VersionLoggerListener.log Command line argument: -Djdk.tls.ephemeralDHKeySize=2048
02-Nov-2023 12:40:02.384 INFO [main] org.apache.catalina.startup.VersionLoggerListener.log Command line argument: -Djava.protocol.handler.pkgs=org.apache.catalina.webresources
02-Nov-2023 12:40:02.384 INFO [main] org.apache.catalina.startup.VersionLoggerListener.log Command line argument: -Dorg.apache.catalina.security.SecurityListener.UMASK=0027
02-Nov-2023 12:40:02.384 INFO [main] org.apache.catalina.startup.VersionLoggerListener.log Command line argument: -Dignore.endorsed.dirs=
02-Nov-2023 12:40:02.384 INFO [main] org.apache.catalina.startup.VersionLoggerListener.log Command line argument: -Dcatalina.base=/Users/balakumaranb/JavaServerProjects/apache-tomcat-9.0.82
02-Nov-2023 12:40:02.384 INFO [main] org.apache.catalina.startup.VersionLoggerListener.log Command line argument: -Dcatalina.home=/Users/balakumaranb/JavaServerProjects/apache-tomcat-9.0.82
02-Nov-2023 12:40:02.384 INFO [main] org.apache.catalina.startup.VersionLoggerListener.log Command line argument: -Djava.io.tmpdir=/Users/balakumaranb/JavaServerProjects/apache-tomcat-9.0.82/temp
02-Nov-2023 12:40:02.388 INFO [main] org.apache.catalina.core.AprLifecycleListener.lifecycleEvent The Apache Tomcat Native library which allows using OpenSSL was not found on the java.library.path: [/Users/balakumaranb/Library/Java/Extensions:/Library/Java/Extensions:/Network/Library/Java/Extensions:/System/Library/Java/Extensions:/usr/lib/java:.]
02-Nov-2023 12:40:02.513 INFO [main] org.apache.coyote.AbstractProtocol.init Initializing ProtocolHandler ["http-nio-8080"]
02-Nov-2023 12:40:02.527 INFO [main] org.apache.catalina.startup.Catalina.load Server initialization in [234] milliseconds
02-Nov-2023 12:40:02.546 INFO [main] org.apache.catalina.core.StandardService.startInternal Starting service [Catalina]
02-Nov-2023 12:40:02.546 INFO [main] org.apache.catalina.core.StandardEngine.startInternal Starting Servlet engine: [Apache Tomcat/9.0.82]
02-Nov-2023 12:40:02.549 INFO [main] org.apache.catalina.startup.HostConfig.deployDirectory Deploying web application directory [/Users/balakumaranb/JavaServerProjects/apache-tomcat-9.0.82/webapps/docs]
02-Nov-2023 12:40:02.667 INFO [main] org.apache.catalina.startup.HostConfig.deployDirectory Deployment of web application directory [/Users/balakumaranb/JavaServerProjects/apache-tomcat-9.0.82/webapps/docs] has finished in [117] ms
02-Nov-2023 12:40:02.667 INFO [main] org.apache.catalina.startup.HostConfig.deployDirectory Deploying web application directory [/Users/balakumaranb/JavaServerProjects/apache-tomcat-9.0.82/webapps/manager]
02-Nov-2023 12:40:02.695 INFO [main] org.apache.catalina.startup.HostConfig.deployDirectory Deployment of web application directory [/Users/balakumaranb/JavaServerProjects/apache-tomcat-9.0.82/webapps/manager] has finished in [28] ms
02-Nov-2023 12:40:02.695 INFO [main] org.apache.catalina.startup.HostConfig.deployDirectory Deploying web application directory [/Users/balakumaranb/JavaServerProjects/apache-tomcat-9.0.82/webapps/examples]
02-Nov-2023 12:40:02.794 INFO [main] org.apache.catalina.startup.HostConfig.deployDirectory Deployment of web application directory [/Users/balakumaranb/JavaServerProjects/apache-tomcat-9.0.82/webapps/examples] has finished in [99] ms
02-Nov-2023 12:40:02.795 INFO [main] org.apache.catalina.startup.HostConfig.deployDirectory Deploying web application directory [/Users/balakumaranb/JavaServerProjects/apache-tomcat-9.0.82/webapps/ROOT]
02-Nov-2023 12:40:02.803 INFO [main] org.apache.catalina.startup.HostConfig.deployDirectory Deployment of web application directory [/Users/balakumaranb/JavaServerProjects/apache-tomcat-9.0.82/webapps/ROOT] has finished in [8] ms
02-Nov-2023 12:40:02.803 INFO [main] org.apache.catalina.startup.HostConfig.deployDirectory Deploying web application directory [/Users/balakumaranb/JavaServerProjects/apache-tomcat-9.0.82/webapps/.vscode]
02-Nov-2023 12:40:02.815 INFO [main] org.apache.catalina.startup.HostConfig.deployDirectory Deployment of web application directory [/Users/balakumaranb/JavaServerProjects/apache-tomcat-9.0.82/webapps/.vscode] has finished in [12] ms
02-Nov-2023 12:40:02.815 INFO [main] org.apache.catalina.startup.HostConfig.deployDirectory Deploying web application directory [/Users/balakumaranb/JavaServerProjects/apache-tomcat-9.0.82/webapps/host-manager]
02-Nov-2023 12:40:02.830 INFO [main] org.apache.catalina.startup.HostConfig.deployDirectory Deployment of web application directory [/Users/balakumaranb/JavaServerProjects/apache-tomcat-9.0.82/webapps/host-manager] has finished in [15] ms
02-Nov-2023 12:40:02.831 INFO [main] org.apache.coyote.AbstractProtocol.start Starting ProtocolHandler ["http-nio-8080"]
02-Nov-2023 12:40:02.837 INFO [main] org.apache.catalina.startup.Catalina.start Server startup in [309] milliseconds
02-Nov-2023 12:46:13.104 INFO [Catalina-utility-1] org.apache.catalina.startup.HostConfig.deployDirectory Deploying web application directory [/Users/balakumaranb/JavaServerProjects/apache-tomcat-9.0.82/webapps/BattleShip]
02-Nov-2023 12:46:13.150 INFO [Catalina-utility-1] org.apache.catalina.startup.HostConfig.deployDirectory Deployment of web application directory [/Users/balakumaranb/JavaServerProjects/apache-tomcat-9.0.82/webapps/BattleShip] has finished in [46] ms
02-Nov-2023 12:48:23.846 INFO [main] org.apache.catalina.core.StandardServer.await A valid shutdown command was received via the shutdown port. Stopping the Server instance.
02-Nov-2023 12:48:23.847 INFO [main] org.apache.coyote.AbstractProtocol.pause Pausing ProtocolHandler ["http-nio-8080"]
02-Nov-2023 12:48:23.849 INFO [main] org.apache.catalina.core.StandardService.stopInternal Stopping service [Catalina]
02-Nov-2023 12:48:23.862 INFO [main] org.apache.coyote.AbstractProtocol.stop Stopping ProtocolHandler ["http-nio-8080"]
02-Nov-2023 12:48:23.874 INFO [main] org.apache.coyote.AbstractProtocol.destroy Destroying ProtocolHandler ["http-nio-8080"]
02-Nov-2023 12:48:30.063 INFO [main] org.apache.catalina.startup.VersionLoggerListener.log Server version name:   Apache Tomcat/9.0.82
02-Nov-2023 12:48:30.065 INFO [main] org.apache.catalina.startup.VersionLoggerListener.log Server built:          Oct 11 2023 13:15:08 UTC
02-Nov-2023 12:48:30.065 INFO [main] org.apache.catalina.startup.VersionLoggerListener.log Server version number: 9.0.82.0
02-Nov-2023 12:48:30.065 INFO [main] org.apache.catalina.startup.VersionLoggerListener.log OS Name:               Mac OS X
02-Nov-2023 12:48:30.065 INFO [main] org.apache.catalina.startup.VersionLoggerListener.log OS Version:            14.1
02-Nov-2023 12:48:30.065 INFO [main] org.apache.catalina.startup.VersionLoggerListener.log Architecture:          aarch64
02-Nov-2023 12:48:30.065 INFO [main] org.apache.catalina.startup.VersionLoggerListener.log Java Home:             /Library/Java/JavaVirtualMachines/temurin-17.jdk/Contents/Home
02-Nov-2023 12:48:30.065 INFO [main] org.apache.catalina.startup.VersionLoggerListener.log JVM Version:           17.0.8.1+1
02-Nov-2023 12:48:30.065 INFO [main] org.apache.catalina.startup.VersionLoggerListener.log JVM Vendor:            Eclipse Adoptium
02-Nov-2023 12:48:30.065 INFO [main] org.apache.catalina.startup.VersionLoggerListener.log CATALINA_BASE:         /Users/balakumaranb/JavaServerProjects/apache-tomcat-9.0.82
02-Nov-2023 12:48:30.065 INFO [main] org.apache.catalina.startup.VersionLoggerListener.log CATALINA_HOME:         /Users/balakumaranb/JavaServerProjects/apache-tomcat-9.0.82
02-Nov-2023 12:48:30.072 INFO [main] org.apache.catalina.startup.VersionLoggerListener.log Command line argument: --add-opens=java.base/java.lang=ALL-UNNAMED
02-Nov-2023 12:48:30.072 INFO [main] org.apache.catalina.startup.VersionLoggerListener.log Command line argument: --add-opens=java.base/java.io=ALL-UNNAMED
02-Nov-2023 12:48:30.072 INFO [main] org.apache.catalina.startup.VersionLoggerListener.log Command line argument: --add-opens=java.base/java.util=ALL-UNNAMED
02-Nov-2023 12:48:30.072 INFO [main] org.apache.catalina.startup.VersionLoggerListener.log Command line argument: --add-opens=java.base/java.util.concurrent=ALL-UNNAMED
02-Nov-2023 12:48:30.072 INFO [main] org.apache.catalina.startup.VersionLoggerListener.log Command line argument: --add-opens=java.rmi/sun.rmi.transport=ALL-UNNAMED
02-Nov-2023 12:48:30.072 INFO [main] org.apache.catalina.startup.VersionLoggerListener.log Command line argument: -Djava.util.logging.config.file=/Users/balakumaranb/JavaServerProjects/apache-tomcat-9.0.82/conf/logging.properties
02-Nov-2023 12:48:30.072 INFO [main] org.apache.catalina.startup.VersionLoggerListener.log Command line argument: -Djava.util.logging.manager=org.apache.juli.ClassLoaderLogManager
02-Nov-2023 12:48:30.072 INFO [main] org.apache.catalina.startup.VersionLoggerListener.log Command line argument: -Djdk.tls.ephemeralDHKeySize=2048
02-Nov-2023 12:48:30.072 INFO [main] org.apache.catalina.startup.VersionLoggerListener.log Command line argument: -Djava.protocol.handler.pkgs=org.apache.catalina.webresources
02-Nov-2023 12:48:30.072 INFO [main] org.apache.catalina.startup.VersionLoggerListener.log Command line argument: -Dorg.apache.catalina.security.SecurityListener.UMASK=0027
02-Nov-2023 12:48:30.072 INFO [main] org.apache.catalina.startup.VersionLoggerListener.log Command line argument: -Dignore.endorsed.dirs=
02-Nov-2023 12:48:30.072 INFO [main] org.apache.catalina.startup.VersionLoggerListener.log Command line argument: -Dcatalina.base=/Users/balakumaranb/JavaServerProjects/apache-tomcat-9.0.82
02-Nov-2023 12:48:30.073 INFO [main] org.apache.catalina.startup.VersionLoggerListener.log Command line argument: -Dcatalina.home=/Users/balakumaranb/JavaServerProjects/apache-tomcat-9.0.82
02-Nov-2023 12:48:30.073 INFO [main] org.apache.catalina.startup.VersionLoggerListener.log Command line argument: -Djava.io.tmpdir=/Users/balakumaranb/JavaServerProjects/apache-tomcat-9.0.82/temp
02-Nov-2023 12:48:30.077 INFO [main] org.apache.catalina.core.AprLifecycleListener.lifecycleEvent The Apache Tomcat Native library which allows using OpenSSL was not found on the java.library.path: [/Users/balakumaranb/Library/Java/Extensions:/Library/Java/Extensions:/Network/Library/Java/Extensions:/System/Library/Java/Extensions:/usr/lib/java:.]
02-Nov-2023 12:48:30.200 INFO [main] org.apache.coyote.AbstractProtocol.init Initializing ProtocolHandler ["http-nio-8080"]
02-Nov-2023 12:48:30.214 INFO [main] org.apache.catalina.startup.Catalina.load Server initialization in [231] milliseconds
02-Nov-2023 12:48:30.231 INFO [main] org.apache.catalina.core.StandardService.startInternal Starting service [Catalina]
02-Nov-2023 12:48:30.232 INFO [main] org.apache.catalina.core.StandardEngine.startInternal Starting Servlet engine: [Apache Tomcat/9.0.82]
02-Nov-2023 12:48:30.235 INFO [main] org.apache.catalina.startup.HostConfig.deployDirectory Deploying web application directory [/Users/balakumaranb/JavaServerProjects/apache-tomcat-9.0.82/webapps/docs]
02-Nov-2023 12:48:30.351 INFO [main] org.apache.catalina.startup.HostConfig.deployDirectory Deployment of web application directory [/Users/balakumaranb/JavaServerProjects/apache-tomcat-9.0.82/webapps/docs] has finished in [116] ms
02-Nov-2023 12:48:30.351 INFO [main] org.apache.catalina.startup.HostConfig.deployDirectory Deploying web application directory [/Users/balakumaranb/JavaServerProjects/apache-tomcat-9.0.82/webapps/BattleShip]
02-Nov-2023 12:48:30.380 INFO [main] org.apache.catalina.startup.HostConfig.deployDirectory Deployment of web application directory [/Users/balakumaranb/JavaServerProjects/apache-tomcat-9.0.82/webapps/BattleShip] has finished in [29] ms
02-Nov-2023 12:48:30.380 INFO [main] org.apache.catalina.startup.HostConfig.deployDirectory Deploying web application directory [/Users/balakumaranb/JavaServerProjects/apache-tomcat-9.0.82/webapps/manager]
02-Nov-2023 12:48:30.405 INFO [main] org.apache.catalina.startup.HostConfig.deployDirectory Deployment of web application directory [/Users/balakumaranb/JavaServerProjects/apache-tomcat-9.0.82/webapps/manager] has finished in [25] ms
02-Nov-2023 12:48:30.405 INFO [main] org.apache.catalina.startup.HostConfig.deployDirectory Deploying web application directory [/Users/balakumaranb/JavaServerProjects/apache-tomcat-9.0.82/webapps/examples]
02-Nov-2023 12:48:30.496 INFO [main] org.apache.catalina.startup.HostConfig.deployDirectory Deployment of web application directory [/Users/balakumaranb/JavaServerProjects/apache-tomcat-9.0.82/webapps/examples] has finished in [91] ms
02-Nov-2023 12:48:30.496 INFO [main] org.apache.catalina.startup.HostConfig.deployDirectory Deploying web application directory [/Users/balakumaranb/JavaServerProjects/apache-tomcat-9.0.82/webapps/ROOT]
02-Nov-2023 12:48:30.506 INFO [main] org.apache.catalina.startup.HostConfig.deployDirectory Deployment of web application directory [/Users/balakumaranb/JavaServerProjects/apache-tomcat-9.0.82/webapps/ROOT] has finished in [10] ms
02-Nov-2023 12:48:30.506 INFO [main] org.apache.catalina.startup.HostConfig.deployDirectory Deploying web application directory [/Users/balakumaranb/JavaServerProjects/apache-tomcat-9.0.82/webapps/.vscode]
02-Nov-2023 12:48:30.516 INFO [main] org.apache.catalina.startup.HostConfig.deployDirectory Deployment of web application directory [/Users/balakumaranb/JavaServerProjects/apache-tomcat-9.0.82/webapps/.vscode] has finished in [10] ms
02-Nov-2023 12:48:30.516 INFO [main] org.apache.catalina.startup.HostConfig.deployDirectory Deploying web application directory [/Users/balakumaranb/JavaServerProjects/apache-tomcat-9.0.82/webapps/host-manager]
02-Nov-2023 12:48:30.526 INFO [main] org.apache.catalina.startup.HostConfig.deployDirectory Deployment of web application directory [/Users/balakumaranb/JavaServerProjects/apache-tomcat-9.0.82/webapps/host-manager] has finished in [10] ms
02-Nov-2023 12:48:30.527 INFO [main] org.apache.coyote.AbstractProtocol.start Starting ProtocolHandler ["http-nio-8080"]
02-Nov-2023 12:48:30.532 INFO [main] org.apache.catalina.startup.Catalina.start Server startup in [317] milliseconds
02-Nov-2023 12:50:37.863 INFO [main] org.apache.catalina.core.StandardServer.await A valid shutdown command was received via the shutdown port. Stopping the Server instance.
02-Nov-2023 12:50:37.864 INFO [main] org.apache.coyote.AbstractProtocol.pause Pausing ProtocolHandler ["http-nio-8080"]
02-Nov-2023 12:50:37.865 INFO [main] org.apache.catalina.core.StandardService.stopInternal Stopping service [Catalina]
02-Nov-2023 12:50:37.878 INFO [main] org.apache.coyote.AbstractProtocol.stop Stopping ProtocolHandler ["http-nio-8080"]
02-Nov-2023 12:50:37.889 INFO [main] org.apache.coyote.AbstractProtocol.destroy Destroying ProtocolHandler ["http-nio-8080"]
02-Nov-2023 13:14:25.752 INFO [main] org.apache.catalina.startup.VersionLoggerListener.log Server version name:   Apache Tomcat/9.0.82
02-Nov-2023 13:14:25.754 INFO [main] org.apache.catalina.startup.VersionLoggerListener.log Server built:          Oct 11 2023 13:15:08 UTC
02-Nov-2023 13:14:25.754 INFO [main] org.apache.catalina.startup.VersionLoggerListener.log Server version number: 9.0.82.0
02-Nov-2023 13:14:25.754 INFO [main] org.apache.catalina.startup.VersionLoggerListener.log OS Name:               Mac OS X
02-Nov-2023 13:14:25.754 INFO [main] org.apache.catalina.startup.VersionLoggerListener.log OS Version:            14.1
02-Nov-2023 13:14:25.754 INFO [main] org.apache.catalina.startup.VersionLoggerListener.log Architecture:          aarch64
02-Nov-2023 13:14:25.754 INFO [main] org.apache.catalina.startup.VersionLoggerListener.log Java Home:             /Library/Java/JavaVirtualMachines/temurin-17.jdk/Contents/Home
02-Nov-2023 13:14:25.754 INFO [main] org.apache.catalina.startup.VersionLoggerListener.log JVM Version:           17.0.8.1+1
02-Nov-2023 13:14:25.754 INFO [main] org.apache.catalina.startup.VersionLoggerListener.log JVM Vendor:            Eclipse Adoptium
02-Nov-2023 13:14:25.754 INFO [main] org.apache.catalina.startup.VersionLoggerListener.log CATALINA_BASE:         /Users/balakumaranb/JavaServerProjects/apache-tomcat-9.0.82
02-Nov-2023 13:14:25.754 INFO [main] org.apache.catalina.startup.VersionLoggerListener.log CATALINA_HOME:         /Users/balakumaranb/JavaServerProjects/apache-tomcat-9.0.82
02-Nov-2023 13:14:25.761 INFO [main] org.apache.catalina.startup.VersionLoggerListener.log Command line argument: --add-opens=java.base/java.lang=ALL-UNNAMED
02-Nov-2023 13:14:25.762 INFO [main] org.apache.catalina.startup.VersionLoggerListener.log Command line argument: --add-opens=java.base/java.io=ALL-UNNAMED
02-Nov-2023 13:14:25.762 INFO [main] org.apache.catalina.startup.VersionLoggerListener.log Command line argument: --add-opens=java.base/java.util=ALL-UNNAMED
02-Nov-2023 13:14:25.762 INFO [main] org.apache.catalina.startup.VersionLoggerListener.log Command line argument: --add-opens=java.base/java.util.concurrent=ALL-UNNAMED
02-Nov-2023 13:14:25.762 INFO [main] org.apache.catalina.startup.VersionLoggerListener.log Command line argument: --add-opens=java.rmi/sun.rmi.transport=ALL-UNNAMED
02-Nov-2023 13:14:25.762 INFO [main] org.apache.catalina.startup.VersionLoggerListener.log Command line argument: -Djava.util.logging.config.file=/Users/balakumaranb/JavaServerProjects/apache-tomcat-9.0.82/conf/logging.properties
02-Nov-2023 13:14:25.762 INFO [main] org.apache.catalina.startup.VersionLoggerListener.log Command line argument: -Djava.util.logging.manager=org.apache.juli.ClassLoaderLogManager
02-Nov-2023 13:14:25.762 INFO [main] org.apache.catalina.startup.VersionLoggerListener.log Command line argument: -Djdk.tls.ephemeralDHKeySize=2048
02-Nov-2023 13:14:25.762 INFO [main] org.apache.catalina.startup.VersionLoggerListener.log Command line argument: -Djava.protocol.handler.pkgs=org.apache.catalina.webresources
02-Nov-2023 13:14:25.762 INFO [main] org.apache.catalina.startup.VersionLoggerListener.log Command line argument: -Dorg.apache.catalina.security.SecurityListener.UMASK=0027
02-Nov-2023 13:14:25.762 INFO [main] org.apache.catalina.startup.VersionLoggerListener.log Command line argument: -Dignore.endorsed.dirs=
02-Nov-2023 13:14:25.762 INFO [main] org.apache.catalina.startup.VersionLoggerListener.log Command line argument: -Dcatalina.base=/Users/balakumaranb/JavaServerProjects/apache-tomcat-9.0.82
02-Nov-2023 13:14:25.762 INFO [main] org.apache.catalina.startup.VersionLoggerListener.log Command line argument: -Dcatalina.home=/Users/balakumaranb/JavaServerProjects/apache-tomcat-9.0.82
02-Nov-2023 13:14:25.762 INFO [main] org.apache.catalina.startup.VersionLoggerListener.log Command line argument: -Djava.io.tmpdir=/Users/balakumaranb/JavaServerProjects/apache-tomcat-9.0.82/temp
02-Nov-2023 13:14:25.767 INFO [main] org.apache.catalina.core.AprLifecycleListener.lifecycleEvent The Apache Tomcat Native library which allows using OpenSSL was not found on the java.library.path: [/Users/balakumaranb/Library/Java/Extensions:/Library/Java/Extensions:/Network/Library/Java/Extensions:/System/Library/Java/Extensions:/usr/lib/java:.]
02-Nov-2023 13:14:25.890 INFO [main] org.apache.coyote.AbstractProtocol.init Initializing ProtocolHandler ["http-nio-8080"]
02-Nov-2023 13:14:25.904 INFO [main] org.apache.catalina.startup.Catalina.load Server initialization in [233] milliseconds
02-Nov-2023 13:14:25.921 INFO [main] org.apache.catalina.core.StandardService.startInternal Starting service [Catalina]
02-Nov-2023 13:14:25.921 INFO [main] org.apache.catalina.core.StandardEngine.startInternal Starting Servlet engine: [Apache Tomcat/9.0.82]
02-Nov-2023 13:14:25.924 INFO [main] org.apache.catalina.startup.HostConfig.deployDirectory Deploying web application directory [/Users/balakumaranb/JavaServerProjects/apache-tomcat-9.0.82/webapps/docs]
02-Nov-2023 13:14:26.036 INFO [main] org.apache.catalina.startup.HostConfig.deployDirectory Deployment of web application directory [/Users/balakumaranb/JavaServerProjects/apache-tomcat-9.0.82/webapps/docs] has finished in [111] ms
02-Nov-2023 13:14:26.036 INFO [main] org.apache.catalina.startup.HostConfig.deployDirectory Deploying web application directory [/Users/balakumaranb/JavaServerProjects/apache-tomcat-9.0.82/webapps/BattleShip]
02-Nov-2023 13:14:26.062 INFO [main] org.apache.catalina.startup.HostConfig.deployDirectory Deployment of web application directory [/Users/balakumaranb/JavaServerProjects/apache-tomcat-9.0.82/webapps/BattleShip] has finished in [25] ms
02-Nov-2023 13:14:26.062 INFO [main] org.apache.catalina.startup.HostConfig.deployDirectory Deploying web application directory [/Users/balakumaranb/JavaServerProjects/apache-tomcat-9.0.82/webapps/manager]
02-Nov-2023 13:14:26.084 INFO [main] org.apache.catalina.startup.HostConfig.deployDirectory Deployment of web application directory [/Users/balakumaranb/JavaServerProjects/apache-tomcat-9.0.82/webapps/manager] has finished in [22] ms
02-Nov-2023 13:14:26.084 INFO [main] org.apache.catalina.startup.HostConfig.deployDirectory Deploying web application directory [/Users/balakumaranb/JavaServerProjects/apache-tomcat-9.0.82/webapps/examples]
02-Nov-2023 13:14:26.177 INFO [main] org.apache.catalina.startup.HostConfig.deployDirectory Deployment of web application directory [/Users/balakumaranb/JavaServerProjects/apache-tomcat-9.0.82/webapps/examples] has finished in [93] ms
02-Nov-2023 13:14:26.177 INFO [main] org.apache.catalina.startup.HostConfig.deployDirectory Deploying web application directory [/Users/balakumaranb/JavaServerProjects/apache-tomcat-9.0.82/webapps/ROOT]
02-Nov-2023 13:14:26.187 INFO [main] org.apache.catalina.startup.HostConfig.deployDirectory Deployment of web application directory [/Users/balakumaranb/JavaServerProjects/apache-tomcat-9.0.82/webapps/ROOT] has finished in [10] ms
02-Nov-2023 13:14:26.187 INFO [main] org.apache.catalina.startup.HostConfig.deployDirectory Deploying web application directory [/Users/balakumaranb/JavaServerProjects/apache-tomcat-9.0.82/webapps/.vscode]
02-Nov-2023 13:14:26.196 INFO [main] org.apache.catalina.startup.HostConfig.deployDirectory Deployment of web application directory [/Users/balakumaranb/JavaServerProjects/apache-tomcat-9.0.82/webapps/.vscode] has finished in [9] ms
02-Nov-2023 13:14:26.196 INFO [main] org.apache.catalina.startup.HostConfig.deployDirectory Deploying web application directory [/Users/balakumaranb/JavaServerProjects/apache-tomcat-9.0.82/webapps/host-manager]
02-Nov-2023 13:14:26.205 INFO [main] org.apache.catalina.startup.HostConfig.deployDirectory Deployment of web application directory [/Users/balakumaranb/JavaServerProjects/apache-tomcat-9.0.82/webapps/host-manager] has finished in [9] ms
02-Nov-2023 13:14:26.206 INFO [main] org.apache.coyote.AbstractProtocol.start Starting ProtocolHandler ["http-nio-8080"]
02-Nov-2023 13:14:26.211 INFO [main] org.apache.catalina.startup.Catalina.start Server startup in [306] milliseconds
02-Nov-2023 13:16:56.323 INFO [Catalina-utility-1] org.apache.catalina.startup.HostConfig.reload Reloading context [/BattleShip]
02-Nov-2023 13:16:56.326 INFO [Catalina-utility-1] org.apache.catalina.core.StandardContext.reload Reloading Context with name [/BattleShip] has started
02-Nov-2023 13:16:56.372 INFO [Catalina-utility-1] org.apache.catalina.core.StandardContext.reload Reloading Context with name [/BattleShip] is completed
02-Nov-2023 13:17:06.378 INFO [Catalina-utility-2] org.apache.catalina.startup.HostConfig.reload Reloading context [/BattleShip]
02-Nov-2023 13:17:06.382 INFO [Catalina-utility-2] org.apache.catalina.core.StandardContext.reload Reloading Context with name [/BattleShip] has started
02-Nov-2023 13:17:06.417 INFO [Catalina-utility-2] org.apache.catalina.core.StandardContext.reload Reloading Context with name [/BattleShip] is completed
02-Nov-2023 13:17:16.427 INFO [Catalina-utility-1] org.apache.catalina.startup.HostConfig.reload Reloading context [/BattleShip]
02-Nov-2023 13:17:16.428 INFO [Catalina-utility-1] org.apache.catalina.core.StandardContext.reload Reloading Context with name [/BattleShip] has started
02-Nov-2023 13:17:16.468 INFO [Catalina-utility-1] org.apache.catalina.core.StandardContext.reload Reloading Context with name [/BattleShip] is completed
02-Nov-2023 13:17:18.240 INFO [http-nio-8080-exec-9] org.apache.catalina.core.StandardContext.reload Reloading Context with name [/BattleShip] has started
02-Nov-2023 13:17:18.273 INFO [http-nio-8080-exec-9] org.apache.catalina.core.StandardContext.reload Reloading Context with name [/BattleShip] is completed
02-Nov-2023 13:17:36.480 INFO [Catalina-utility-1] org.apache.catalina.startup.HostConfig.reload Reloading context [/BattleShip]
02-Nov-2023 13:17:36.482 INFO [Catalina-utility-1] org.apache.catalina.core.StandardContext.reload Reloading Context with name [/BattleShip] has started
02-Nov-2023 13:17:36.503 INFO [Catalina-utility-1] org.apache.catalina.core.StandardContext.reload Reloading Context with name [/BattleShip] is completed
02-Nov-2023 13:17:39.757 INFO [main] org.apache.catalina.core.StandardServer.await A valid shutdown command was received via the shutdown port. Stopping the Server instance.
02-Nov-2023 13:17:39.757 INFO [main] org.apache.coyote.AbstractProtocol.pause Pausing ProtocolHandler ["http-nio-8080"]
02-Nov-2023 13:17:39.759 INFO [main] org.apache.catalina.core.StandardService.stopInternal Stopping service [Catalina]
02-Nov-2023 13:17:39.766 INFO [main] org.apache.coyote.AbstractProtocol.stop Stopping ProtocolHandler ["http-nio-8080"]
02-Nov-2023 13:17:39.769 INFO [main] org.apache.coyote.AbstractProtocol.destroy Destroying ProtocolHandler ["http-nio-8080"]
