09-Nov-2023 14:55:19.634 INFO [main] org.apache.catalina.core.ApplicationContext.log ContextListener: contextInitialized()
09-Nov-2023 14:55:19.634 INFO [main] org.apache.catalina.core.ApplicationContext.log SessionListener: contextInitialized()
09-Nov-2023 14:55:19.635 INFO [main] org.apache.catalina.core.ApplicationContext.log ContextListener: attributeAdded('StockTicker', 'async.Stockticker@79c5636f')
09-Nov-2023 15:01:10.805 INFO [main] org.apache.catalina.core.ApplicationContext.log SessionListener: contextDestroyed()
09-Nov-2023 15:01:10.805 INFO [main] org.apache.catalina.core.ApplicationContext.log ContextListener: contextDestroyed()
09-Nov-2023 15:02:23.704 INFO [main] org.apache.catalina.core.ApplicationContext.log ContextListener: contextInitialized()
09-Nov-2023 15:02:23.704 INFO [main] org.apache.catalina.core.ApplicationContext.log SessionListener: contextInitialized()
09-Nov-2023 15:02:23.705 INFO [main] org.apache.catalina.core.ApplicationContext.log ContextListener: attributeAdded('StockTicker', 'async.Stockticker@5c09d180')
09-Nov-2023 15:03:57.584 INFO [main] org.apache.catalina.core.ApplicationContext.log SessionListener: contextDestroyed()
09-Nov-2023 15:03:57.584 INFO [main] org.apache.catalina.core.ApplicationContext.log ContextListener: contextDestroyed()
09-Nov-2023 15:04:00.793 INFO [main] org.apache.catalina.core.ApplicationContext.log ContextListener: contextInitialized()
09-Nov-2023 15:04:00.793 INFO [main] org.apache.catalina.core.ApplicationContext.log SessionListener: contextInitialized()
09-Nov-2023 15:04:00.794 INFO [main] org.apache.catalina.core.ApplicationContext.log ContextListener: attributeAdded('StockTicker', 'async.Stockticker@28b576a9')
09-Nov-2023 15:04:14.016 INFO [main] org.apache.catalina.core.ApplicationContext.log SessionListener: contextDestroyed()
09-Nov-2023 15:04:14.016 INFO [main] org.apache.catalina.core.ApplicationContext.log ContextListener: contextDestroyed()
09-Nov-2023 15:08:28.244 INFO [main] org.apache.catalina.core.ApplicationContext.log ContextListener: contextInitialized()
09-Nov-2023 15:08:28.244 INFO [main] org.apache.catalina.core.ApplicationContext.log SessionListener: contextInitialized()
09-Nov-2023 15:08:28.244 INFO [main] org.apache.catalina.core.ApplicationContext.log ContextListener: attributeAdded('StockTicker', 'async.Stockticker@a68df9')
09-Nov-2023 15:08:38.815 INFO [main] org.apache.catalina.core.ApplicationContext.log SessionListener: contextDestroyed()
09-Nov-2023 15:08:38.815 INFO [main] org.apache.catalina.core.ApplicationContext.log ContextListener: contextDestroyed()
09-Nov-2023 15:09:02.681 INFO [main] org.apache.catalina.core.ApplicationContext.log ContextListener: contextInitialized()
09-Nov-2023 15:09:02.681 INFO [main] org.apache.catalina.core.ApplicationContext.log SessionListener: contextInitialized()
09-Nov-2023 15:09:02.681 INFO [main] org.apache.catalina.core.ApplicationContext.log ContextListener: attributeAdded('StockTicker', 'async.Stockticker@1b1637e1')
09-Nov-2023 15:09:27.896 INFO [main] org.apache.catalina.core.ApplicationContext.log SessionListener: contextDestroyed()
09-Nov-2023 15:09:27.896 INFO [main] org.apache.catalina.core.ApplicationContext.log ContextListener: contextDestroyed()
09-Nov-2023 15:27:23.093 INFO [main] org.apache.catalina.core.ApplicationContext.log ContextListener: contextInitialized()
09-Nov-2023 15:27:23.093 INFO [main] org.apache.catalina.core.ApplicationContext.log SessionListener: contextInitialized()
09-Nov-2023 15:27:23.094 INFO [main] org.apache.catalina.core.ApplicationContext.log ContextListener: attributeAdded('StockTicker', 'async.Stockticker@9fecdf1')
09-Nov-2023 15:28:08.910 INFO [main] org.apache.catalina.core.ApplicationContext.log SessionListener: contextDestroyed()
09-Nov-2023 15:28:08.910 INFO [main] org.apache.catalina.core.ApplicationContext.log ContextListener: contextDestroyed()
09-Nov-2023 15:28:21.807 INFO [main] org.apache.catalina.core.ApplicationContext.log ContextListener: contextInitialized()
09-Nov-2023 15:28:21.807 INFO [main] org.apache.catalina.core.ApplicationContext.log SessionListener: contextInitialized()
09-Nov-2023 15:28:21.808 INFO [main] org.apache.catalina.core.ApplicationContext.log ContextListener: attributeAdded('StockTicker', 'async.Stockticker@2472c7d8')
09-Nov-2023 15:35:56.327 INFO [main] org.apache.catalina.core.ApplicationContext.log SessionListener: contextDestroyed()
09-Nov-2023 15:35:56.327 INFO [main] org.apache.catalina.core.ApplicationContext.log ContextListener: contextDestroyed()
09-Nov-2023 15:35:59.572 INFO [main] org.apache.catalina.core.ApplicationContext.log ContextListener: contextInitialized()
09-Nov-2023 15:35:59.572 INFO [main] org.apache.catalina.core.ApplicationContext.log SessionListener: contextInitialized()
09-Nov-2023 15:35:59.573 INFO [main] org.apache.catalina.core.ApplicationContext.log ContextListener: attributeAdded('StockTicker', 'async.Stockticker@3b0f7d9d')
09-Nov-2023 15:43:00.277 INFO [main] org.apache.catalina.core.ApplicationContext.log SessionListener: contextDestroyed()
09-Nov-2023 15:43:00.277 INFO [main] org.apache.catalina.core.ApplicationContext.log ContextListener: contextDestroyed()
09-Nov-2023 19:00:36.363 INFO [main] org.apache.catalina.core.ApplicationContext.log ContextListener: contextInitialized()
09-Nov-2023 19:00:36.363 INFO [main] org.apache.catalina.core.ApplicationContext.log SessionListener: contextInitialized()
09-Nov-2023 19:00:36.364 INFO [main] org.apache.catalina.core.ApplicationContext.log ContextListener: attributeAdded('StockTicker', 'async.Stockticker@742d4e15')
09-Nov-2023 19:03:35.661 INFO [main] org.apache.catalina.core.ApplicationContext.log SessionListener: contextDestroyed()
09-Nov-2023 19:03:35.661 INFO [main] org.apache.catalina.core.ApplicationContext.log ContextListener: contextDestroyed()
09-Nov-2023 19:03:43.038 INFO [main] org.apache.catalina.core.ApplicationContext.log ContextListener: contextInitialized()
09-Nov-2023 19:03:43.038 INFO [main] org.apache.catalina.core.ApplicationContext.log SessionListener: contextInitialized()
09-Nov-2023 19:03:43.039 INFO [main] org.apache.catalina.core.ApplicationContext.log ContextListener: attributeAdded('StockTicker', 'async.Stockticker@7ba63fe5')
09-Nov-2023 19:08:25.500 INFO [main] org.apache.catalina.core.ApplicationContext.log SessionListener: contextDestroyed()
09-Nov-2023 19:08:25.500 INFO [main] org.apache.catalina.core.ApplicationContext.log ContextListener: contextDestroyed()
09-Nov-2023 19:10:05.472 INFO [main] org.apache.catalina.core.ApplicationContext.log ContextListener: contextInitialized()
09-Nov-2023 19:10:05.472 INFO [main] org.apache.catalina.core.ApplicationContext.log SessionListener: contextInitialized()
09-Nov-2023 19:10:05.473 INFO [main] org.apache.catalina.core.ApplicationContext.log ContextListener: attributeAdded('StockTicker', 'async.Stockticker@7ba63fe5')
09-Nov-2023 19:10:17.562 INFO [main] org.apache.catalina.core.ApplicationContext.log SessionListener: contextDestroyed()
09-Nov-2023 19:10:17.562 INFO [main] org.apache.catalina.core.ApplicationContext.log ContextListener: contextDestroyed()
09-Nov-2023 19:10:55.112 INFO [main] org.apache.catalina.core.ApplicationContext.log ContextListener: contextInitialized()
09-Nov-2023 19:10:55.112 INFO [main] org.apache.catalina.core.ApplicationContext.log SessionListener: contextInitialized()
09-Nov-2023 19:10:55.113 INFO [main] org.apache.catalina.core.ApplicationContext.log ContextListener: attributeAdded('StockTicker', 'async.Stockticker@2c0f7678')
09-Nov-2023 19:11:39.072 INFO [main] org.apache.catalina.core.ApplicationContext.log SessionListener: contextDestroyed()
09-Nov-2023 19:11:39.072 INFO [main] org.apache.catalina.core.ApplicationContext.log ContextListener: contextDestroyed()
09-Nov-2023 19:11:58.963 INFO [main] org.apache.catalina.core.ApplicationContext.log ContextListener: contextInitialized()
09-Nov-2023 19:11:58.963 INFO [main] org.apache.catalina.core.ApplicationContext.log SessionListener: contextInitialized()
09-Nov-2023 19:11:58.963 INFO [main] org.apache.catalina.core.ApplicationContext.log ContextListener: attributeAdded('StockTicker', 'async.Stockticker@6aa648b9')
09-Nov-2023 19:22:42.686 INFO [main] org.apache.catalina.core.ApplicationContext.log SessionListener: contextDestroyed()
09-Nov-2023 19:22:42.686 INFO [main] org.apache.catalina.core.ApplicationContext.log ContextListener: contextDestroyed()
09-Nov-2023 19:22:47.892 INFO [main] org.apache.catalina.core.ApplicationContext.log ContextListener: contextInitialized()
09-Nov-2023 19:22:47.892 INFO [main] org.apache.catalina.core.ApplicationContext.log SessionListener: contextInitialized()
09-Nov-2023 19:22:47.893 INFO [main] org.apache.catalina.core.ApplicationContext.log ContextListener: attributeAdded('StockTicker', 'async.Stockticker@2b50150')
09-Nov-2023 19:27:06.766 INFO [main] org.apache.catalina.core.ApplicationContext.log SessionListener: contextDestroyed()
09-Nov-2023 19:27:06.766 INFO [main] org.apache.catalina.core.ApplicationContext.log ContextListener: contextDestroyed()
09-Nov-2023 20:29:09.678 INFO [main] org.apache.catalina.core.ApplicationContext.log ContextListener: contextInitialized()
09-Nov-2023 20:29:09.678 INFO [main] org.apache.catalina.core.ApplicationContext.log SessionListener: contextInitialized()
09-Nov-2023 20:29:09.679 INFO [main] org.apache.catalina.core.ApplicationContext.log ContextListener: attributeAdded('StockTicker', 'async.Stockticker@2c0f7678')
09-Nov-2023 20:35:11.490 INFO [main] org.apache.catalina.core.ApplicationContext.log SessionListener: contextDestroyed()
09-Nov-2023 20:35:11.490 INFO [main] org.apache.catalina.core.ApplicationContext.log ContextListener: contextDestroyed()
09-Nov-2023 20:35:16.679 INFO [main] org.apache.catalina.core.ApplicationContext.log ContextListener: contextInitialized()
09-Nov-2023 20:35:16.679 INFO [main] org.apache.catalina.core.ApplicationContext.log SessionListener: contextInitialized()
09-Nov-2023 20:35:16.679 INFO [main] org.apache.catalina.core.ApplicationContext.log ContextListener: attributeAdded('StockTicker', 'async.Stockticker@17f460bb')
