01-Nov-2023 09:39:31.601 INFO [main] org.apache.catalina.core.ApplicationContext.log ContextListener: contextInitialized()
01-Nov-2023 09:39:31.601 INFO [main] org.apache.catalina.core.ApplicationContext.log SessionListener: contextInitialized()
01-Nov-2023 09:39:31.601 INFO [main] org.apache.catalina.core.ApplicationContext.log ContextListener: attributeAdded('StockTicker', 'async.Stockticker@6c2d4cc6')
01-Nov-2023 09:39:31.641 INFO [main] org.apache.catalina.core.ApplicationContext.log SessionListener: contextDestroyed()
01-Nov-2023 09:39:31.641 INFO [main] org.apache.catalina.core.ApplicationContext.log ContextListener: contextDestroyed()
01-Nov-2023 09:51:04.656 INFO [main] org.apache.catalina.core.ApplicationContext.log SessionListener: contextDestroyed()
01-Nov-2023 09:51:04.656 INFO [main] org.apache.catalina.core.ApplicationContext.log ContextListener: contextDestroyed()
01-Nov-2023 11:15:22.327 INFO [main] org.apache.catalina.core.ApplicationContext.log ContextListener: contextInitialized()
01-Nov-2023 11:15:22.327 INFO [main] org.apache.catalina.core.ApplicationContext.log SessionListener: contextInitialized()
01-Nov-2023 11:15:22.327 INFO [main] org.apache.catalina.core.ApplicationContext.log ContextListener: attributeAdded('StockTicker', 'async.Stockticker@4a951911')
01-Nov-2023 16:21:53.708 INFO [main] org.apache.catalina.core.ApplicationContext.log ContextListener: contextInitialized()
01-Nov-2023 16:21:53.709 INFO [main] org.apache.catalina.core.ApplicationContext.log SessionListener: contextInitialized()
01-Nov-2023 16:21:53.709 INFO [main] org.apache.catalina.core.ApplicationContext.log ContextListener: attributeAdded('StockTicker', 'async.Stockticker@273c947f')
01-Nov-2023 16:21:53.749 INFO [main] org.apache.catalina.core.ApplicationContext.log SessionListener: contextDestroyed()
01-Nov-2023 16:21:53.749 INFO [main] org.apache.catalina.core.ApplicationContext.log ContextListener: contextDestroyed()
01-Nov-2023 16:22:05.812 INFO [main] org.apache.catalina.core.ApplicationContext.log SessionListener: contextDestroyed()
01-Nov-2023 16:22:05.812 INFO [main] org.apache.catalina.core.ApplicationContext.log ContextListener: contextDestroyed()
01-Nov-2023 16:22:14.455 INFO [main] org.apache.catalina.core.ApplicationContext.log ContextListener: contextInitialized()
01-Nov-2023 16:22:14.455 INFO [main] org.apache.catalina.core.ApplicationContext.log SessionListener: contextInitialized()
01-Nov-2023 16:22:14.455 INFO [main] org.apache.catalina.core.ApplicationContext.log ContextListener: attributeAdded('StockTicker', 'async.Stockticker@3773862a')
01-Nov-2023 16:25:23.939 INFO [main] org.apache.catalina.core.ApplicationContext.log SessionListener: contextDestroyed()
01-Nov-2023 16:25:23.939 INFO [main] org.apache.catalina.core.ApplicationContext.log ContextListener: contextDestroyed()
01-Nov-2023 16:25:27.443 INFO [main] org.apache.catalina.core.ApplicationContext.log ContextListener: contextInitialized()
01-Nov-2023 16:25:27.443 INFO [main] org.apache.catalina.core.ApplicationContext.log SessionListener: contextInitialized()
01-Nov-2023 16:25:27.444 INFO [main] org.apache.catalina.core.ApplicationContext.log ContextListener: attributeAdded('StockTicker', 'async.Stockticker@5d10455d')
01-Nov-2023 16:33:38.452 INFO [main] org.apache.catalina.core.ApplicationContext.log SessionListener: contextDestroyed()
01-Nov-2023 16:33:38.452 INFO [main] org.apache.catalina.core.ApplicationContext.log ContextListener: contextDestroyed()
01-Nov-2023 16:33:42.457 INFO [main] org.apache.catalina.core.ApplicationContext.log ContextListener: contextInitialized()
01-Nov-2023 16:33:42.457 INFO [main] org.apache.catalina.core.ApplicationContext.log SessionListener: contextInitialized()
01-Nov-2023 16:33:42.457 INFO [main] org.apache.catalina.core.ApplicationContext.log ContextListener: attributeAdded('StockTicker', 'async.Stockticker@2617f816')
01-Nov-2023 16:37:30.336 INFO [main] org.apache.catalina.core.ApplicationContext.log SessionListener: contextDestroyed()
01-Nov-2023 16:37:30.336 INFO [main] org.apache.catalina.core.ApplicationContext.log ContextListener: contextDestroyed()
01-Nov-2023 16:37:34.064 INFO [main] org.apache.catalina.core.ApplicationContext.log ContextListener: contextInitialized()
01-Nov-2023 16:37:34.064 INFO [main] org.apache.catalina.core.ApplicationContext.log SessionListener: contextInitialized()
01-Nov-2023 16:37:34.064 INFO [main] org.apache.catalina.core.ApplicationContext.log ContextListener: attributeAdded('StockTicker', 'async.Stockticker@5d10455d')
01-Nov-2023 16:43:45.849 INFO [main] org.apache.catalina.core.ApplicationContext.log SessionListener: contextDestroyed()
01-Nov-2023 16:43:45.849 INFO [main] org.apache.catalina.core.ApplicationContext.log ContextListener: contextDestroyed()
01-Nov-2023 16:43:49.614 INFO [main] org.apache.catalina.core.ApplicationContext.log ContextListener: contextInitialized()
01-Nov-2023 16:43:49.614 INFO [main] org.apache.catalina.core.ApplicationContext.log SessionListener: contextInitialized()
01-Nov-2023 16:43:49.614 INFO [main] org.apache.catalina.core.ApplicationContext.log ContextListener: attributeAdded('StockTicker', 'async.Stockticker@5fa05212')
01-Nov-2023 16:46:40.980 INFO [main] org.apache.catalina.core.ApplicationContext.log SessionListener: contextDestroyed()
01-Nov-2023 16:46:40.981 INFO [main] org.apache.catalina.core.ApplicationContext.log ContextListener: contextDestroyed()
01-Nov-2023 16:50:10.574 INFO [main] org.apache.catalina.core.ApplicationContext.log ContextListener: contextInitialized()
01-Nov-2023 16:50:10.574 INFO [main] org.apache.catalina.core.ApplicationContext.log SessionListener: contextInitialized()
01-Nov-2023 16:50:10.575 INFO [main] org.apache.catalina.core.ApplicationContext.log ContextListener: attributeAdded('StockTicker', 'async.Stockticker@1929425f')
01-Nov-2023 16:50:24.197 INFO [main] org.apache.catalina.core.ApplicationContext.log SessionListener: contextDestroyed()
01-Nov-2023 16:50:24.197 INFO [main] org.apache.catalina.core.ApplicationContext.log ContextListener: contextDestroyed()
