02-Nov-2023 10:03:48.394 INFO [main] org.apache.catalina.core.ApplicationContext.log ContextListener: contextInitialized()
02-Nov-2023 10:03:48.394 INFO [main] org.apache.catalina.core.ApplicationContext.log SessionListener: contextInitialized()
02-Nov-2023 10:03:48.394 INFO [main] org.apache.catalina.core.ApplicationContext.log ContextListener: attributeAdded('StockTicker', 'async.Stockticker@7f4d9395')
02-Nov-2023 10:03:48.434 INFO [main] org.apache.catalina.core.ApplicationContext.log SessionListener: contextDestroyed()
02-Nov-2023 10:03:48.434 INFO [main] org.apache.catalina.core.ApplicationContext.log ContextListener: contextDestroyed()
02-Nov-2023 10:05:21.018 INFO [main] org.apache.catalina.core.ApplicationContext.log ContextListener: contextInitialized()
02-Nov-2023 10:05:21.018 INFO [main] org.apache.catalina.core.ApplicationContext.log SessionListener: contextInitialized()
02-Nov-2023 10:05:21.019 INFO [main] org.apache.catalina.core.ApplicationContext.log ContextListener: attributeAdded('StockTicker', 'async.Stockticker@125c082e')
02-Nov-2023 10:12:19.307 INFO [main] org.apache.catalina.core.ApplicationContext.log ContextListener: contextInitialized()
02-Nov-2023 10:12:19.307 INFO [main] org.apache.catalina.core.ApplicationContext.log SessionListener: contextInitialized()
02-Nov-2023 10:12:19.308 INFO [main] org.apache.catalina.core.ApplicationContext.log ContextListener: attributeAdded('StockTicker', 'async.Stockticker@3c49fab6')
02-Nov-2023 10:12:19.346 INFO [main] org.apache.catalina.core.ApplicationContext.log SessionListener: contextDestroyed()
02-Nov-2023 10:12:19.346 INFO [main] org.apache.catalina.core.ApplicationContext.log ContextListener: contextDestroyed()
02-Nov-2023 10:14:45.601 INFO [main] org.apache.catalina.core.ApplicationContext.log SessionListener: contextDestroyed()
02-Nov-2023 10:14:45.602 INFO [main] org.apache.catalina.core.ApplicationContext.log ContextListener: contextDestroyed()
02-Nov-2023 12:28:13.173 INFO [main] org.apache.catalina.core.ApplicationContext.log ContextListener: contextInitialized()
02-Nov-2023 12:28:13.173 INFO [main] org.apache.catalina.core.ApplicationContext.log SessionListener: contextInitialized()
02-Nov-2023 12:28:13.174 INFO [main] org.apache.catalina.core.ApplicationContext.log ContextListener: attributeAdded('StockTicker', 'async.Stockticker@2f6bbeb0')
02-Nov-2023 12:38:32.697 INFO [main] org.apache.catalina.core.ApplicationContext.log SessionListener: contextDestroyed()
02-Nov-2023 12:38:32.697 INFO [main] org.apache.catalina.core.ApplicationContext.log ContextListener: contextDestroyed()
02-Nov-2023 12:38:36.374 INFO [main] org.apache.catalina.core.ApplicationContext.log ContextListener: contextInitialized()
02-Nov-2023 12:38:36.374 INFO [main] org.apache.catalina.core.ApplicationContext.log SessionListener: contextInitialized()
02-Nov-2023 12:38:36.375 INFO [main] org.apache.catalina.core.ApplicationContext.log ContextListener: attributeAdded('StockTicker', 'async.Stockticker@50b1f030')
02-Nov-2023 12:39:59.367 INFO [main] org.apache.catalina.core.ApplicationContext.log SessionListener: contextDestroyed()
02-Nov-2023 12:39:59.367 INFO [main] org.apache.catalina.core.ApplicationContext.log ContextListener: contextDestroyed()
02-Nov-2023 12:40:02.791 INFO [main] org.apache.catalina.core.ApplicationContext.log ContextListener: contextInitialized()
02-Nov-2023 12:40:02.791 INFO [main] org.apache.catalina.core.ApplicationContext.log SessionListener: contextInitialized()
02-Nov-2023 12:40:02.792 INFO [main] org.apache.catalina.core.ApplicationContext.log ContextListener: attributeAdded('StockTicker', 'async.Stockticker@632aa1a3')
02-Nov-2023 12:48:23.856 INFO [main] org.apache.catalina.core.ApplicationContext.log SessionListener: contextDestroyed()
02-Nov-2023 12:48:23.856 INFO [main] org.apache.catalina.core.ApplicationContext.log ContextListener: contextDestroyed()
02-Nov-2023 12:48:30.492 INFO [main] org.apache.catalina.core.ApplicationContext.log ContextListener: contextInitialized()
02-Nov-2023 12:48:30.492 INFO [main] org.apache.catalina.core.ApplicationContext.log SessionListener: contextInitialized()
02-Nov-2023 12:48:30.493 INFO [main] org.apache.catalina.core.ApplicationContext.log ContextListener: attributeAdded('StockTicker', 'async.Stockticker@55b62629')
02-Nov-2023 12:50:37.871 INFO [main] org.apache.catalina.core.ApplicationContext.log SessionListener: contextDestroyed()
02-Nov-2023 12:50:37.871 INFO [main] org.apache.catalina.core.ApplicationContext.log ContextListener: contextDestroyed()
