31-Oct-2023 11:29:41.457 INFO [main] org.apache.catalina.core.ApplicationContext.log ContextListener: contextInitialized()
31-Oct-2023 11:29:41.457 INFO [main] org.apache.catalina.core.ApplicationContext.log SessionListener: contextInitialized()
31-Oct-2023 11:29:41.458 INFO [main] org.apache.catalina.core.ApplicationContext.log ContextListener: attributeAdded('StockTicker', 'async.Stockticker@29b732a2')
31-Oct-2023 11:39:05.234 INFO [main] org.apache.catalina.core.ApplicationContext.log SessionListener: contextDestroyed()
31-Oct-2023 11:39:05.234 INFO [main] org.apache.catalina.core.ApplicationContext.log ContextListener: contextDestroyed()
31-Oct-2023 11:39:13.886 INFO [main] org.apache.catalina.core.ApplicationContext.log ContextListener: contextInitialized()
31-Oct-2023 11:39:13.886 INFO [main] org.apache.catalina.core.ApplicationContext.log SessionListener: contextInitialized()
31-Oct-2023 11:39:13.887 INFO [main] org.apache.catalina.core.ApplicationContext.log ContextListener: attributeAdded('StockTicker', 'async.Stockticker@44d70181')
31-Oct-2023 11:40:29.769 INFO [main] org.apache.catalina.core.ApplicationContext.log SessionListener: contextDestroyed()
31-Oct-2023 11:40:29.769 INFO [main] org.apache.catalina.core.ApplicationContext.log ContextListener: contextDestroyed()
31-Oct-2023 14:42:23.969 INFO [main] org.apache.catalina.core.ApplicationContext.log ContextListener: contextInitialized()
31-Oct-2023 14:42:23.969 INFO [main] org.apache.catalina.core.ApplicationContext.log SessionListener: contextInitialized()
31-Oct-2023 14:42:23.970 INFO [main] org.apache.catalina.core.ApplicationContext.log ContextListener: attributeAdded('StockTicker', 'async.Stockticker@5d10455d')
31-Oct-2023 21:01:08.738 INFO [main] org.apache.catalina.core.ApplicationContext.log ContextListener: contextInitialized()
31-Oct-2023 21:01:08.738 INFO [main] org.apache.catalina.core.ApplicationContext.log SessionListener: contextInitialized()
31-Oct-2023 21:01:08.738 INFO [main] org.apache.catalina.core.ApplicationContext.log ContextListener: attributeAdded('StockTicker', 'async.Stockticker@4a8b5227')
31-Oct-2023 21:01:08.784 INFO [main] org.apache.catalina.core.ApplicationContext.log SessionListener: contextDestroyed()
31-Oct-2023 21:01:08.785 INFO [main] org.apache.catalina.core.ApplicationContext.log ContextListener: contextDestroyed()
31-Oct-2023 21:01:28.050 INFO [main] org.apache.catalina.core.ApplicationContext.log SessionListener: contextDestroyed()
31-Oct-2023 21:01:28.050 INFO [main] org.apache.catalina.core.ApplicationContext.log ContextListener: contextDestroyed()
31-Oct-2023 21:21:06.390 INFO [main] org.apache.catalina.core.ApplicationContext.log ContextListener: contextInitialized()
31-Oct-2023 21:21:06.390 INFO [main] org.apache.catalina.core.ApplicationContext.log SessionListener: contextInitialized()
31-Oct-2023 21:21:06.390 INFO [main] org.apache.catalina.core.ApplicationContext.log ContextListener: attributeAdded('StockTicker', 'async.Stockticker@4e406694')
31-Oct-2023 21:46:19.340 INFO [main] org.apache.catalina.core.ApplicationContext.log SessionListener: contextDestroyed()
31-Oct-2023 21:46:19.340 INFO [main] org.apache.catalina.core.ApplicationContext.log ContextListener: contextDestroyed()
31-Oct-2023 21:46:24.649 INFO [main] org.apache.catalina.core.ApplicationContext.log ContextListener: contextInitialized()
31-Oct-2023 21:46:24.649 INFO [main] org.apache.catalina.core.ApplicationContext.log SessionListener: contextInitialized()
31-Oct-2023 21:46:24.649 INFO [main] org.apache.catalina.core.ApplicationContext.log ContextListener: attributeAdded('StockTicker', 'async.Stockticker@4fbb001b')
31-Oct-2023 21:59:20.155 INFO [main] org.apache.catalina.core.ApplicationContext.log SessionListener: contextDestroyed()
31-Oct-2023 21:59:20.155 INFO [main] org.apache.catalina.core.ApplicationContext.log ContextListener: contextDestroyed()
31-Oct-2023 22:00:38.942 INFO [main] org.apache.catalina.core.ApplicationContext.log ContextListener: contextInitialized()
31-Oct-2023 22:00:38.942 INFO [main] org.apache.catalina.core.ApplicationContext.log SessionListener: contextInitialized()
31-Oct-2023 22:00:38.943 INFO [main] org.apache.catalina.core.ApplicationContext.log ContextListener: attributeAdded('StockTicker', 'async.Stockticker@676f0a60')
31-Oct-2023 22:32:43.992 INFO [main] org.apache.catalina.core.ApplicationContext.log SessionListener: contextDestroyed()
31-Oct-2023 22:32:43.992 INFO [main] org.apache.catalina.core.ApplicationContext.log ContextListener: contextDestroyed()
31-Oct-2023 22:32:48.159 INFO [main] org.apache.catalina.core.ApplicationContext.log ContextListener: contextInitialized()
31-Oct-2023 22:32:48.159 INFO [main] org.apache.catalina.core.ApplicationContext.log SessionListener: contextInitialized()
31-Oct-2023 22:32:48.159 INFO [main] org.apache.catalina.core.ApplicationContext.log ContextListener: attributeAdded('StockTicker', 'async.Stockticker@cda4919')
31-Oct-2023 22:33:05.302 INFO [http-nio-8080-exec-1] org.apache.catalina.core.ApplicationContext.log Marking servlet [ServletTest] as unavailable
31-Oct-2023 22:33:05.302 SEVERE [http-nio-8080-exec-1] org.apache.catalina.core.StandardWrapperValve.invoke Allocate exception for servlet [ServletTest]
	java.lang.ClassNotFoundException: ServletTest
		at org.apache.catalina.loader.WebappClassLoaderBase.loadClass(WebappClassLoaderBase.java:1329)
		at org.apache.catalina.loader.WebappClassLoaderBase.loadClass(WebappClassLoaderBase.java:1141)
		at org.apache.catalina.core.DefaultInstanceManager.loadClass(DefaultInstanceManager.java:488)
		at org.apache.catalina.core.DefaultInstanceManager.loadClassMaybePrivileged(DefaultInstanceManager.java:470)
		at org.apache.catalina.core.DefaultInstanceManager.newInstance(DefaultInstanceManager.java:142)
		at org.apache.catalina.core.StandardWrapper.loadServlet(StandardWrapper.java:1020)
		at org.apache.catalina.core.StandardWrapper.allocate(StandardWrapper.java:747)
		at org.apache.catalina.core.StandardWrapperValve.invoke(StandardWrapperValve.java:116)
		at org.apache.catalina.core.StandardContextValve.invoke(StandardContextValve.java:90)
		at org.apache.catalina.authenticator.AuthenticatorBase.invoke(AuthenticatorBase.java:481)
		at org.apache.catalina.core.StandardHostValve.invoke(StandardHostValve.java:130)
		at org.apache.catalina.valves.ErrorReportValve.invoke(ErrorReportValve.java:93)
		at org.apache.catalina.valves.AbstractAccessLogValve.invoke(AbstractAccessLogValve.java:670)
		at org.apache.catalina.core.StandardEngineValve.invoke(StandardEngineValve.java:74)
		at org.apache.catalina.connector.CoyoteAdapter.service(CoyoteAdapter.java:342)
		at org.apache.coyote.http11.Http11Processor.service(Http11Processor.java:390)
		at org.apache.coyote.AbstractProcessorLight.process(AbstractProcessorLight.java:63)
		at org.apache.coyote.AbstractProtocol$ConnectionHandler.process(AbstractProtocol.java:928)
		at org.apache.tomcat.util.net.NioEndpoint$SocketProcessor.doRun(NioEndpoint.java:1794)
		at org.apache.tomcat.util.net.SocketProcessorBase.run(SocketProcessorBase.java:52)
		at org.apache.tomcat.util.threads.ThreadPoolExecutor.runWorker(ThreadPoolExecutor.java:1191)
		at org.apache.tomcat.util.threads.ThreadPoolExecutor$Worker.run(ThreadPoolExecutor.java:659)
		at org.apache.tomcat.util.threads.TaskThread$WrappingRunnable.run(TaskThread.java:61)
		at java.base/java.lang.Thread.run(Thread.java:833)
31-Oct-2023 22:36:02.000 INFO [main] org.apache.catalina.core.ApplicationContext.log SessionListener: contextDestroyed()
31-Oct-2023 22:36:02.000 INFO [main] org.apache.catalina.core.ApplicationContext.log ContextListener: contextDestroyed()
31-Oct-2023 22:36:05.690 INFO [main] org.apache.catalina.core.ApplicationContext.log ContextListener: contextInitialized()
31-Oct-2023 22:36:05.690 INFO [main] org.apache.catalina.core.ApplicationContext.log SessionListener: contextInitialized()
31-Oct-2023 22:36:05.691 INFO [main] org.apache.catalina.core.ApplicationContext.log ContextListener: attributeAdded('StockTicker', 'async.Stockticker@26f1249d')
31-Oct-2023 22:39:05.052 INFO [main] org.apache.catalina.core.ApplicationContext.log SessionListener: contextDestroyed()
31-Oct-2023 22:39:05.052 INFO [main] org.apache.catalina.core.ApplicationContext.log ContextListener: contextDestroyed()
31-Oct-2023 22:39:09.649 INFO [main] org.apache.catalina.core.ApplicationContext.log ContextListener: contextInitialized()
31-Oct-2023 22:39:09.649 INFO [main] org.apache.catalina.core.ApplicationContext.log SessionListener: contextInitialized()
31-Oct-2023 22:39:09.650 INFO [main] org.apache.catalina.core.ApplicationContext.log ContextListener: attributeAdded('StockTicker', 'async.Stockticker@757f675c')
31-Oct-2023 22:39:22.540 INFO [main] org.apache.catalina.core.ApplicationContext.log SessionListener: contextDestroyed()
31-Oct-2023 22:39:22.540 INFO [main] org.apache.catalina.core.ApplicationContext.log ContextListener: contextDestroyed()
31-Oct-2023 22:41:03.197 INFO [main] org.apache.catalina.core.ApplicationContext.log ContextListener: contextInitialized()
31-Oct-2023 22:41:03.197 INFO [main] org.apache.catalina.core.ApplicationContext.log SessionListener: contextInitialized()
31-Oct-2023 22:41:03.197 INFO [main] org.apache.catalina.core.ApplicationContext.log ContextListener: attributeAdded('StockTicker', 'async.Stockticker@2f19f2aa')
31-Oct-2023 22:42:32.053 INFO [main] org.apache.catalina.core.ApplicationContext.log SessionListener: contextDestroyed()
31-Oct-2023 22:42:32.053 INFO [main] org.apache.catalina.core.ApplicationContext.log ContextListener: contextDestroyed()
31-Oct-2023 23:01:14.830 INFO [main] org.apache.catalina.core.ApplicationContext.log ContextListener: contextInitialized()
31-Oct-2023 23:01:14.830 INFO [main] org.apache.catalina.core.ApplicationContext.log SessionListener: contextInitialized()
31-Oct-2023 23:01:14.830 INFO [main] org.apache.catalina.core.ApplicationContext.log ContextListener: attributeAdded('StockTicker', 'async.Stockticker@48d7ad8b')
